iter	time	topo	loglik	length	alpha	Nmode	statent	statalpha	rrent	rrmean
0	0	0	-1.44077e+07	7.86926	1	12	2.65554	20	4.83386	1.04533
1	335.312	73	-8.75247e+06	12.5391	0.543921	22	2.41677	20.9311	4.75457	0.933697
2	340.603	73	-8.40905e+06	16.005	0.486053	25	2.39847	21.317	4.67004	1.08451
3	347.739	73	-8.17329e+06	18.6497	0.475256	30	2.39726	21.3095	4.60548	0.930588
4	350.799	73	-7.97582e+06	19.9524	0.475819	39	2.39946	20.2405	4.55786	1.1467
5	353.993	72	-7.93746e+06	20.7611	0.468605	41	2.38409	19.111	4.52861	1.06999
6	334.58	71	-7.73521e+06	21.5235	0.474085	44	2.38423	19.0496	4.49413	1.09308
7	358.704	72	-7.70186e+06	21.6308	0.475479	67	2.37534	19.2249	4.47401	0.897096
8	361.991	71	-7.64035e+06	21.6949	0.47903	71	2.35034	16.8152	4.46259	1.18055
9	353.875	70	-7.53837e+06	21.9402	0.479739	81	2.32776	15.4326	4.45235	0.882134
10	366.872	71	-7.49278e+06	21.7444	0.481911	89	2.30068	15.8505	4.45213	0.838857
11	372.685	69	-7.46049e+06	22.2081	0.481898	111	2.2671	14.698	4.44808	0.983266
12	370.448	68	-7.43153e+06	22.5278	0.483438	122	2.23307	13.7338	4.44824	0.932647
13	365.651	67	-7.35962e+06	22.8906	0.492481	141	2.22143	14.0617	4.43122	1.01162
14	389.094	68	-7.3406e+06	22.9661	0.495747	158	2.20303	13.5915	4.42742	1.0662
15	398.203	67	-7.32272e+06	22.751	0.498905	167	2.18733	13.2893	4.42173	1.00924
16	399.92	66	-7.3074e+06	22.6731	0.500984	175	2.17415	12.7739	4.41413	1.06349
17	399.021	65	-7.29099e+06	22.4991	0.504855	195	2.15816	12.2168	4.41025	1.10334
18	402.865	65	-7.27782e+06	22.4314	0.506204	199	2.14833	11.8852	4.40288	1.00414
19	409.498	65	-7.266e+06	22.2716	0.512828	216	2.1373	11.6322	4.39966	0.917754
20	414.846	63	-7.25383e+06	22.1871	0.515913	242	2.13113	11.6914	4.39639	0.910224
21	420.923	62	-7.24132e+06	20.1522	0.520883	238	2.1276	12.0675	4.38576	1.05415
22	421.286	63	-7.23352e+06	18.9725	0.527549	260	2.12832	12.1788	4.38277	1.05219
23	433.984	62	-7.22279e+06	17.6269	0.535481	286	2.1271	12.02	4.37851	1.03736
24	434.961	60	-7.21073e+06	17.1736	0.544291	311	2.12528	11.3104	4.3724	0.980061
25	438.425	60	-7.19593e+06	16.849	0.550432	322	2.11586	11.8148	4.36985	1.06291
26	449.981	59	-7.18189e+06	16.1025	0.554977	338	2.11076	11.4022	4.36566	0.997571
27	452.208	58	-7.1727e+06	15.8986	0.555874	359	2.10125	11.3916	4.36171	0.951706
28	458.462	57	-7.16413e+06	15.8469	0.560181	388	2.09502	11.5928	4.3597	0.85952
29	475.838	57	-7.15555e+06	15.8055	0.562512	412	2.08887	11.6911	4.35447	0.981144
30	475.6	55	-7.14758e+06	15.7254	0.566802	434	2.07821	11.351	4.3559	1.04568
31	487.124	55	-7.14076e+06	15.7739	0.568515	435	2.07292	11.3838	4.35513	1.0841
32	484.329	55	-7.13607e+06	15.7183	0.570905	463	2.06594	11.2441	4.35703	1.03472
33	488.123	54	-7.12946e+06	15.7583	0.573449	482	2.06551	11.3096	4.35775	0.960104
34	504.89	54	-7.1215e+06	15.7337	0.573846	495	2.05669	11.6403	4.36135	1.05387
35	501.019	53	-7.11849e+06	15.8598	0.574425	498	2.0533	11.3938	4.35925	1.11956
36	516.07	53	-7.11022e+06	15.9112	0.575161	518	2.04476	11.1072	4.36041	0.942273
37	524.667	53	-7.10401e+06	15.9059	0.576143	538	2.03743	11.3374	4.35779	0.92787
38	526.503	52	-7.09961e+06	15.9237	0.577317	563	2.03402	10.8702	4.36029	1.1404
39	540.505	51	-7.09316e+06	15.9999	0.57928	585	2.02928	11.1327	4.36019	0.96884
40	554.695	50	-7.08358e+06	15.973	0.582481	634	2.0172	10.7562	4.35683	0.88179
41	548.479	50	-7.07966e+06	16.071	0.58517	622	2.01308	10.8429	4.36032	1.04635
42	559.665	48	-7.07427e+06	16.0939	0.584755	653	2.00734	10.8186	4.36346	0.825573
43	553.026	48	-7.06984e+06	15.9818	0.584585	671	2.00324	10.6304	4.35739	1.00617
44	564.651	49	-7.06527e+06	16.1057	0.586092	666	1.99893	10.579	4.35863	1.01822
45	563.058	48	-7.0573e+06	16.2572	0.58971	696	1.98807	10.9419	4.35568	1.00985
46	572.23	46	-7.05395e+06	16.2682	0.59082	720	1.98365	10.6418	4.36296	0.93407
47	581.207	47	-7.05102e+06	16.2903	0.591129	705	1.98081	10.7593	4.36143	1.01248
48	577.226	46	-7.04769e+06	16.2907	0.592562	715	1.9802	10.6239	4.36171	0.998372
49	593.004	46	-7.04339e+06	16.3056	0.593605	763	1.97634	10.7129	4.36482	1.01573
50	604.184	46	-7.04026e+06	16.3019	0.594856	784	1.97404	10.5661	4.35931	0.873008
51	614.676	45	-7.03576e+06	16.3937	0.59764	817	1.9682	10.6328	4.35844	0.990999
52	605.287	44	-7.02941e+06	16.4784	0.599917	832	1.96149	10.4173	4.35485	0.931015
53	610.34	43	-7.02638e+06	16.4779	0.599576	846	1.95895	10.5712	4.3515	0.938009
54	624.192	45	-7.02624e+06	16.5238	0.599732	804	1.95768	10.4318	4.3569	0.966297
55	624.137	44	-7.02337e+06	16.4836	0.59996	873	1.95584	10.3962	4.3546	1.09271
56	616.921	42	-7.01896e+06	16.4919	0.601027	857	1.94929	10.3277	4.35735	1.00539
57	628.454	42	-7.01784e+06	16.5025	0.604261	910	1.94924	10.2409	4.35226	1.03974
58	646.651	43	-7.01521e+06	16.4956	0.605112	888	1.94693	10.219	4.35293	1.0417
59	644.516	43	-7.01128e+06	16.4919	0.602595	907	1.9419	10.0125	4.36025	0.992423
60	662.879	41	-7.0111e+06	16.5961	0.604303	948	1.94286	9.79351	4.35591	0.973748
61	685.102	41	-7.00941e+06	16.5225	0.607177	998	1.93818	9.93408	4.36057	0.990267
62	696.767	40	-7.00465e+06	16.5263	0.607454	1017	1.93694	10.0931	4.3595	0.985809
63	677.787	41	-7.00422e+06	16.6391	0.608039	981	1.93225	10.1051	4.36465	0.851998
64	661.227	40	-7.00154e+06	16.6235	0.61006	1013	1.93046	9.72009	4.36753	0.985023
65	680.874	40	-7.00182e+06	16.648	0.614421	989	1.9298	9.76056	4.36618	0.988979
66	685.827	40	-6.99505e+06	16.7433	0.614419	1031	1.92403	9.58039	4.3664	1.04452
67	684.29	40	-6.9929e+06	16.8226	0.614472	1018	1.92077	9.79522	4.35811	1.03938
68	677.886	40	-6.99301e+06	16.8794	0.616432	1008	1.92144	9.65181	4.36305	1.0385
69	673.034	40	-6.99122e+06	16.823	0.614623	972	1.91967	9.61656	4.36545	0.922417
70	682.248	40	-6.99091e+06	16.8179	0.615055	1001	1.91942	9.53328	4.36581	0.880935
71	673.052	38	-6.98725e+06	16.8365	0.613819	1027	1.91778	9.4656	4.36476	1.1371
72	687.864	40	-6.98672e+06	16.7809	0.617056	1024	1.91546	9.21286	4.37119	0.971631
73	684.676	38	-6.98386e+06	16.7479	0.617726	1038	1.91405	9.62658	4.36935	0.948728
74	691.996	38	-6.98141e+06	16.6924	0.617561	1068	1.90919	9.47467	4.36533	0.974812
75	701.833	38	-6.9778e+06	16.7201	0.619186	1119	1.90775	9.57026	4.36482	0.958401
76	738.473	38	-6.97685e+06	16.7986	0.621194	1131	1.90444	9.24045	4.36752	1.09753
77	729.349	38	-6.97643e+06	16.8132	0.624006	1093	1.90427	9.39467	4.36374	1.01739
78	713.89	38	-6.97439e+06	16.8355	0.625264	1116	1.90318	9.44338	4.36629	0.902755
79	715.226	38	-6.97072e+06	16.7998	0.627624	1144	1.89876	9.31195	4.36609	0.955425
80	740.823	37	-6.96846e+06	16.8399	0.63014	1140	1.89786	9.36324	4.36936	0.99254
81	712.974	36	-6.96643e+06	16.9345	0.630965	1159	1.89263	9.25791	4.36883	1.04647
82	734.612	38	-6.96662e+06	16.9246	0.628209	1129	1.89344	9.1336	4.36678	1.04149
83	734.433	37	-6.96386e+06	16.8544	0.631676	1118	1.89049	8.96763	4.36866	0.907279
84	728.198	38	-6.96032e+06	16.953	0.636966	1131	1.88708	9.11034	4.36508	1.02691
85	725.362	38	-6.95994e+06	16.934	0.637628	1142	1.88939	9.31781	4.35883	1.03659
86	717.869	37	-6.95945e+06	16.9909	0.636771	1130	1.8881	9.15688	4.35879	1.01637
87	721.826	38	-6.95796e+06	16.9927	0.637661	1141	1.88903	8.85682	4.35477	0.95473
88	727.209	37	-6.95705e+06	17.0334	0.638089	1159	1.88765	8.94213	4.35818	0.87611
89	752.702	37	-6.95651e+06	17.034	0.638752	1165	1.88505	8.78731	4.36125	1.0091
90	725.396	36	-6.95355e+06	16.9826	0.638364	1163	1.88483	8.71164	4.36097	0.93163
91	729.105	38	-6.95501e+06	16.9558	0.637395	1147	1.88413	8.7131	4.3592	0.939178
92	731.071	37	-6.95356e+06	17.0476	0.640713	1205	1.88455	8.76044	4.35888	0.985428
93	745.12	37	-6.9515e+06	17.0359	0.63733	1183	1.88049	8.73267	4.36355	0.851428
94	754.551	37	-6.95106e+06	17.053	0.641953	1221	1.87961	8.60417	4.36493	1.01956
95	776.479	35	-6.9467e+06	16.9819	0.64065	1225	1.87737	8.57525	4.3689	0.949863
96	763.251	34	-6.94678e+06	16.9083	0.641279	1252	1.8768	8.63445	4.36879	1.03051
97	767.696	35	-6.94306e+06	17.0365	0.645001	1293	1.87288	8.64103	4.36728	1.01649
98	771.903	36	-6.94371e+06	16.928	0.648914	1268	1.87222	8.64825	4.36962	0.898905
99	768.645	36	-6.94449e+06	16.9533	0.653615	1239	1.87209	8.80162	4.36656	1.04456
100	755.118	35	-6.94013e+06	16.9689	0.65536	1269	1.86721	8.63667	4.36551	1.00471
101	776.783	35	-6.93547e+06	17.0381	0.658989	1302	1.86276	8.53043	4.3669	0.949702
102	770.809	35	-6.93488e+06	17.0365	0.659268	1252	1.86186	8.50831	4.36716	1.03666
103	784.06	33	-6.93355e+06	16.9427	0.663134	1310	1.86039	8.51589	4.36039	0.996653
104	794.227	34	-6.93211e+06	16.9397	0.663355	1261	1.85864	8.47857	4.35781	1.01523
105	768.311	34	-6.93092e+06	17.0065	0.669361	1290	1.85657	8.54076	4.35762	1.02132
106	775.766	35	-6.92595e+06	17.0373	0.671573	1279	1.85159	8.45844	4.35701	0.915599
107	788.066	35	-6.92355e+06	16.9897	0.677643	1318	1.84801	8.59558	4.35844	0.949679
108	777.467	35	-6.92257e+06	16.9546	0.681682	1291	1.84757	8.7739	4.36006	0.919121
109	795.28	35	-6.91965e+06	16.9448	0.681962	1305	1.84292	8.69039	4.3625	0.907191
110	794.049	35	-6.91747e+06	16.9886	0.683977	1315	1.84166	8.65111	4.36174	0.878716
111	800.614	35	-6.91383e+06	17.0333	0.68455	1301	1.83388	8.53035	4.36711	0.93749
112	784.097	35	-6.91231e+06	17.0255	0.690986	1279	1.83383	8.59726	4.3639	1.01812
113	788.275	35	-6.90935e+06	16.9406	0.701289	1301	1.82965	8.37827	4.36331	0.969094
114	789.923	36	-6.90557e+06	16.9774	0.703384	1299	1.82577	8.49502	4.3588	1.07634
115	789.68	35	-6.90247e+06	16.9834	0.706755	1288	1.8235	8.46077	4.35557	1.04243
116	793.895	35	-6.90049e+06	16.9953	0.712004	1296	1.82076	8.4594	4.3614	1.18741
117	802.577	34	-6.89905e+06	17.039	0.713629	1329	1.81759	8.36885	4.36108	0.93328
118	795.58	34	-6.89375e+06	17.1342	0.715819	1301	1.81378	8.39378	4.36003	0.947964
119	792.821	36	-6.8919e+06	17.1891	0.720622	1310	1.81283	8.42897	4.36035	1.0113
120	786.969	34	-6.88836e+06	17.1156	0.72827	1338	1.80766	8.29503	4.35843	0.93041
121	813.136	34	-6.88773e+06	17.0345	0.735084	1348	1.80629	8.14858	4.35573	0.95266
122	809.882	33	-6.8855e+06	17.1483	0.731628	1362	1.80299	8.2416	4.35948	1.0817
123	809.024	35	-6.88606e+06	17.1435	0.73681	1342	1.80043	8.06746	4.35886	0.997317
124	798.628	34	-6.88158e+06	17.0309	0.744466	1358	1.79585	8.19886	4.35537	0.985858
125	790.859	33	-6.87887e+06	17.1672	0.744557	1377	1.79415	8.01761	4.36025	1.03301
126	804.301	35	-6.87828e+06	17.1479	0.746797	1345	1.79288	7.97856	4.35975	0.842596
127	803.834	35	-6.87268e+06	17.1728	0.753743	1378	1.7871	8.05522	4.35792	1.03449
128	817.335	34	-6.86924e+06	17.2059	0.750002	1358	1.78657	8.21091	4.35961	1.07336
129	825.479	34	-6.87218e+06	17.1822	0.754671	1367	1.7883	8.24016	4.36038	0.969425
130	819.145	34	-6.87091e+06	17.2762	0.753682	1391	1.78986	8.13286	4.36037	1.06418
131	816.191	34	-6.86932e+06	17.2259	0.753013	1346	1.78809	8.02859	4.36078	1.05213
132	811.335	33	-6.86842e+06	17.1816	0.758365	1381	1.78428	8.01744	4.36	1.09278
133	821.168	33	-6.8661e+06	17.2666	0.763222	1379	1.78093	7.89011	4.36038	0.922869
134	797.799	32	-6.86568e+06	17.2975	0.76123	1403	1.77917	8.0678	4.35891	0.966218
135	814.978	33	-6.86513e+06	17.315	0.761239	1393	1.78082	7.95305	4.36147	1.03567
136	822.58	33	-6.86699e+06	17.4099	0.761914	1420	1.78027	7.99779	4.36164	1.0857
137	831.743	33	-6.86321e+06	17.4199	0.762818	1443	1.77777	7.9565	4.35674	0.96528
138	858.307	33	-6.86332e+06	17.3385	0.764462	1450	1.77827	8.12128	4.35951	0.961922
139	853.439	32	-6.86055e+06	17.376	0.76656	1444	1.77552	7.94017	4.36136	0.897907
140	843.666	33	-6.85913e+06	17.3486	0.770633	1433	1.77315	7.92693	4.35873	1.15394
141	843.849	32	-6.85991e+06	17.3262	0.773252	1431	1.77508	7.90665	4.35702	1.17379
142	823.308	34	-6.8589e+06	17.2383	0.774461	1406	1.7745	8.08106	4.35761	0.916144
143	822.177	34	-6.85682e+06	17.245	0.777676	1399	1.76998	7.99235	4.3606	0.994093
144	840.104	33	-6.85512e+06	17.2243	0.777955	1431	1.76655	7.80774	4.36618	1.08699
145	838.452	33	-6.85294e+06	17.2366	0.783723	1411	1.7648	7.90674	4.36073	1.2327
146	838.174	33	-6.85473e+06	17.2214	0.782891	1406	1.76701	8.07727	4.36017	1.05167
147	841.179	33	-6.85504e+06	17.2831	0.783102	1435	1.76531	8.0114	4.35773	0.923744
148	826.828	34	-6.85214e+06	17.2725	0.783145	1369	1.76482	8.05563	4.35915	1.01116
149	830.258	34	-6.8546e+06	17.2707	0.782441	1404	1.76701	7.98404	4.35341	1.07441
150	810.157	34	-6.85321e+06	17.2399	0.784722	1416	1.76741	8.05929	4.35607	1.04005
151	835.531	33	-6.85216e+06	17.311	0.785309	1451	1.76702	8.08371	4.35779	1.00332
152	838.726	33	-6.85212e+06	17.2134	0.786615	1465	1.76423	8.03608	4.35774	1.03074
153	854.738	32	-6.8516e+06	17.3551	0.788005	1447	1.76455	7.93875	4.35709	1.00663
154	837.03	34	-6.85036e+06	17.3825	0.788057	1415	1.76265	7.90989	4.35744	0.932732
155	831.271	32	-6.84963e+06	17.3892	0.788165	1413	1.7603	7.94257	4.36221	0.86477
156	836.154	33	-6.84877e+06	17.3264	0.788337	1391	1.75882	7.99548	4.36443	1.02885
157	846.216	33	-6.8531e+06	17.3736	0.784434	1395	1.76239	7.90534	4.3648	0.898067
158	823.037	33	-6.85078e+06	17.3325	0.786639	1423	1.75947	7.84349	4.36835	1.03018
159	833.69	33	-6.84897e+06	17.3531	0.790478	1362	1.75821	7.84347	4.36707	0.981129
160	820.178	33	-6.84726e+06	17.289	0.791091	1399	1.75574	7.85438	4.36289	0.92263
161	838.188	33	-6.84643e+06	17.4403	0.795588	1380	1.75847	7.72179	4.36692	0.967027
162	820.575	33	-6.84733e+06	17.4129	0.793203	1398	1.75988	7.79857	4.36823	1.16767
163	837.932	33	-6.84586e+06	17.3411	0.792292	1457	1.75634	7.79106	4.36755	1.04581
164	836.465	32	-6.85053e+06	17.4331	0.790187	1409	1.76296	7.73194	4.36291	0.881648
165	832.033	33	-6.8477e+06	17.2895	0.792821	1379	1.76097	7.81269	4.36051	0.933784
166	827.487	34	-6.84676e+06	17.2337	0.795085	1373	1.75884	7.7879	4.36441	0.973016
167	827.841	33	-6.84926e+06	17.2429	0.7946	1414	1.76269	7.86112	4.36323	1.03244
168	836.142	33	-6.84784e+06	17.2893	0.79314	1429	1.76051	7.81841	4.36398	0.96909
169	828.649	34	-6.84607e+06	17.347	0.793686	1417	1.75829	7.63582	4.36343	0.964132
170	834.768	33	-6.84767e+06	17.2677	0.792875	1444	1.75845	7.6022	4.36366	0.925981
171	850.576	33	-6.84691e+06	17.2143	0.79166	1439	1.75816	7.59954	4.36165	0.951823
172	816.908	32	-6.84675e+06	17.291	0.79198	1438	1.75879	7.59982	4.3617	1.03083
173	820.541	32	-6.84844e+06	17.338	0.794374	1433	1.75822	7.76677	4.36067	1.01546
174	842.757	33	-6.843e+06	17.3249	0.791657	1474	1.75803	7.63515	4.35773	0.990822
175	845.684	33	-6.84649e+06	17.3511	0.78965	1489	1.76007	7.66014	4.35324	1.03872
176	861.321	32	-6.8426e+06	17.3426	0.788511	1471	1.75513	7.68103	4.35772	0.978758
177	857.335	32	-6.84344e+06	17.3582	0.790461	1483	1.75804	7.63133	4.36171	0.95399
178	861.52	32	-6.84434e+06	17.3513	0.788669	1510	1.75695	7.61166	4.3622	0.958078
179	883.371	32	-6.84247e+06	17.3782	0.789659	1518	1.75786	7.63553	4.3625	0.959394
180	867.528	32	-6.84273e+06	17.4042	0.790474	1485	1.75996	7.5688	4.36062	0.978004
181	845.766	32	-6.84308e+06	17.3046	0.78849	1457	1.75636	7.50648	4.35845	0.968068
182	839.69	33	-6.84612e+06	17.328	0.790709	1450	1.7586	7.67019	4.36397	0.94004
183	851.847	32	-6.84479e+06	17.2397	0.79708	1451	1.75842	7.7458	4.3629	1.04586
184	834.931	32	-6.84379e+06	17.2601	0.798157	1477	1.7586	7.67589	4.36208	1.0555
185	849.53	33	-6.84591e+06	17.2597	0.790665	1441	1.75985	7.77303	4.35963	0.880043
186	831.429	33	-6.84573e+06	17.2649	0.79176	1455	1.75829	7.74679	4.35873	0.915143
187	847.627	33	-6.84306e+06	17.2746	0.79116	1461	1.75608	7.56399	4.35555	0.966267
188	837.239	32	-6.84198e+06	17.3146	0.793645	1473	1.75429	7.63567	4.35598	0.912691
189	839.126	32	-6.84352e+06	17.2536	0.795419	1465	1.75783	7.63559	4.35388	0.955291
190	842.672	32	-6.84363e+06	17.2583	0.799635	1457	1.75689	7.6113	4.35701	1.0768
191	848.429	32	-6.84199e+06	17.2134	0.795074	1495	1.75728	7.66199	4.35426	1.04555
192	849.618	33	-6.84539e+06	17.2104	0.797097	1499	1.75695	7.82222	4.35059	0.949371
193	830.298	32	-6.84118e+06	17.2048	0.799641	1451	1.75377	7.75166	4.35521	1.01173
194	841.771	32	-6.84311e+06	17.2238	0.798884	1483	1.75682	7.81876	4.35563	0.965773
195	857.042	32	-6.84336e+06	17.2934	0.799922	1443	1.75661	7.62822	4.35756	0.986238
196	843.038	32	-6.84107e+06	17.2388	0.799399	1432	1.75467	7.65238	4.35471	1.18956
197	823.407	32	-6.84247e+06	17.2401	0.7982	1411	1.75559	7.69653	4.3598	1.08931
198	832.511	34	-6.84112e+06	17.2018	0.798883	1409	1.7509	7.66519	4.36368	0.97391
199	842.572	33	-6.84128e+06	17.1933	0.799953	1411	1.75298	7.66998	4.35776	1.16936
200	853.691	33	-6.83908e+06	17.259	0.800336	1426	1.75107	7.76043	4.35974	0.962928
201	844.614	33	-6.84039e+06	17.1922	0.797757	1409	1.75292	7.79291	4.35383	1.04061
202	832.141	32	-6.83999e+06	17.3272	0.793565	1406	1.75066	7.5908	4.35524	1.08355
203	844.187	33	-6.83902e+06	17.3818	0.793801	1447	1.7551	7.66223	4.3568	1.07272
204	846.852	33	-6.84097e+06	17.3996	0.793895	1403	1.75347	7.62149	4.35685	1.03413
205	849.494	33	-6.84015e+06	17.2888	0.796711	1454	1.75413	7.698	4.35533	1.0886
206	841.489	33	-6.83988e+06	17.1916	0.798122	1467	1.75463	7.92141	4.36336	0.977063
207	840.831	33	-6.84288e+06	17.3183	0.794079	1448	1.75572	7.70342	4.35965	0.869896
208	831.916	33	-6.84187e+06	17.3419	0.798816	1401	1.75501	7.77246	4.35773	0.989356
209	816.473	34	-6.83984e+06	17.3005	0.797821	1399	1.75306	7.78067	4.35859	1.00781
210	805.294	32	-6.83933e+06	17.2459	0.800449	1411	1.75367	7.68371	4.358	0.994971
211	831.53	33	-6.83807e+06	17.3227	0.801848	1430	1.75041	7.52145	4.3588	0.972637
212	831.165	33	-6.83683e+06	17.2651	0.808315	1426	1.75051	7.64367	4.3592	1.00362
213	829.983	33	-6.83434e+06	17.2339	0.806691	1368	1.74719	7.58957	4.35836	1.05726
214	819.342	33	-6.83603e+06	17.2609	0.803708	1398	1.74911	7.55927	4.36112	1.002
215	822.171	34	-6.83702e+06	17.2708	0.799601	1407	1.75043	7.51204	4.36061	0.957419
216	826.043	33	-6.83683e+06	17.2572	0.799733	1395	1.75119	7.59939	4.35707	0.935937
217	827.553	33	-6.83348e+06	17.2967	0.803862	1383	1.74803	7.65265	4.35979	0.966445
218	818.703	33	-6.83109e+06	17.3673	0.804972	1437	1.74469	7.59815	4.36425	0.870425
219	811.572	32	-6.83162e+06	17.3473	0.805563	1430	1.74566	7.5167	4.36561	0.957998
220	825.139	33	-6.82947e+06	17.4118	0.802893	1422	1.74398	7.53734	4.36271	0.98245
221	831.155	33	-6.83093e+06	17.4239	0.803186	1405	1.74237	7.52409	4.36343	0.963787
222	827.797	34	-6.83167e+06	17.3966	0.804036	1424	1.74363	7.53538	4.36334	1.05179
223	838.94	33	-6.83393e+06	17.3561	0.804772	1415	1.74687	7.69228	4.36527	1.10934
224	831.683	33	-6.83424e+06	17.296	0.804239	1447	1.74654	7.6837	4.36457	0.884094
225	835.256	32	-6.83668e+06	17.2724	0.80035	1424	1.74998	7.70036	4.36512	0.97321
226	837.511	33	-6.83644e+06	17.2932	0.803355	1429	1.74824	7.58591	4.3659	0.851367
227	850.744	33	-6.83508e+06	17.2597	0.802541	1485	1.74618	7.55258	4.36047	1.00164
228	845.889	33	-6.83266e+06	17.3833	0.805335	1458	1.74434	7.68885	4.36174	0.889383
229	831.433	32	-6.83485e+06	17.3618	0.804143	1484	1.7455	7.74759	4.35702	1.00407
230	847.249	32	-6.83381e+06	17.4039	0.79928	1514	1.74524	7.53389	4.35839	1.06406
231	856.504	32	-6.83246e+06	17.3833	0.803805	1498	1.74411	7.39366	4.36267	0.983908
232	870.081	32	-6.83261e+06	17.2503	0.802952	1498	1.74602	7.42732	4.35627	0.958855
233	866.993	32	-6.83438e+06	17.2651	0.802976	1488	1.74822	7.62724	4.35508	1.03723
234	848.235	31	-6.83204e+06	17.3534	0.80297	1507	1.74531	7.59071	4.35838	0.988576
235	858.717	32	-6.83016e+06	17.3359	0.803522	1507	1.74553	7.68523	4.36282	0.922333
236	857.348	32	-6.83283e+06	17.3717	0.803914	1453	1.74827	7.55799	4.36565	1.11025
237	859.847	32	-6.83137e+06	17.4119	0.800568	1429	1.74506	7.60168	4.36111	0.929849
238	839.029	33	-6.83247e+06	17.3327	0.801711	1468	1.74732	7.49036	4.36024	0.966394
239	841.288	32	-6.83532e+06	17.478	0.798531	1453	1.75033	7.70547	4.36446	0.962509
240	849.671	32	-6.83676e+06	17.3586	0.797974	1473	1.7493	7.58376	4.36491	0.910482
241	843.317	33	-6.83462e+06	17.2772	0.800404	1485	1.75065	7.46723	4.36187	0.92241
242	848.091	33	-6.83557e+06	17.2627	0.800741	1451	1.75159	7.47349	4.35694	1.00562
243	835.223	33	-6.83381e+06	17.2415	0.801729	1444	1.75047	7.51417	4.35797	1.0408
244	821.106	33	-6.83185e+06	17.2988	0.802766	1422	1.74761	7.35171	4.36059	0.997647
245	835.088	34	-6.83031e+06	17.2965	0.803749	1430	1.74362	7.4787	4.3707	0.920262
246	844.713	33	-6.83474e+06	17.2825	0.801025	1453	1.74882	7.51392	4.37076	1.05121
247	841.632	31	-6.83376e+06	17.2342	0.800896	1499	1.74761	7.40307	4.36353	1.02149
248	836.726	31	-6.83343e+06	17.1861	0.801173	1470	1.74703	7.53792	4.37349	0.95227
249	864.996	32	-6.83459e+06	17.2271	0.797625	1493	1.74782	7.58447	4.36883	1.07465
250	841.018	31	-6.83351e+06	17.3022	0.79911	1498	1.74649	7.48174	4.36734	1.03057
251	870.278	32	-6.83285e+06	17.3225	0.80058	1516	1.74662	7.5302	4.36701	0.832076
252	853.139	33	-6.83374e+06	17.4212	0.801513	1478	1.74681	7.45909	4.36712	0.976705
253	851.789	32	-6.83219e+06	17.4502	0.800375	1471	1.74627	7.5673	4.36365	0.980453
254	843.667	32	-6.82889e+06	17.4579	0.804971	1448	1.74317	7.50723	4.36258	0.995083
255	847.655	32	-6.82871e+06	17.465	0.806112	1487	1.74308	7.50448	4.35794	0.995549
256	850.685	32	-6.8302e+06	17.471	0.806564	1470	1.74364	7.46994	4.35761	0.960089
257	847.069	32	-6.82616e+06	17.4648	0.805585	1452	1.74098	7.44819	4.35861	1.08523
258	853.435	32	-6.82713e+06	17.3795	0.806082	1506	1.74098	7.46387	4.3584	1.05757
259	860.581	32	-6.82831e+06	17.3426	0.806948	1503	1.7426	7.27875	4.36	0.930605
260	866.424	32	-6.83087e+06	17.3736	0.80188	1475	1.745	7.13669	4.35799	0.992582
261	844.743	32	-6.82827e+06	17.2556	0.807404	1484	1.7444	7.15741	4.35533	1.12411
262	853.195	32	-6.82527e+06	17.2796	0.81195	1464	1.73898	7.25768	4.35788	0.854889
263	868.371	32	-6.82652e+06	17.3759	0.811498	1484	1.74043	7.3559	4.3555	0.938753
264	863.625	32	-6.8259e+06	17.4092	0.811895	1481	1.73841	7.37074	4.35171	1.06457
265	854.822	33	-6.82499e+06	17.3546	0.812988	1457	1.73989	7.42614	4.35407	0.950422
266	841.627	32	-6.82259e+06	17.2078	0.816055	1479	1.73568	7.21365	4.35296	1.04873
267	850.642	33	-6.8233e+06	17.239	0.817061	1466	1.73589	7.32529	4.35547	0.909855
268	835.812	33	-6.82634e+06	17.3213	0.817405	1443	1.74002	7.42232	4.35809	1.02501
269	824.364	33	-6.82616e+06	17.4086	0.815016	1443	1.73894	7.27902	4.35866	1.00671
270	833	33	-6.82572e+06	17.3309	0.814775	1434	1.73848	7.33297	4.36081	0.919393
271	838.778	32	-6.82651e+06	17.3007	0.811555	1482	1.7403	7.39339	4.36469	0.931322
272	865.415	32	-6.8248e+06	17.319	0.812986	1493	1.74056	7.40276	4.36066	1.0641
273	867.21	32	-6.82489e+06	17.3172	0.813572	1484	1.73826	7.25177	4.35517	1.01908
274	858.414	32	-6.82474e+06	17.28	0.815315	1477	1.73705	7.26392	4.35318	0.985689
275	850.059	31	-6.82427e+06	17.4143	0.81011	1510	1.73757	7.21981	4.35596	1.00387
276	849.985	31	-6.82674e+06	17.3444	0.808545	1518	1.73989	7.31769	4.3573	1.02618
277	858.878	32	-6.82625e+06	17.3323	0.811268	1537	1.73955	7.46834	4.36085	1.02577
278	866.57	32	-6.82883e+06	17.321	0.811392	1483	1.73924	7.36555	4.36334	0.992569
279	860.951	32	-6.82661e+06	17.4048	0.806583	1493	1.73903	7.26695	4.36075	1.03584
280	864.588	32	-6.82669e+06	17.3945	0.804569	1505	1.74276	7.19115	4.36091	0.975732
281	862.625	32	-6.82778e+06	17.3893	0.804803	1472	1.74227	7.33442	4.35947	1.03148
282	857.697	31	-6.82622e+06	17.4528	0.804351	1516	1.74045	7.25666	4.35901	1.00349
283	855.019	32	-6.8256e+06	17.4391	0.805608	1518	1.74181	7.22662	4.35324	1.01157
284	863.222	32	-6.82873e+06	17.4309	0.803423	1485	1.74141	7.22624	4.35005	1.13862
285	873.752	32	-6.82664e+06	17.4047	0.803127	1495	1.74154	7.34505	4.35305	1.02224
286	860.78	32	-6.82956e+06	17.3782	0.807291	1500	1.74069	7.17684	4.35581	0.951208
287	871.333	31	-6.82784e+06	17.4008	0.809601	1559	1.74113	7.25991	4.35744	1.00935
288	867.764	32	-6.82883e+06	17.335	0.803133	1528	1.74293	7.29631	4.34989	0.915809
289	863.772	32	-6.82876e+06	17.4123	0.803604	1520	1.74538	7.33371	4.34854	1.05432
290	878.194	31	-6.82673e+06	17.458	0.803504	1552	1.74211	7.30268	4.35625	1.0221
291	864.495	31	-6.82684e+06	17.4432	0.804345	1548	1.74467	7.22262	4.35247	0.945563
292	868.831	32	-6.82869e+06	17.3896	0.802281	1521	1.74395	7.32614	4.35309	1.005
293	870.549	32	-6.8298e+06	17.3964	0.79607	1485	1.7443	7.39218	4.35874	0.920614
294	867.065	32	-6.83276e+06	17.3823	0.793181	1498	1.74746	7.45209	4.35173	0.951984
295	868.027	32	-6.83291e+06	17.3557	0.792625	1512	1.74994	7.33037	4.35495	0.969435
296	858.075	32	-6.83119e+06	17.4233	0.795899	1498	1.74703	7.35992	4.3594	0.994889
297	852.11	32	-6.83303e+06	17.4626	0.79551	1463	1.74679	7.297	4.35789	1.03211
298	850.409	33	-6.82938e+06	17.3879	0.798736	1472	1.74506	7.28203	4.35256	1.00417
299	867.47	32	-6.82873e+06	17.4638	0.803049	1499	1.74332	7.45048	4.35456	0.916376
300	848.215	32	-6.82925e+06	17.438	0.801443	1469	1.74368	7.48023	4.36157	1.02969
301	831.36	34	-6.83278e+06	17.3839	0.801965	1432	1.74621	7.30752	4.36142	0.910247
302	854.137	33	-6.82814e+06	17.3596	0.799913	1454	1.74189	7.3467	4.3631	0.89942
303	858.012	33	-6.83052e+06	17.3293	0.798226	1488	1.74558	7.45299	4.36157	0.971614
304	852.371	31	-6.83152e+06	17.4428	0.801184	1506	1.74525	7.36064	4.36202	1.03274
305	848.297	32	-6.83072e+06	17.4989	0.798353	1496	1.74347	7.28358	4.3612	0.944132
306	853.548	32	-6.83036e+06	17.4877	0.797926	1466	1.74387	7.36484	4.35792	1.09494
307	854.46	33	-6.82862e+06	17.4152	0.795818	1491	1.74272	7.28728	4.36338	1.00415
308	844.653	30	-6.82942e+06	17.4344	0.79953	1497	1.7447	7.42889	4.36282	1.11054
309	854.262	32	-6.83155e+06	17.3874	0.802406	1502	1.74506	7.47427	4.35821	1.13769
310	868.955	31	-6.83191e+06	17.3836	0.800421	1465	1.74422	7.502	4.36009	1.04296
311	845.536	31	-6.83218e+06	17.5032	0.799242	1466	1.74692	7.48566	4.35766	1.11547
312	839.333	31	-6.82756e+06	17.3897	0.800625	1518	1.74046	7.30696	4.35936	1.01068
313	848.864	31	-6.83009e+06	17.4966	0.796407	1465	1.74491	7.385	4.36229	1.13215
314	852.667	33	-6.8287e+06	17.5052	0.796902	1471	1.74231	7.1964	4.3635	1.02393
315	856.003	32	-6.83045e+06	17.3811	0.798907	1515	1.74336	7.23962	4.3596	0.918005
316	862.334	31	-6.82991e+06	17.4475	0.802134	1503	1.74295	7.30992	4.36364	1.05838
317	871.946	32	-6.8274e+06	17.3192	0.800969	1503	1.74202	7.30703	4.36387	1.03629
318	862.198	33	-6.82957e+06	17.4375	0.799826	1501	1.74356	7.32854	4.3652	1.07413
319	866.188	32	-6.83252e+06	17.4631	0.793894	1469	1.74589	7.26426	4.36569	1.07502
320	855.103	32	-6.83411e+06	17.4606	0.793008	1484	1.7481	7.26649	4.36612	1.05301
321	848.135	32	-6.83433e+06	17.4324	0.7922	1489	1.74868	7.44572	4.36667	0.980128
322	845.463	32	-6.83265e+06	17.3491	0.79644	1456	1.74694	7.35955	4.36636	0.858195
323	843.612	32	-6.83065e+06	17.3614	0.798571	1469	1.74524	7.33471	4.36209	1.00139
324	851.966	32	-6.8303e+06	17.4224	0.798162	1485	1.74493	7.40134	4.3622	1.09482
325	866.816	32	-6.83068e+06	17.5	0.794233	1482	1.74617	7.35609	4.36198	1.0212
326	860.69	32	-6.83081e+06	17.4356	0.796799	1530	1.74348	7.45057	4.35656	0.931207
327	848.14	31	-6.83222e+06	17.4631	0.796248	1481	1.74409	7.37953	4.35989	0.965928
328	853.112	32	-6.8305e+06	17.5067	0.794979	1492	1.74571	7.25432	4.35645	1.09394
329	856.28	32	-6.83219e+06	17.4925	0.793617	1482	1.74961	7.35282	4.35937	0.905876
330	855.974	32	-6.83265e+06	17.3746	0.795033	1509	1.74806	7.22018	4.36186	1.05035
331	856.248	32	-6.83323e+06	17.3223	0.798157	1448	1.74813	7.10949	4.36349	0.890105
332	846.636	32	-6.83267e+06	17.2036	0.799159	1475	1.74635	7.2328	4.36025	1.02677
333	857.557	32	-6.8326e+06	17.2945	0.799423	1458	1.74525	7.31173	4.36208	0.931574
334	842.712	31	-6.83081e+06	17.2934	0.798891	1491	1.74558	7.4209	4.36406	1.0064
335	854.794	33	-6.83088e+06	17.3695	0.802645	1469	1.74644	7.28299	4.36604	1.07067
336	859.955	32	-6.83232e+06	17.3441	0.798818	1477	1.74705	7.29638	4.36069	1.00464
337	856.472	33	-6.83049e+06	17.412	0.798974	1514	1.74443	7.33795	4.35982	0.830804
338	850.808	33	-6.82775e+06	17.3525	0.799409	1511	1.742	7.21462	4.35541	0.916279
339	858.605	31	-6.83033e+06	17.4832	0.799094	1471	1.74455	7.30374	4.36168	1.00268
340	860.427	32	-6.83044e+06	17.4394	0.799121	1475	1.74595	7.28886	4.35786	0.885809
341	854.7	32	-6.82549e+06	17.4448	0.800648	1509	1.7425	7.31058	4.35742	0.956011
342	864.694	32	-6.82798e+06	17.4457	0.800661	1480	1.74241	7.39702	4.3595	0.964345
343	830.558	32	-6.82732e+06	17.4866	0.801023	1418	1.74165	7.34075	4.35631	1.09298
344	823.663	32	-6.82883e+06	17.4487	0.802152	1429	1.74146	7.23659	4.35545	0.973075
345	836.18	32	-6.83044e+06	17.4684	0.803379	1393	1.74307	7.39675	4.3573	0.973051
346	841.709	32	-6.8308e+06	17.5046	0.801484	1469	1.74332	7.49795	4.35867	1.04007
347	832.54	32	-6.82521e+06	17.4177	0.804143	1489	1.7383	7.4738	4.36566	1.06333
348	847.845	32	-6.83006e+06	17.4285	0.803106	1493	1.74347	7.55975	4.36387	0.960214
349	856.6	33	-6.8302e+06	17.4599	0.801036	1486	1.7433	7.56113	4.36069	0.957128
350	858.946	32	-6.82955e+06	17.4622	0.80113	1484	1.74332	7.52157	4.36264	0.911289
351	859.967	33	-6.83365e+06	17.4611	0.798329	1455	1.74952	7.55077	4.35906	1.06057
352	845.758	33	-6.83004e+06	17.3878	0.80187	1479	1.74335	7.49411	4.3636	1.02542
353	839.019	33	-6.8304e+06	17.4722	0.802056	1422	1.74616	7.32893	4.36139	0.911583
354	839.882	32	-6.83178e+06	17.3667	0.803689	1459	1.74567	7.33977	4.36018	0.940719
355	835.828	33	-6.83012e+06	17.3286	0.802564	1448	1.74453	7.3354	4.35525	1.21758
356	852.099	32	-6.83211e+06	17.425	0.802434	1481	1.74506	7.36474	4.35304	1.0572
357	855.157	32	-6.82809e+06	17.4918	0.800815	1487	1.74387	7.43074	4.35549	0.940203
358	850.941	32	-6.82774e+06	17.5681	0.803394	1485	1.74204	7.35599	4.35528	1.02462
359	855.385	32	-6.82832e+06	17.5257	0.798734	1477	1.74508	7.27769	4.35504	0.976278
360	853.858	32	-6.82868e+06	17.4007	0.796305	1484	1.74466	7.33367	4.3606	0.921966
361	864.625	31	-6.83285e+06	17.4313	0.796954	1477	1.74887	7.40878	4.36274	1.07326
362	873.382	32	-6.8352e+06	17.4426	0.796552	1496	1.75332	7.34908	4.36227	0.92993
363	848.551	33	-6.8339e+06	17.4287	0.797169	1478	1.74877	7.40135	4.35906	0.927065
364	860.919	32	-6.83241e+06	17.309	0.803175	1501	1.74815	7.58548	4.3622	0.89067
365	871.54	32	-6.83199e+06	17.2958	0.801919	1528	1.74874	7.56421	4.35751	1.07474
366	878.525	32	-6.83092e+06	17.2768	0.802	1501	1.7451	7.56757	4.35771	1.16131
367	865.277	31	-6.83177e+06	17.3614	0.8021	1486	1.74473	7.43332	4.35955	1.12777
368	851.462	32	-6.83534e+06	17.2274	0.804617	1452	1.74775	7.71973	4.35827	1.05094
369	861.743	33	-6.8332e+06	17.219	0.804263	1472	1.74635	7.57506	4.35855	1.09221
370	857.383	33	-6.83274e+06	17.2165	0.802427	1497	1.74558	7.52239	4.35631	0.8705
371	848.533	32	-6.83247e+06	17.2311	0.803804	1454	1.74984	7.55104	4.35782	0.831992
372	861.151	33	-6.83295e+06	17.2553	0.802822	1464	1.74811	7.58711	4.35995	0.871633
373	852.455	32	-6.83247e+06	17.3085	0.798487	1452	1.7494	7.60849	4.36137	1.01505
374	836.965	33	-6.83388e+06	17.2333	0.800539	1434	1.74906	7.60337	4.35434	0.969742
375	835.105	32	-6.83605e+06	17.1476	0.803999	1458	1.74933	7.47786	4.3557	1.00114
376	871.611	33	-6.83155e+06	17.1351	0.803831	1496	1.74696	7.45526	4.36028	1.14093
377	890.4	32	-6.8329e+06	17.1909	0.801362	1533	1.74998	7.46232	4.36292	0.970192
378	876.977	32	-6.83417e+06	17.1359	0.801005	1521	1.74939	7.46642	4.36285	1.11495
379	863.418	31	-6.83414e+06	17.1463	0.801438	1503	1.7479	7.22389	4.35809	1.02606
380	873.68	32	-6.8326e+06	17.1506	0.804477	1486	1.7476	7.19871	4.36468	0.891689
381	865.68	33	-6.83217e+06	17.1192	0.80552	1482	1.74892	7.50286	4.36126	0.997023
382	851.464	33	-6.83174e+06	17.1553	0.807545	1466	1.74889	7.52494	4.35881	0.99559
383	872.952	32	-6.83464e+06	17.181	0.80595	1501	1.7501	7.49859	4.35258	1.03958
384	862.584	32	-6.83335e+06	17.2226	0.803691	1449	1.74881	7.47064	4.35064	1.06089
385	845.694	32	-6.83108e+06	17.2553	0.802591	1483	1.7479	7.51628	4.35216	0.968129
386	843.053	32	-6.83259e+06	17.3193	0.801508	1481	1.74678	7.50314	4.35354	0.852446
387	895.048	32	-6.8314e+06	17.4161	0.798768	1552	1.74739	7.61115	4.35675	1.04358
388	867.013	31	-6.83049e+06	17.3095	0.803536	1505	1.74486	7.57713	4.3564	1.03352
389	870.788	32	-6.82965e+06	17.3536	0.807216	1527	1.74283	7.44102	4.36061	1.07143
390	854.49	31	-6.82423e+06	17.3855	0.810192	1516	1.73654	7.33548	4.35569	0.894164
391	852.601	32	-6.82498e+06	17.3687	0.814578	1461	1.73799	7.37172	4.36516	1.08126
392	857.006	32	-6.82507e+06	17.4442	0.816493	1485	1.73648	7.41746	4.35927	0.993053
393	863.259	33	-6.82502e+06	17.4029	0.813664	1432	1.73758	7.3685	4.35985	0.964662
394	849.596	33	-6.83013e+06	17.2668	0.806292	1452	1.74355	7.40072	4.362	0.998085
395	859.669	33	-6.83175e+06	17.2785	0.801235	1461	1.74469	7.42622	4.35979	1.0496
396	849.466	32	-6.82996e+06	17.396	0.801352	1476	1.74353	7.27081	4.36188	1.0422
397	872.371	32	-6.83033e+06	17.3306	0.799969	1486	1.74482	7.26532	4.36561	0.983553
398	869.057	32	-6.82866e+06	17.3664	0.800699	1501	1.74317	7.31211	4.36698	0.980934
399	858.645	31	-6.82962e+06	17.4279	0.798363	1503	1.74501	7.33128	4.36802	1.1075
400	864.667	33	-6.82875e+06	17.3515	0.80196	1521	1.74439	7.49688	4.37123	1.00893
401	874.575	32	-6.82975e+06	17.4346	0.804247	1539	1.7455	7.36009	4.37061	1.02879
402	877.216	31	-6.83121e+06	17.471	0.800622	1471	1.74596	7.42218	4.36574	0.929915
403	872.014	32	-6.83091e+06	17.3667	0.800661	1520	1.74718	7.40083	4.36075	0.996777
404	885.316	32	-6.8315e+06	17.4427	0.801816	1524	1.74628	7.41371	4.36043	1.07102
405	886.831	32	-6.82963e+06	17.4909	0.803294	1546	1.74549	7.44546	4.35994	0.953266
406	876.949	32	-6.82849e+06	17.4264	0.802231	1533	1.74564	7.40772	4.36061	1.00161
407	872.248	32	-6.83049e+06	17.4539	0.801229	1501	1.74748	7.33074	4.36659	1.09672
408	854.327	33	-6.83098e+06	17.4804	0.801832	1454	1.74485	7.48684	4.36879	0.96591
409	857.888	33	-6.83176e+06	17.478	0.80253	1463	1.74542	7.34927	4.36661	1.14977
410	852.431	33	-6.83207e+06	17.4556	0.797854	1475	1.74437	7.32983	4.36989	1.10289
411	862.289	31	-6.82965e+06	17.4354	0.800364	1476	1.74485	7.27881	4.36365	1.02736
412	855.21	33	-6.83119e+06	17.3978	0.804259	1478	1.74653	7.36702	4.36129	0.925167
413	869.887	33	-6.83107e+06	17.3411	0.803309	1483	1.74616	7.20782	4.36537	1.09654
414	870.095	32	-6.83185e+06	17.3161	0.800589	1498	1.7469	7.22424	4.36416	0.860949
415	866.819	32	-6.83082e+06	17.3382	0.805163	1475	1.74576	7.14886	4.36275	0.981804
416	856.799	33	-6.82847e+06	17.2464	0.807087	1471	1.74247	7.33328	4.36199	1.00026
417	847.079	32	-6.82831e+06	17.2666	0.805437	1474	1.74246	7.34527	4.367	1.04905
418	859.882	33	-6.83027e+06	17.3669	0.804753	1471	1.7431	7.34707	4.36717	1.0858
419	849.251	33	-6.83009e+06	17.4296	0.803432	1443	1.74461	7.25088	4.36156	1.02567
420	855.934	33	-6.83062e+06	17.3277	0.802801	1450	1.7441	7.20821	4.36306	0.983519
421	854.09	31	-6.83117e+06	17.3902	0.801432	1486	1.74429	7.13158	4.36024	0.923574
422	866.765	32	-6.82996e+06	17.2787	0.800738	1492	1.74422	7.14298	4.36593	1.00178
423	860.39	33	-6.82982e+06	17.3258	0.798324	1506	1.74222	7.07956	4.36599	1.0894
424	860.781	33	-6.83003e+06	17.3414	0.796789	1457	1.74443	7.26507	4.36942	0.912264
425	853.29	33	-6.83112e+06	17.3821	0.796524	1461	1.74688	7.2569	4.36247	1.0454
426	858.484	33	-6.83097e+06	17.3669	0.796546	1486	1.74583	7.41407	4.37023	1.04958
427	860.075	32	-6.82762e+06	17.3634	0.800698	1440	1.74253	7.27234	4.36978	1.08024
428	851.907	33	-6.82988e+06	17.312	0.801222	1451	1.74297	7.18823	4.37109	1.02213
429	845.067	33	-6.82976e+06	17.298	0.800057	1493	1.74523	7.1627	4.36656	1.03378
430	841.761	33	-6.83091e+06	17.3265	0.800935	1441	1.74652	7.3647	4.36374	1.06358
431	838.336	32	-6.82868e+06	17.3162	0.802964	1438	1.74519	7.27583	4.36386	0.98404
432	844.841	32	-6.82968e+06	17.3471	0.807734	1484	1.74436	7.26566	4.36457	0.810393
433	854.605	33	-6.82798e+06	17.3105	0.806653	1429	1.74203	7.07008	4.35883	0.998193
434	837.956	32	-6.82778e+06	17.3855	0.802171	1467	1.74462	7.15335	4.35967	0.96862
435	857.192	32	-6.82904e+06	17.4118	0.803971	1477	1.74326	7.28057	4.35203	0.918865
436	853.137	34	-6.82928e+06	17.4003	0.800432	1468	1.74483	7.29147	4.35506	0.920109
437	851.962	33	-6.83026e+06	17.4209	0.801519	1463	1.7444	7.25407	4.36005	1.06364
438	852.363	33	-6.83251e+06	17.4587	0.801931	1416	1.74695	7.32086	4.3587	1.24703
439	851.849	33	-6.82852e+06	17.4512	0.803213	1465	1.7413	7.22235	4.36256	1.05524
440	850.04	33	-6.82649e+06	17.4267	0.806596	1455	1.74028	7.259	4.36374	1.00717
441	846.276	32	-6.82439e+06	17.3792	0.807992	1461	1.73794	7.1795	4.35918	1.08604
442	862.159	33	-6.82454e+06	17.4854	0.807487	1514	1.73665	7.2412	4.36023	1.09608
443	861.987	31	-6.82638e+06	17.3801	0.808376	1519	1.73896	7.22346	4.35853	1.00573
444	873.043	32	-6.82738e+06	17.4145	0.809507	1489	1.73909	7.2354	4.35891	1.04316
445	858.558	32	-6.82451e+06	17.3768	0.810142	1474	1.73724	7.20396	4.35503	0.956682
446	858.433	32	-6.8238e+06	17.3935	0.809154	1485	1.73807	7.3142	4.3567	1.02127
447	850.193	32	-6.82402e+06	17.4343	0.80937	1477	1.73923	7.18286	4.36	1.02176
448	871.198	32	-6.82586e+06	17.3745	0.812726	1499	1.74038	7.13551	4.36005	1.03506
449	870.661	32	-6.8241e+06	17.3444	0.810003	1513	1.73957	7.1098	4.35488	0.947111
450	868.356	32	-6.8259e+06	17.3535	0.810646	1511	1.74112	7.14604	4.35316	0.95133
451	881.376	32	-6.82733e+06	17.272	0.809906	1527	1.74212	7.27105	4.36116	0.957116
452	872.088	31	-6.82814e+06	17.297	0.807552	1507	1.74569	7.19591	4.36022	1.04686
453	860.488	31	-6.82793e+06	17.3789	0.800978	1523	1.74668	7.35348	4.36343	0.98048
454	867.569	30	-6.82938e+06	17.3297	0.800897	1521	1.74489	7.24475	4.36039	1.04014
455	876.382	32	-6.82926e+06	17.3247	0.79957	1505	1.74957	7.30869	4.36178	1.15833
456	870.348	32	-6.82837e+06	17.3176	0.803289	1509	1.74618	7.25384	4.36327	1.08807
457	872.551	32	-6.83206e+06	17.2574	0.803217	1507	1.75013	7.32662	4.36063	0.90437
458	881.117	32	-6.83201e+06	17.273	0.798302	1507	1.75049	7.20948	4.3625	1.01004
459	873.002	32	-6.83112e+06	17.2653	0.799119	1558	1.74776	7.18185	4.35778	0.98981
460	886.139	31	-6.83232e+06	17.2563	0.803048	1540	1.74979	7.20944	4.3562	1.08852
461	877.292	32	-6.82899e+06	17.3397	0.800802	1513	1.7469	7.16213	4.35982	0.982894
462	865.48	31	-6.83049e+06	17.2909	0.795221	1473	1.74796	7.31447	4.36078	0.95178
463	848.232	32	-6.82922e+06	17.4129	0.801478	1495	1.74405	7.19962	4.36288	0.932855
464	861.357	32	-6.82915e+06	17.3993	0.803609	1530	1.74336	7.14576	4.36226	1.1205
465	840.081	32	-6.82952e+06	17.4188	0.803752	1463	1.74478	7.22015	4.3647	1.03673
466	864.522	32	-6.83262e+06	17.4092	0.799182	1483	1.74679	7.20286	4.36445	0.941337
467	839.922	31	-6.8314e+06	17.4259	0.797316	1502	1.74532	7.33002	4.36774	0.89307
468	849.86	32	-6.83213e+06	17.4336	0.79755	1495	1.74801	7.27591	4.36527	1.01307
469	856.277	31	-6.82751e+06	17.3577	0.800318	1520	1.74398	7.16843	4.36345	0.981748
470	878.012	32	-6.82831e+06	17.4248	0.801526	1522	1.74532	7.15696	4.35906	1.01242
471	874.57	31	-6.8267e+06	17.4573	0.801867	1490	1.74222	7.17926	4.36001	1.06504
472	871.024	32	-6.82742e+06	17.42	0.802481	1525	1.74487	7.31495	4.35728	1.04318
473	865.71	32	-6.82485e+06	17.3735	0.805124	1507	1.7406	7.18449	4.35708	1.01688
474	883.453	31	-6.82785e+06	17.2593	0.805323	1533	1.74479	7.17542	4.35765	1.02654
475	879.04	32	-6.82718e+06	17.2633	0.803835	1501	1.74174	7.25994	4.35737	0.851042
476	866.227	31	-6.82995e+06	17.2008	0.803735	1554	1.74416	7.32972	4.35651	0.928035
477	873.995	32	-6.82843e+06	17.2334	0.808418	1523	1.74198	7.24562	4.35758	1.1301
478	870.465	32	-6.82516e+06	17.296	0.809105	1499	1.73846	7.30914	4.3628	0.91257
479	864.935	32	-6.8277e+06	17.4011	0.807954	1482	1.73992	7.25301	4.36077	0.89227
480	862.82	33	-6.82946e+06	17.3709	0.803872	1496	1.74292	7.22354	4.35863	1.01983
481	877.265	32	-6.82969e+06	17.427	0.802494	1507	1.74366	7.24431	4.36171	1.06406
482	874.308	31	-6.82913e+06	17.4001	0.808035	1521	1.74459	7.23424	4.36187	1.02594
483	875.077	32	-6.82578e+06	17.3242	0.80819	1545	1.74017	7.21441	4.3601	0.955863
484	867.575	32	-6.83014e+06	17.3634	0.805451	1493	1.74385	7.32699	4.36246	1.06808
485	859.156	33	-6.82986e+06	17.367	0.806221	1471	1.74648	7.36535	4.36036	0.951591
486	853.384	32	-6.82807e+06	17.2833	0.80204	1480	1.74641	7.39787	4.3535	1.0797
487	857.186	32	-6.8305e+06	17.3563	0.799206	1494	1.74712	7.36227	4.35741	1.08291
488	866.456	32	-6.8277e+06	17.381	0.806205	1520	1.74475	7.46247	4.35745	1.11226
489	866.556	31	-6.82523e+06	17.342	0.806747	1516	1.741	7.30758	4.36152	1.05878
490	869.296	32	-6.82709e+06	17.3434	0.8063	1534	1.74068	7.39911	4.36163	0.917872
491	854.128	31	-6.82715e+06	17.3965	0.80682	1484	1.74062	7.20346	4.36033	1.03309
492	864.987	33	-6.82882e+06	17.2811	0.805549	1473	1.74489	7.26546	4.36067	1.09397
493	842.574	32	-6.82741e+06	17.3064	0.808736	1475	1.7423	7.16869	4.35757	1.1339
494	840.566	33	-6.82854e+06	17.2792	0.809194	1480	1.74522	7.28572	4.35306	0.97712
495	846.464	32	-6.82847e+06	17.3149	0.804299	1442	1.74258	7.2515	4.35377	1.05793
496	847.615	34	-6.82903e+06	17.2799	0.803875	1448	1.74285	7.23424	4.35866	1.03101
497	852.43	33	-6.82914e+06	17.2562	0.804102	1416	1.74233	7.19325	4.3561	1.01009
498	848.576	33	-6.8259e+06	17.3055	0.805137	1459	1.73756	7.16681	4.3568	0.922188
499	848.19	33	-6.82898e+06	17.4461	0.804093	1411	1.7405	7.13323	4.3569	0.922766
500	842.677	34	-6.82456e+06	17.5491	0.80547	1456	1.73984	7.20593	4.35686	1.02118
501	844.652	33	-6.82549e+06	17.498	0.804544	1469	1.73934	7.26213	4.36451	0.977333
502	855.114	32	-6.82465e+06	17.4796	0.80745	1451	1.73846	7.17145	4.36488	1.09359
503	843.769	33	-6.82286e+06	17.4689	0.80726	1479	1.73742	7.20643	4.36219	1.02295
504	849.141	33	-6.82541e+06	17.4188	0.805673	1469	1.73997	7.27979	4.36515	0.963853
505	851.601	33	-6.82534e+06	17.4372	0.805449	1434	1.74266	7.19751	4.36295	0.954093
506	855.542	32	-6.8249e+06	17.4763	0.806549	1505	1.74377	7.34847	4.36417	0.943089
507	867.738	33	-6.82624e+06	17.4881	0.805846	1489	1.74135	7.27714	4.36104	1.07479
508	863.8	32	-6.82666e+06	17.4702	0.804092	1463	1.74207	7.29556	4.36315	1.00405
509	862.896	32	-6.82873e+06	17.5338	0.801185	1502	1.7437	7.17396	4.35561	1.07933
510	868.773	32	-6.82772e+06	17.4787	0.799291	1508	1.74396	7.37326	4.35968	1.09342
511	857.959	32	-6.82938e+06	17.458	0.80107	1484	1.74513	7.20162	4.35936	1.00799
512	869.422	33	-6.82882e+06	17.4651	0.799322	1468	1.74657	7.3271	4.35944	0.988983
513	858.24	33	-6.82921e+06	17.3947	0.802582	1471	1.74635	7.16355	4.36087	0.979568
514	873.324	33	-6.82628e+06	17.3496	0.799689	1501	1.74556	7.22123	4.35935	1.00398
515	881.908	33	-6.82461e+06	17.3637	0.797963	1472	1.74251	7.24128	4.36302	1.05685
516	859.135	32	-6.8293e+06	17.4559	0.798465	1465	1.74725	7.16175	4.36166	0.880152
517	863.624	32	-6.82722e+06	17.3967	0.795098	1480	1.74507	7.29872	4.36027	0.930427
518	880.247	32	-6.83143e+06	17.4416	0.796473	1463	1.74967	7.12499	4.36122	0.993017
519	883.323	32	-6.83282e+06	17.373	0.797716	1475	1.74956	7.24896	4.35971	0.919488
520	873.939	32	-6.82963e+06	17.3812	0.797552	1467	1.74871	7.34309	4.35874	1.02861
521	868.408	33	-6.82899e+06	17.409	0.801685	1478	1.74824	7.3039	4.35952	0.987241
522	867.024	31	-6.83071e+06	17.3766	0.802369	1501	1.74868	7.26145	4.35657	1.08573
523	869.751	32	-6.82998e+06	17.3717	0.802101	1496	1.74998	7.18035	4.35186	0.978066
524	874.252	32	-6.8291e+06	17.4747	0.802364	1472	1.74856	7.32916	4.35904	0.998776
525	869.145	33	-6.83164e+06	17.4098	0.798458	1487	1.74993	7.17222	4.35695	1.00293
526	875.266	33	-6.83157e+06	17.2477	0.803256	1492	1.74861	7.2328	4.35587	0.927169
527	858.39	31	-6.82972e+06	17.3763	0.798725	1466	1.74596	7.23375	4.35824	0.979296
528	871.149	32	-6.82711e+06	17.4137	0.800522	1471	1.74329	7.28626	4.3631	1.08615
529	832.247	31	-6.82913e+06	17.333	0.798389	1457	1.74384	7.27525	4.36472	1.04458
530	859.236	32	-6.8248e+06	17.4696	0.801215	1494	1.74094	7.44435	4.36704	1.10156
531	853.418	31	-6.82353e+06	17.4711	0.80282	1457	1.74062	7.37197	4.36546	0.972507
532	854.623	33	-6.82238e+06	17.4961	0.805693	1463	1.74148	7.36663	4.36469	0.988472
533	839.931	32	-6.82673e+06	17.439	0.803098	1506	1.74343	7.284	4.36463	0.97654
534	861.136	32	-6.82611e+06	17.4653	0.80327	1496	1.74113	7.26422	4.36656	1.16671
535	871.437	32	-6.82695e+06	17.5061	0.805088	1465	1.74438	7.31511	4.36628	1.02369
536	859.478	32	-6.82568e+06	17.4598	0.803025	1491	1.74209	7.27365	4.36731	0.841976
537	857.185	31	-6.82737e+06	17.4507	0.805799	1513	1.74405	7.55097	4.36441	0.97649
538	827.975	31	-6.82807e+06	17.3689	0.804811	1474	1.7446	7.31769	4.36524	1.1086
539	852.332	32	-6.83019e+06	17.4649	0.804561	1540	1.74583	7.214	4.3628	0.902042
540	868.711	32	-6.83117e+06	17.4514	0.7973	1474	1.74694	7.30373	4.36732	1.07408
541	854.465	32	-6.83063e+06	17.4106	0.798865	1488	1.74669	7.35248	4.3663	1.00229
542	877.912	31	-6.83036e+06	17.4135	0.799865	1551	1.74723	7.31041	4.36562	1.00277
543	878.945	31	-6.83071e+06	17.3081	0.799612	1525	1.7466	7.41853	4.36575	0.901915
544	860.002	31	-6.83248e+06	17.3422	0.803316	1481	1.74638	7.24748	4.36451	0.942589
545	859.194	32	-6.83269e+06	17.3051	0.80365	1498	1.74823	7.24452	4.36104	1.12758
546	871.174	32	-6.83122e+06	17.3979	0.802007	1500	1.747	7.21597	4.36315	0.927064
547	875.242	32	-6.8324e+06	17.3761	0.804412	1517	1.7494	7.28778	4.3603	0.919102
548	862.24	31	-6.83264e+06	17.4296	0.7998	1564	1.75003	7.23732	4.35276	0.938865
549	874.217	32	-6.83024e+06	17.3162	0.79972	1525	1.74659	7.31201	4.35965	1.10431
550	874.103	30	-6.82988e+06	17.3583	0.798962	1460	1.74525	7.12484	4.3594	0.95235
551	863.27	32	-6.83116e+06	17.4045	0.798725	1496	1.74454	7.33351	4.36147	1.04346
552	861.94	32	-6.83137e+06	17.3864	0.804561	1505	1.747	7.33127	4.35744	1.11147
553	860.543	32	-6.83291e+06	17.2672	0.804271	1485	1.74884	7.23142	4.36051	1.09504
554	858.618	32	-6.83029e+06	17.2384	0.805421	1511	1.74622	7.32568	4.36374	1.00267
555	847.78	33	-6.83186e+06	17.2228	0.803266	1469	1.74819	7.25772	4.35974	0.958859
556	853.43	32	-6.83023e+06	17.2211	0.799849	1424	1.74816	7.20271	4.35818	1.11836
557	852.699	32	-6.83355e+06	17.3439	0.799435	1457	1.74922	7.40145	4.36087	1.00233
558	841.549	32	-6.83349e+06	17.3406	0.798694	1441	1.74619	7.32303	4.36073	0.933982
559	840.673	33	-6.83207e+06	17.4015	0.801871	1426	1.74673	7.15265	4.36149	0.992995
560	840.055	32	-6.83117e+06	17.4429	0.797576	1426	1.74548	7.27092	4.36235	1.01741
561	827.799	34	-6.83383e+06	17.4157	0.79556	1397	1.74859	7.30658	4.36373	1.07913
562	827.795	33	-6.83096e+06	17.3123	0.795238	1377	1.74638	7.16548	4.36551	1.02579
563	825.256	33	-6.83449e+06	17.3777	0.79807	1395	1.75042	7.22381	4.36166	0.92129
564	838.976	33	-6.83307e+06	17.4249	0.791228	1396	1.74966	7.15195	4.36552	1.12748
565	828.826	34	-6.83525e+06	17.4256	0.790071	1389	1.75068	7.15371	4.36345	0.959775
566	803.524	33	-6.83661e+06	17.3579	0.793644	1396	1.75231	7.09904	4.36046	1.03984
567	828.308	34	-6.83478e+06	17.3289	0.79662	1402	1.75076	7.23871	4.3612	0.898342
568	841.523	33	-6.83487e+06	17.3517	0.793637	1426	1.75138	7.15483	4.35983	1.00853
569	844.218	32	-6.83252e+06	17.3611	0.799408	1438	1.74711	7.1694	4.35668	0.920334
570	832.099	32	-6.83081e+06	17.3503	0.802166	1405	1.74671	7.22133	4.35933	0.940348
571	831.187	34	-6.83372e+06	17.3638	0.798226	1415	1.74821	7.3927	4.35956	0.946182
572	842.571	33	-6.83448e+06	17.2918	0.799949	1425	1.75026	7.25112	4.35898	1.02663
573	856.051	32	-6.83547e+06	17.2553	0.79762	1467	1.75124	7.32295	4.35701	0.966758
574	851.948	32	-6.83291e+06	17.3195	0.799211	1485	1.74957	7.25547	4.36067	0.952186
575	860.716	33	-6.83453e+06	17.3032	0.798385	1438	1.75194	7.3155	4.35914	0.950144
576	830.33	32	-6.83687e+06	17.2838	0.795858	1411	1.75158	7.3888	4.36394	1.015
577	838.412	33	-6.83489e+06	17.3193	0.795592	1443	1.74843	7.36139	4.36706	0.990846
578	823.965	33	-6.8358e+06	17.3648	0.793634	1403	1.74954	7.46625	4.36463	1.08295
579	830.035	33	-6.83345e+06	17.327	0.794108	1443	1.74992	7.25151	4.36659	0.939011
580	848.414	33	-6.83266e+06	17.3266	0.798002	1447	1.75123	7.44071	4.36333	0.858535
581	847.651	33	-6.83267e+06	17.2531	0.795316	1440	1.74793	7.25275	4.36543	1.09377
582	845.693	33	-6.83138e+06	17.4181	0.797785	1443	1.74778	7.30531	4.36496	0.896613
583	848.622	33	-6.83384e+06	17.4129	0.79628	1416	1.74722	7.30291	4.36537	1.029
584	852.963	32	-6.83426e+06	17.3205	0.803491	1446	1.74776	7.29021	4.36042	0.900599
585	851.504	33	-6.83565e+06	17.3262	0.801791	1452	1.74946	7.22832	4.35866	1.30125
586	849.403	34	-6.83358e+06	17.3365	0.79987	1452	1.74902	7.33442	4.36126	1.00233
587	856.006	33	-6.83515e+06	17.3005	0.799798	1436	1.75063	7.18077	4.36422	0.955032
588	841.99	33	-6.83484e+06	17.2347	0.798634	1422	1.75013	7.17396	4.35978	1.10727
589	853.052	33	-6.83316e+06	17.3054	0.800695	1441	1.74661	7.19206	4.35687	1.01536
590	854.543	33	-6.82769e+06	17.3563	0.802218	1449	1.74346	7.20212	4.35681	1.0147
591	837.958	32	-6.82881e+06	17.4041	0.801242	1477	1.74567	7.30827	4.35893	0.971034
592	853.713	31	-6.82828e+06	17.4309	0.801865	1481	1.74478	7.22135	4.36179	0.985662
593	847.234	32	-6.82807e+06	17.4479	0.802979	1455	1.74322	7.27194	4.35827	0.98042
594	863.462	33	-6.8271e+06	17.378	0.801239	1481	1.74292	7.12299	4.36121	0.991132
595	864.77	32	-6.82636e+06	17.3615	0.804145	1476	1.74208	7.22431	4.36143	1.04657
596	846.894	32	-6.82575e+06	17.3522	0.805254	1441	1.74018	7.41906	4.36865	1.03893
597	832.718	32	-6.82781e+06	17.4441	0.800341	1434	1.741	7.32881	4.36662	0.936955
598	837.504	33	-6.8283e+06	17.4015	0.801396	1454	1.74346	7.35049	4.36157	0.976415
599	811.87	32	-6.82439e+06	17.4847	0.805879	1451	1.73913	7.29204	4.36688	0.983831
600	843.937	33	-6.82603e+06	17.4346	0.80429	1431	1.73929	7.24861	4.3575	0.922285
601	837.285	32	-6.82572e+06	17.3854	0.80628	1453	1.7405	7.23496	4.36061	1.10763
602	847.62	33	-6.82859e+06	17.3557	0.807302	1419	1.7415	7.28119	4.36612	1.07654
603	840.616	33	-6.82972e+06	17.4068	0.807047	1400	1.74226	7.2634	4.37182	1.00835
604	837.505	34	-6.83169e+06	17.3627	0.805037	1432	1.74487	7.40483	4.36814	1.01206
605	839.543	33	-6.82908e+06	17.3165	0.805279	1474	1.74306	7.34204	4.36515	1.10493
606	855.899	32	-6.83154e+06	17.3837	0.805388	1463	1.74886	7.48469	4.36264	0.990801
607	863.796	33	-6.82931e+06	17.2513	0.809398	1455	1.7451	7.41401	4.36188	0.9492
608	845.799	33	-6.82894e+06	17.3527	0.804741	1410	1.7438	7.14944	4.366	0.951417
609	834.146	33	-6.82729e+06	17.3559	0.803526	1426	1.74378	7.19531	4.36558	1.06529
610	840.677	33	-6.82892e+06	17.4027	0.804693	1431	1.74355	7.15797	4.35982	0.928855
611	848.489	33	-6.82798e+06	17.4015	0.806828	1421	1.74286	7.19903	4.36163	1.03696
612	833.932	34	-6.82567e+06	17.4513	0.80709	1402	1.74399	7.33741	4.35871	0.92261
613	820.946	33	-6.82597e+06	17.5189	0.806195	1462	1.74283	7.22461	4.35556	0.982185
614	856.492	33	-6.82921e+06	17.471	0.802091	1436	1.74523	7.24987	4.35553	1.04383
615	844.628	33	-6.83019e+06	17.3594	0.801929	1432	1.7476	7.26451	4.35722	1.03684
616	844.292	32	-6.83448e+06	17.3641	0.797777	1460	1.75041	7.40437	4.36116	1.13073
617	851.967	33	-6.83377e+06	17.2463	0.801574	1482	1.7503	7.26209	4.3596	1.05722
618	855.033	32	-6.8333e+06	17.3156	0.80046	1509	1.74551	7.29247	4.35931	1.00594
619	863.664	32	-6.82877e+06	17.3552	0.801629	1487	1.74157	7.30417	4.36006	1.11309
620	854.139	32	-6.82854e+06	17.379	0.804393	1452	1.7414	7.19822	4.35804	1.07087
621	855.816	33	-6.82976e+06	17.3371	0.804159	1476	1.74439	7.2015	4.36243	1.02147
622	843.695	32	-6.82725e+06	17.4115	0.807207	1499	1.74289	7.30297	4.35872	1.09362
623	848.696	31	-6.82519e+06	17.4136	0.808172	1467	1.74119	7.24396	4.35982	1.0275
624	850.728	33	-6.82532e+06	17.3886	0.805595	1503	1.74163	7.14971	4.35645	1.01137
625	850.588	32	-6.82335e+06	17.4093	0.806306	1492	1.7387	7.24915	4.36259	1.0772
626	835.064	32	-6.82584e+06	17.4301	0.806059	1512	1.74312	7.32384	4.36275	0.931171
627	845.607	31	-6.82735e+06	17.461	0.806735	1485	1.74163	7.15381	4.36377	1.02168
628	855.953	32	-6.82698e+06	17.2466	0.810078	1487	1.74011	7.08407	4.3669	0.874957
629	845.399	33	-6.82723e+06	17.2901	0.807623	1511	1.7401	7.28503	4.36736	1.14724
630	853.429	33	-6.82592e+06	17.4419	0.80492	1460	1.73918	7.29534	4.36443	0.998873
631	836.801	32	-6.82768e+06	17.363	0.80774	1437	1.73984	7.26459	4.3636	0.924255
632	825.276	32	-6.82927e+06	17.2751	0.80705	1481	1.74188	7.09075	4.364	0.931052
633	841.086	32	-6.82781e+06	17.314	0.802438	1454	1.74215	7.23629	4.36602	1.03522
634	861.023	33	-6.82982e+06	17.4248	0.803133	1470	1.7449	7.21313	4.36247	1.07489
635	846.248	32	-6.82611e+06	17.3135	0.806444	1454	1.74086	7.42569	4.36343	0.912861
636	864.826	32	-6.83138e+06	17.3741	0.800659	1479	1.74495	7.34591	4.36688	0.865534
637	855.603	31	-6.82836e+06	17.4227	0.803411	1490	1.74442	7.44324	4.36233	1.01078
638	862.908	32	-6.82707e+06	17.311	0.805512	1491	1.74059	7.34921	4.36105	1.06441
639	873.759	32	-6.82851e+06	17.3352	0.801984	1507	1.74468	7.28197	4.36491	0.944579
640	878.036	32	-6.83031e+06	17.3308	0.805328	1493	1.74667	7.14958	4.36423	1.10255
641	856.708	31	-6.82989e+06	17.4023	0.804488	1514	1.74632	7.21566	4.36266	0.929113
642	869.935	32	-6.82872e+06	17.3658	0.804666	1498	1.74344	7.13381	4.35986	0.93569
