iter	time	topo	loglik	length	alpha	Nmode	statent	statalpha	rrent	rrmean
0	0	0	-1.51117e+07	8.00594	1	11	2.63624	20	4.86653	0.990824
1	317.829	73	-8.53503e+06	12.488	0.549998	24	2.44379	19.0233	4.74265	0.909076
2	318.904	72	-8.26819e+06	15.4484	0.492144	27	2.41764	18.4414	4.64233	0.950464
3	318.696	71	-8.09317e+06	19.1143	0.468945	47	2.38048	17.8337	4.58963	1.00467
4	325.333	71	-7.94719e+06	19.8812	0.463076	61	2.33662	17.055	4.56207	1.13865
5	321.369	70	-7.87996e+06	20.8299	0.460743	81	2.29652	15.0263	4.54399	0.99795
6	322.995	68	-7.69698e+06	21.0867	0.46763	96	2.27592	15.2579	4.51662	1.03566
7	333.482	68	-7.65715e+06	22.2282	0.467824	114	2.25163	14.4347	4.50104	1.04918
8	338.436	67	-7.60014e+06	22.5065	0.468241	119	2.23647	14.1781	4.48338	0.907909
9	351.107	67	-7.56828e+06	22.755	0.470008	137	2.22384	12.66	4.47082	1.09586
10	358.158	66	-7.54118e+06	22.7934	0.471835	151	2.20276	12.409	4.46708	0.897407
11	368.269	66	-7.50692e+06	22.952	0.473265	180	2.1892	12.8603	4.45434	0.983957
12	365.283	63	-7.48248e+06	23.0294	0.475875	209	2.1718	12.0041	4.44513	0.876282
13	377.35	64	-7.44869e+06	23.1875	0.479014	207	2.15154	12.7111	4.44018	0.92049
14	381.504	63	-7.40544e+06	23.1659	0.486342	226	2.13664	12.1391	4.42976	1.00013
15	390.614	63	-7.38312e+06	23.3296	0.489287	253	2.11934	12.3846	4.42791	1.05813
16	389.008	61	-7.35043e+06	23.5704	0.493474	278	2.1013	11.8875	4.42357	1.06053
17	389.018	60	-7.32113e+06	23.7444	0.502268	295	2.08223	11.1987	4.41719	1.06096
18	412.579	60	-7.30618e+06	23.5416	0.508505	321	2.07053	11.8	4.41519	1.05197
19	424.465	59	-7.28658e+06	23.1966	0.513847	333	2.0533	10.9	4.41417	1.07988
20	424.066	59	-7.20121e+06	23.0997	0.521304	341	2.04341	10.8961	4.41637	1.22813
21	429.363	57	-7.17372e+06	23.152	0.522605	388	2.03635	11.177	4.41448	1.04118
22	437.088	57	-7.15781e+06	23.2142	0.527768	418	2.02143	11.5046	4.4176	1.09501
23	443.228	55	-7.14432e+06	24.0212	0.527827	431	2.00704	10.7295	4.41504	1.07821
24	450.314	55	-7.13405e+06	24.3341	0.529101	428	1.99729	10.5421	4.4091	0.870525
25	442.354	53	-7.12303e+06	24.1278	0.52939	469	1.99044	10.4422	4.40709	1.0997
26	463.458	53	-7.11713e+06	24.1764	0.534469	496	1.98411	10.0461	4.40745	0.962343
27	476.362	52	-7.10723e+06	23.7891	0.538719	509	1.97452	10.2149	4.41124	1.04109
28	462.31	52	-7.10204e+06	23.7183	0.543477	487	1.96783	10.2185	4.40771	0.958691
29	475.739	52	-7.0979e+06	23.1898	0.543956	524	1.96775	9.85995	4.40446	0.878284
30	489.478	51	-7.09385e+06	21.2908	0.546751	562	1.96654	9.97231	4.40461	1.01633
31	495.542	51	-7.08765e+06	20.2513	0.555853	557	1.96493	9.95525	4.40461	0.982834
32	489.554	49	-7.07664e+06	20.5145	0.555646	590	1.95946	9.94757	4.40184	1.00972
33	499.28	51	-7.06732e+06	20.8015	0.55603	610	1.95337	9.87577	4.39464	0.958127
34	487.081	49	-7.06354e+06	20.6952	0.556073	610	1.95287	9.83618	4.39381	1.16979
35	503.968	49	-7.05555e+06	20.5075	0.559567	626	1.94715	9.77288	4.39443	1.03273
36	509.922	49	-7.05018e+06	20.0328	0.562884	627	1.94095	9.57117	4.39684	0.92041
37	512.724	49	-7.04762e+06	19.97	0.562921	650	1.93972	9.72919	4.39756	0.905252
38	512.82	47	-7.04457e+06	19.7436	0.56793	655	1.93638	9.5811	4.3937	1.04798
39	515.533	47	-7.04212e+06	19.7755	0.567353	678	1.93047	9.56863	4.39788	1.03404
40	530.41	47	-7.04231e+06	19.6779	0.570635	662	1.93353	9.55879	4.39831	1.08767
41	526.732	48	-7.03536e+06	19.6051	0.572034	688	1.92595	9.55252	4.39543	1.01833
42	539.167	47	-7.03351e+06	19.6343	0.57434	725	1.92783	9.4674	4.39738	1.00856
43	545.011	47	-7.03103e+06	19.5804	0.575145	720	1.92371	9.65762	4.39828	0.949058
44	546.36	45	-7.02543e+06	19.7979	0.576152	741	1.91757	9.54873	4.39981	0.998904
45	553.958	46	-7.02361e+06	19.8177	0.577968	731	1.91659	9.40496	4.39539	0.953703
46	549.028	46	-7.01918e+06	19.7374	0.579869	749	1.91294	9.14273	4.39549	1.06774
47	560.319	46	-7.01679e+06	19.8486	0.580092	772	1.91271	9.43713	4.39707	1.01369
48	557.187	46	-7.01496e+06	19.8593	0.579668	764	1.91464	9.24564	4.39334	0.935802
49	548.946	43	-7.01585e+06	19.5813	0.582123	795	1.91416	9.23188	4.39023	1.05496
50	567.203	44	-7.02127e+06	18.4957	0.585084	811	1.9214	9.16129	4.39101	0.999632
51	581.08	44	-7.02129e+06	18.3079	0.586114	819	1.9248	9.28129	4.38834	1.10677
52	571.81	43	-7.02088e+06	17.9361	0.587689	827	1.9273	9.23081	4.38486	1.10823
53	579.774	44	-7.02189e+06	17.8776	0.588239	839	1.92776	9.42899	4.38542	0.993869
54	587.01	42	-7.02053e+06	17.3256	0.589756	885	1.92983	9.32592	4.37797	1.00051
55	605.007	42	-7.02263e+06	16.7773	0.593669	887	1.93383	9.23291	4.37538	1.14259
56	602.575	43	-7.02061e+06	16.7609	0.596458	886	1.93514	9.22731	4.37857	0.989384
57	600.646	41	-7.01639e+06	16.6725	0.600613	901	1.93152	9.26894	4.3775	0.936127
58	625.779	41	-7.01377e+06	16.6503	0.601858	928	1.9277	9.40521	4.37655	1.04116
59	617.53	41	-7.01352e+06	16.6084	0.603877	945	1.93016	9.2949	4.37553	1.15095
60	617.948	42	-7.01089e+06	16.6954	0.605113	957	1.93069	9.40308	4.37799	0.958975
61	617.446	41	-7.01155e+06	16.7048	0.605032	941	1.93257	9.25603	4.37764	1.00501
62	616.887	39	-7.0082e+06	16.6832	0.601542	1004	1.92899	8.94528	4.37693	0.975177
63	633.033	41	-7.0056e+06	16.686	0.605402	954	1.92593	9.1228	4.3775	1.01114
64	632.253	40	-7.00278e+06	16.6108	0.604909	989	1.92435	9.00386	4.37587	1.11335
65	643.543	40	-7.0006e+06	16.717	0.603021	992	1.92095	9.05183	4.3775	1.01066
66	644.69	40	-6.99861e+06	16.9611	0.604782	1007	1.91889	8.96943	4.3746	0.961056
67	644.409	39	-6.99961e+06	16.9731	0.60406	1005	1.92047	9.07607	4.37207	0.870529
68	649.661	39	-6.99749e+06	16.9911	0.604761	1037	1.91963	9.07005	4.37303	1.02421
69	645.267	39	-6.99629e+06	16.9496	0.602653	1034	1.92012	8.96028	4.37722	1.07871
70	641.252	39	-6.99709e+06	16.8799	0.602784	1029	1.92056	8.8867	4.37775	0.845431
71	662.36	39	-6.99473e+06	16.8059	0.604364	1029	1.91837	8.94433	4.37746	1.04378
72	672.309	38	-6.99143e+06	16.7876	0.60402	1069	1.91327	8.84257	4.37924	0.992894
73	675.031	38	-6.98999e+06	16.8303	0.607713	1095	1.91131	8.96196	4.37216	1.07515
74	670.597	37	-6.98619e+06	16.8481	0.610206	1087	1.90851	8.89386	4.37298	0.988444
75	668.722	38	-6.98536e+06	16.8513	0.610215	1093	1.90952	8.8518	4.37186	0.919285
76	666.346	38	-6.98239e+06	16.8326	0.607241	1058	1.90668	8.72696	4.37493	0.882772
77	662.628	38	-6.98239e+06	16.828	0.610979	1076	1.90743	8.75491	4.36847	1.00674
78	671.481	38	-6.98253e+06	16.79	0.612178	1067	1.90743	8.82394	4.37682	0.996792
79	659.271	38	-6.97726e+06	16.8769	0.612257	1040	1.9016	8.79782	4.37346	1.09532
80	666.025	39	-6.98064e+06	16.8934	0.610807	1091	1.90217	8.77397	4.37907	1.00053
81	675.309	37	-6.97797e+06	16.9869	0.612191	1110	1.9031	8.60828	4.37491	1.09038
82	673.216	38	-6.97663e+06	17.0264	0.61197	1091	1.90118	8.61512	4.37541	1.01645
83	671.611	38	-6.97704e+06	17.0515	0.610412	1094	1.90232	8.84405	4.36752	0.917673
84	674.444	38	-6.97475e+06	17.0424	0.610725	1104	1.89927	8.84825	4.36979	1.05643
85	664.443	38	-6.97474e+06	17.1654	0.610021	1096	1.89847	8.78585	4.37134	1.0683
86	675.788	37	-6.97074e+06	17.1107	0.608586	1130	1.89455	8.65048	4.36737	1.08801
87	688.796	37	-6.97115e+06	17.1199	0.610233	1120	1.89541	8.61465	4.36647	1.02768
88	703.526	36	-6.97219e+06	17.1285	0.609919	1176	1.90076	8.64863	4.36846	1.04317
89	702.05	35	-6.96969e+06	17.1218	0.611682	1164	1.89468	8.57817	4.36967	1.14471
90	696.649	37	-6.96466e+06	17.1607	0.615642	1171	1.89186	8.83385	4.36746	0.881379
91	694.668	36	-6.96466e+06	17.0886	0.617229	1194	1.89085	8.73246	4.36151	0.957172
92	694.718	36	-6.96498e+06	17.0242	0.618093	1210	1.89292	8.7567	4.36569	1.00069
93	716.946	36	-6.96397e+06	17.0674	0.616742	1165	1.89105	8.54687	4.36565	1.0848
94	706.125	36	-6.95905e+06	17.1204	0.618859	1194	1.88531	8.5594	4.36347	1.01202
95	698.783	36	-6.96027e+06	17.0976	0.618845	1186	1.88612	8.45671	4.36657	1.05944
96	707.571	36	-6.95996e+06	17.0692	0.621404	1191	1.88514	8.75271	4.3737	0.976711
97	708.102	36	-6.95608e+06	17.0483	0.62236	1205	1.88118	8.55419	4.36973	0.999291
98	702.246	36	-6.95611e+06	17.084	0.626555	1207	1.87902	8.71118	4.3725	1.02852
99	708.362	36	-6.95542e+06	17.0164	0.626774	1208	1.87751	8.68953	4.37308	1.06064
100	705.561	36	-6.95251e+06	16.992	0.628648	1201	1.87456	8.53612	4.36699	1.0776
101	706.061	36	-6.95026e+06	17.0921	0.629462	1210	1.87302	8.37202	4.36595	0.9484
102	714.722	35	-6.95079e+06	17.0637	0.633342	1242	1.87176	8.36534	4.36779	1.06778
103	712.348	35	-6.95165e+06	16.9815	0.633384	1235	1.87465	8.45961	4.36743	0.985763
104	711.706	35	-6.94686e+06	16.9176	0.63628	1205	1.86929	8.40395	4.36676	1.11046
105	710.673	36	-6.94716e+06	16.9983	0.63807	1206	1.86993	8.39223	4.37009	0.945681
106	712.785	36	-6.94635e+06	16.9896	0.639748	1220	1.86952	8.2855	4.37369	0.984299
107	719.897	36	-6.9458e+06	17.0005	0.6387	1222	1.86825	8.01294	4.37293	0.987982
108	716.295	35	-6.9431e+06	17.0545	0.639621	1259	1.86538	8.24117	4.36806	0.988142
109	726.525	35	-6.94128e+06	17.0495	0.641316	1239	1.86158	8.30538	4.36575	1.04076
110	723.621	35	-6.94007e+06	17.0534	0.642288	1252	1.86212	8.35981	4.36645	1.01946
111	721.946	34	-6.93661e+06	17.038	0.642793	1262	1.85926	8.51816	4.36687	1.12064
112	733.934	35	-6.93867e+06	17.1135	0.645769	1290	1.85902	8.48228	4.36645	1.00077
113	738.805	34	-6.93651e+06	17.047	0.647614	1282	1.85735	8.4833	4.36579	0.983432
114	747.794	34	-6.93128e+06	17.0845	0.649227	1317	1.85436	8.43313	4.36675	1.05611
115	751.803	34	-6.93153e+06	17.0746	0.653268	1286	1.8536	8.65656	4.36497	1.01746
116	725.59	34	-6.92933e+06	17.1281	0.656282	1287	1.85051	8.59494	4.36442	0.961267
117	729.097	35	-6.92866e+06	17.1417	0.654512	1272	1.85283	8.40174	4.36567	1.00993
118	720.748	33	-6.92738e+06	17.1085	0.655572	1302	1.85237	8.39477	4.36883	1.08053
119	740.974	34	-6.92697e+06	17.1523	0.657599	1345	1.84842	8.37594	4.36322	1.02835
120	750.173	34	-6.92426e+06	17.1369	0.656721	1319	1.84575	8.37903	4.35846	1.10394
121	754.013	33	-6.92219e+06	17.0916	0.661162	1305	1.84339	8.48967	4.35775	0.904925
122	730.559	33	-6.91891e+06	17.0933	0.666918	1316	1.84059	8.28721	4.35772	1.00345
123	747.576	34	-6.91837e+06	17.1847	0.668259	1344	1.83907	8.37639	4.35848	0.986698
124	756.158	33	-6.91585e+06	17.1154	0.672482	1343	1.837	8.37369	4.35848	1.02426
125	749.016	33	-6.91302e+06	17.1455	0.675926	1333	1.83339	8.36142	4.36167	1.00519
126	747.748	34	-6.91231e+06	17.0704	0.680113	1346	1.83084	8.45951	4.36643	1.05843
127	745.893	34	-6.90993e+06	17.0428	0.680948	1332	1.8279	8.27905	4.36346	0.967011
128	748.908	34	-6.90649e+06	17.1185	0.682638	1303	1.82502	8.15719	4.3579	1.02435
129	729.893	34	-6.90593e+06	17.1379	0.690638	1326	1.82103	8.20189	4.3599	1.11275
130	750.228	34	-6.90417e+06	17.1067	0.693791	1311	1.8194	8.24961	4.36355	0.993951
131	736.062	33	-6.90196e+06	17.1058	0.695308	1286	1.81747	8.17007	4.36565	0.890902
132	736.251	33	-6.89876e+06	17.0963	0.696258	1311	1.81567	8.26486	4.36299	1.03103
133	722.528	34	-6.89571e+06	17.1919	0.69873	1289	1.8093	8.20448	4.36387	1.01393
134	735.297	34	-6.89431e+06	17.1242	0.70282	1310	1.80596	8.2501	4.3686	1.10097
135	738.622	34	-6.89105e+06	17.2622	0.708436	1331	1.80378	8.33061	4.36743	1.00142
136	747.335	33	-6.89038e+06	17.2135	0.711374	1329	1.80296	8.15627	4.36158	0.989475
137	741.748	34	-6.88647e+06	17.2758	0.714308	1351	1.79966	8.17733	4.36597	1.02155
138	731.261	33	-6.88502e+06	17.3445	0.714627	1333	1.79809	8.13732	4.36517	1.04836
139	751.474	33	-6.88462e+06	17.3071	0.714892	1365	1.79714	7.98591	4.36462	0.998448
140	764.408	33	-6.88176e+06	17.3447	0.718519	1330	1.79291	8.19396	4.37204	0.952103
141	741.836	33	-6.88297e+06	17.2485	0.723825	1325	1.79466	8.05098	4.37069	0.9603
142	752.248	34	-6.8805e+06	17.2909	0.724069	1343	1.79288	8.12852	4.36987	0.917694
143	746.523	34	-6.88121e+06	17.3222	0.723416	1309	1.79436	7.9986	4.36327	1.14665
144	741.675	34	-6.87853e+06	17.3214	0.723122	1300	1.79142	8.10447	4.36242	0.953625
145	746.723	34	-6.87874e+06	17.3077	0.727307	1297	1.78943	8.04671	4.35972	0.953039
146	731.355	35	-6.87966e+06	17.3018	0.730273	1281	1.78899	8.14344	4.36652	1.02433
147	726.415	34	-6.87434e+06	17.2045	0.735635	1332	1.78423	8.11381	4.36818	1.08877
148	748.043	34	-6.87493e+06	17.2926	0.739255	1327	1.78363	8.01016	4.36495	1.01007
149	735.584	34	-6.87043e+06	17.2811	0.745465	1293	1.78046	8.16378	4.3624	1.10256
150	742.398	34	-6.87267e+06	17.3626	0.742794	1365	1.78022	8.13496	4.36535	1.05418
151	762.097	33	-6.86848e+06	17.4321	0.745427	1388	1.77867	7.93959	4.36491	1.03556
152	754.521	32	-6.86948e+06	17.2905	0.753331	1388	1.77927	7.93282	4.36723	1.00813
153	760.29	33	-6.8657e+06	17.3386	0.753804	1350	1.77417	8.0259	4.36276	0.984504
154	752.728	34	-6.86714e+06	17.2756	0.75237	1381	1.7741	8.10963	4.36171	0.934415
155	768.745	33	-6.86568e+06	17.3762	0.754515	1347	1.772	7.96239	4.36171	0.965794
156	758.685	33	-6.86037e+06	17.3955	0.758061	1395	1.76707	8.08849	4.36212	1.00978
157	767.33	33	-6.86144e+06	17.482	0.761573	1356	1.7711	7.98346	4.35779	0.928192
158	756.974	34	-6.85857e+06	17.4423	0.766307	1395	1.76926	8.10854	4.36317	0.988879
159	753.898	32	-6.85686e+06	17.319	0.767385	1382	1.76626	8.04319	4.36251	0.923306
160	774.272	33	-6.85738e+06	17.3378	0.772073	1372	1.76716	8.06339	4.36363	0.854467
161	770.278	33	-6.85398e+06	17.2994	0.773884	1377	1.76424	8.02875	4.35856	0.992322
162	755.78	33	-6.85344e+06	17.2428	0.777725	1363	1.7639	8.16167	4.35954	1.06755
163	768.665	33	-6.85048e+06	17.3867	0.777674	1350	1.75889	8.10881	4.3619	0.932748
164	765.259	33	-6.85153e+06	17.5048	0.775247	1362	1.76042	8.02415	4.36196	1.0498
165	762.561	32	-6.8506e+06	17.4074	0.774047	1373	1.76105	8.01497	4.35648	1.08973
166	769.004	32	-6.85044e+06	17.4803	0.773467	1403	1.7574	8.02318	4.35698	1.04541
167	759.244	33	-6.85141e+06	17.4863	0.773569	1359	1.75921	8.13545	4.36029	0.975714
168	755.934	33	-6.84783e+06	17.5172	0.777386	1402	1.7544	7.92844	4.36352	1.15549
169	767.127	33	-6.84942e+06	17.4573	0.779506	1376	1.7553	7.94934	4.35796	0.967956
170	755.134	34	-6.84654e+06	17.4775	0.778837	1335	1.75251	7.82678	4.35592	1.06218
171	753.404	33	-6.84715e+06	17.5024	0.779582	1366	1.75334	7.97429	4.35863	0.961021
172	756.34	34	-6.84876e+06	17.4589	0.774968	1341	1.75486	8.04785	4.36035	0.919901
173	762.494	34	-6.84741e+06	17.4268	0.776744	1362	1.7542	7.88275	4.3597	0.91613
174	761.313	34	-6.84794e+06	17.4249	0.77687	1370	1.75552	7.82539	4.35935	1.01314
175	746.514	33	-6.84596e+06	17.4839	0.78379	1330	1.75561	7.84778	4.35747	1.10129
176	761.281	33	-6.84326e+06	17.3568	0.786872	1420	1.75297	7.90046	4.36185	1.03769
177	764.874	33	-6.84271e+06	17.3837	0.791752	1367	1.74874	7.78226	4.36084	1.04583
178	766.446	33	-6.8439e+06	17.469	0.79162	1392	1.75013	7.92772	4.36039	1.08327
179	750.279	32	-6.84127e+06	17.5074	0.786953	1357	1.75075	7.8283	4.35981	1.06439
180	746.267	33	-6.84314e+06	17.3535	0.787141	1360	1.75148	7.99172	4.36189	1.03151
181	758.989	33	-6.84629e+06	17.3521	0.786541	1377	1.75534	7.84705	4.35939	0.975334
182	765.928	33	-6.84377e+06	17.3809	0.784343	1377	1.75375	7.86867	4.36145	0.951564
183	758.834	33	-6.84188e+06	17.3906	0.784939	1367	1.75396	7.75204	4.36137	0.98102
184	769.495	32	-6.84234e+06	17.4521	0.784381	1386	1.75354	7.67112	4.35874	1.03587
185	763.056	32	-6.84548e+06	17.4215	0.783632	1402	1.75901	7.79413	4.36075	0.916351
186	763.646	33	-6.84571e+06	17.4426	0.784915	1388	1.75759	7.64654	4.35651	1.10886
187	761.376	33	-6.84353e+06	17.2884	0.789599	1368	1.75342	7.72879	4.36256	0.976798
188	762.641	33	-6.843e+06	17.2441	0.788873	1412	1.75401	7.96763	4.3623	0.953804
189	770.389	32	-6.8423e+06	17.1978	0.794062	1422	1.75377	7.72347	4.36226	1.04368
190	770.206	32	-6.84204e+06	17.2878	0.790962	1455	1.75097	7.7865	4.36275	1.16443
191	770.209	32	-6.84235e+06	17.3584	0.794597	1421	1.75085	7.67275	4.36525	0.94615
192	784.195	33	-6.84163e+06	17.3253	0.793089	1414	1.75191	7.75597	4.36288	0.982528
193	791.268	32	-6.84397e+06	17.3261	0.789999	1442	1.7525	7.62181	4.35915	0.912826
194	775.324	32	-6.84403e+06	17.3338	0.794733	1428	1.75246	7.68741	4.35776	1.06054
195	788.141	32	-6.84047e+06	17.3053	0.795356	1468	1.75048	7.66908	4.35587	0.927187
196	769.988	32	-6.83881e+06	17.4713	0.793541	1449	1.74846	7.70911	4.36275	0.978977
197	777.112	33	-6.83942e+06	17.5356	0.792062	1443	1.74851	7.65522	4.36056	1.04211
198	796.942	32	-6.83796e+06	17.3619	0.794229	1428	1.74711	7.48515	4.3604	1.08808
199	783.157	33	-6.84011e+06	17.4478	0.791074	1444	1.75154	7.60673	4.3586	1.08967
200	793.152	31	-6.84113e+06	17.3861	0.790701	1459	1.75269	7.63852	4.35723	0.970916
201	792.51	31	-6.84218e+06	17.4487	0.787657	1461	1.75241	7.69519	4.36065	1.08348
202	784.81	32	-6.84249e+06	17.4127	0.791305	1467	1.75286	7.56647	4.35199	1.01045
203	795.803	31	-6.8425e+06	17.377	0.791433	1444	1.7505	7.58787	4.35389	1.11758
204	787.81	32	-6.83979e+06	17.3883	0.794737	1478	1.74994	7.64647	4.35489	1.0011
205	796.96	31	-6.84058e+06	17.4529	0.794229	1470	1.75087	7.75126	4.36102	0.990996
206	805.959	32	-6.83928e+06	17.4311	0.797932	1478	1.75081	7.7965	4.3577	0.915282
207	787.925	31	-6.83904e+06	17.404	0.797806	1475	1.75038	7.78306	4.36028	0.924041
208	811.211	31	-6.83801e+06	17.3274	0.795369	1510	1.74752	7.77592	4.36165	0.931205
209	791.012	32	-6.83756e+06	17.4065	0.795527	1482	1.74878	7.70252	4.36034	0.931686
210	798.179	32	-6.83863e+06	17.4609	0.793693	1504	1.74768	7.66471	4.36321	1.04017
211	801.407	32	-6.83814e+06	17.4962	0.7956	1458	1.7455	7.68893	4.36555	0.939586
212	790.045	32	-6.83541e+06	17.4881	0.79845	1465	1.74402	7.64305	4.36594	0.939867
213	787.662	32	-6.83835e+06	17.3946	0.796488	1470	1.74824	7.71815	4.36156	0.846124
214	782.243	31	-6.83719e+06	17.3924	0.797352	1464	1.74841	7.77183	4.36298	1.03067
215	784.418	32	-6.83572e+06	17.5122	0.801348	1441	1.74445	7.73017	4.35815	1.06252
216	779.605	32	-6.83482e+06	17.4424	0.80125	1483	1.74522	7.87812	4.36022	0.947549
217	803.623	31	-6.83719e+06	17.4937	0.798566	1462	1.74708	7.74404	4.36015	0.919965
218	789.498	31	-6.83774e+06	17.408	0.793804	1497	1.74708	7.68137	4.35488	0.978161
219	803.898	32	-6.83616e+06	17.4731	0.79693	1460	1.74835	7.65252	4.35431	1.05563
220	793.139	31	-6.83572e+06	17.5325	0.797699	1494	1.74727	7.68729	4.35747	1.00764
221	806.293	31	-6.83803e+06	17.5623	0.796288	1498	1.74879	7.73735	4.35293	1.13048
222	798.946	32	-6.83734e+06	17.4745	0.792013	1437	1.74966	7.64948	4.35679	1.01064
223	785.157	32	-6.83608e+06	17.5377	0.793231	1439	1.74727	7.6271	4.36064	1.01779
224	786.004	31	-6.83744e+06	17.4728	0.795067	1497	1.749	7.64321	4.35763	0.998351
225	802.981	30	-6.83512e+06	17.5581	0.794794	1512	1.74495	7.74746	4.35652	1.10888
226	795.584	32	-6.83487e+06	17.5243	0.793738	1430	1.74331	7.87672	4.36326	1.03767
227	784.479	32	-6.83916e+06	17.4433	0.797049	1435	1.74964	7.72823	4.36225	0.810862
228	799.454	32	-6.84029e+06	17.4387	0.798466	1462	1.74845	7.75001	4.35944	1.04868
229	793.78	31	-6.83834e+06	17.5392	0.79557	1481	1.74864	7.68974	4.35978	1.02385
230	771.32	31	-6.83631e+06	17.5156	0.798257	1476	1.74738	7.8278	4.36297	1.11168
231	790.025	32	-6.83725e+06	17.5084	0.801816	1458	1.74808	7.83947	4.36432	0.964534
232	794.261	32	-6.83604e+06	17.4553	0.798423	1482	1.74855	7.72278	4.36274	1.02432
233	800.27	31	-6.83746e+06	17.3415	0.801073	1506	1.74875	7.6287	4.36482	1.0074
234	785.98	31	-6.83925e+06	17.4338	0.800041	1488	1.74927	7.67186	4.3646	0.968908
235	782.502	32	-6.83728e+06	17.3019	0.801376	1448	1.74855	7.71309	4.36583	1.01518
236	786.074	32	-6.83666e+06	17.3896	0.800253	1431	1.7485	7.68302	4.35795	0.87382
237	786.986	32	-6.8362e+06	17.4027	0.803844	1474	1.74616	7.7251	4.35662	1.04491
238	798.881	32	-6.83363e+06	17.4546	0.806274	1491	1.74317	7.46148	4.3584	1.00236
239	815.625	31	-6.83102e+06	17.4047	0.804451	1491	1.74148	7.5284	4.36084	0.963481
240	787.898	30	-6.83377e+06	17.4653	0.802832	1481	1.74369	7.63411	4.35597	0.969999
241	783.168	31	-6.83511e+06	17.4207	0.803719	1516	1.74581	7.4557	4.3607	1.06819
242	797.008	32	-6.83323e+06	17.4809	0.803075	1484	1.74486	7.63684	4.35611	1.03581
243	794.402	32	-6.83409e+06	17.3878	0.8044	1462	1.74623	7.52929	4.35665	1.00178
244	804.54	31	-6.83526e+06	17.4431	0.804339	1481	1.74479	7.38264	4.36073	1.03031
245	786.402	31	-6.8355e+06	17.4699	0.802995	1475	1.74523	7.63254	4.36387	0.994748
246	803.443	32	-6.83485e+06	17.4369	0.800802	1489	1.74412	7.65762	4.3591	1.16242
247	790.506	31	-6.83429e+06	17.5257	0.799675	1447	1.74495	7.77558	4.35218	0.939696
248	783.844	31	-6.83525e+06	17.4755	0.801144	1469	1.74687	7.74155	4.3531	0.900854
249	791.55	31	-6.83265e+06	17.462	0.801974	1492	1.74397	7.64849	4.35121	1.03947
250	805.932	32	-6.83359e+06	17.4829	0.801898	1449	1.74687	7.65468	4.35263	1.00941
251	789.221	32	-6.83546e+06	17.5106	0.79959	1455	1.74733	7.63891	4.3561	1.02264
252	791.514	31	-6.83628e+06	17.4623	0.799858	1436	1.74992	7.7917	4.35454	1.08297
253	785.269	31	-6.83541e+06	17.4516	0.801155	1456	1.75004	7.60729	4.35559	0.983539
254	793.203	31	-6.83601e+06	17.398	0.802893	1456	1.74886	7.65536	4.35469	1.02461
255	785.933	32	-6.83498e+06	17.3681	0.803005	1457	1.74742	7.72574	4.35809	1.01342
256	814.146	31	-6.83301e+06	17.4324	0.804638	1456	1.74462	7.59756	4.36107	0.989438
257	774.841	31	-6.83081e+06	17.3853	0.801697	1474	1.74253	7.49796	4.36296	1.1126
258	790.217	32	-6.83427e+06	17.4871	0.804203	1439	1.74713	7.59013	4.36447	1.15712
259	794.229	32	-6.83599e+06	17.5025	0.802966	1434	1.74802	7.65722	4.3598	0.988539
260	790.22	31	-6.8332e+06	17.4866	0.803339	1441	1.7426	7.40702	4.36709	1.01564
261	798.731	31	-6.83203e+06	17.4881	0.804638	1465	1.74231	7.44882	4.36475	1.0894
262	799.164	32	-6.83201e+06	17.4091	0.801774	1445	1.74554	7.51399	4.36288	1.01906
263	782.697	31	-6.83355e+06	17.4695	0.80097	1469	1.74675	7.55302	4.36423	1.01761
264	791.461	32	-6.83165e+06	17.4748	0.805451	1464	1.74444	7.56766	4.36098	1.06269
265	793.441	32	-6.83547e+06	17.4308	0.805702	1458	1.74905	7.46671	4.36455	0.936485
266	781.549	31	-6.83258e+06	17.3663	0.805861	1434	1.74366	7.56623	4.36453	1.02666
267	802.233	31	-6.83297e+06	17.3542	0.808681	1485	1.7433	7.58158	4.3686	0.907744
268	787.956	30	-6.8321e+06	17.3436	0.810864	1494	1.74472	7.67097	4.36226	1.07825
269	805.692	31	-6.83127e+06	17.3699	0.809316	1445	1.74259	7.46301	4.3624	1.05953
270	788.716	31	-6.83304e+06	17.4862	0.80477	1500	1.74394	7.49104	4.36538	0.982001
271	791.599	32	-6.83237e+06	17.4503	0.808297	1440	1.74339	7.49312	4.36648	1.00449
272	772.946	31	-6.82881e+06	17.3976	0.810293	1419	1.7413	7.58338	4.36887	1.01895
273	775.739	32	-6.83179e+06	17.523	0.804199	1442	1.74514	7.5605	4.36204	0.971436
274	796.762	32	-6.83244e+06	17.3625	0.805183	1491	1.74598	7.30271	4.36294	1.06449
275	793.127	31	-6.83382e+06	17.4382	0.803212	1501	1.74561	7.3478	4.36019	0.982778
276	798.133	32	-6.83286e+06	17.3859	0.802411	1511	1.74467	7.36174	4.36245	1.05311
277	800.129	32	-6.8334e+06	17.4294	0.804363	1470	1.74677	7.3467	4.36267	0.966593
278	792.978	32	-6.82879e+06	17.4737	0.804478	1465	1.74178	7.53895	4.36395	1.15454
279	797.788	32	-6.8299e+06	17.4414	0.805863	1492	1.74406	7.45635	4.36605	0.935088
280	799.801	32	-6.83042e+06	17.4571	0.803983	1490	1.74328	7.42219	4.36471	1.06961
281	772.918	31	-6.83121e+06	17.4672	0.800714	1448	1.74403	7.2632	4.35892	1.00012
282	791.247	32	-6.82965e+06	17.5181	0.798393	1452	1.74201	7.33137	4.35496	0.840586
283	806.25	31	-6.83136e+06	17.5318	0.797792	1500	1.74384	7.17208	4.36047	1.12955
284	804.885	32	-6.8302e+06	17.5457	0.796412	1459	1.74323	7.29843	4.36231	0.926616
285	795.526	32	-6.83023e+06	17.5258	0.799832	1441	1.74258	7.33506	4.35858	0.997993
286	783.623	33	-6.83071e+06	17.5969	0.803224	1460	1.74327	7.42675	4.36135	0.864905
287	782.808	32	-6.83124e+06	17.5708	0.796449	1444	1.74435	7.28822	4.36053	1.0265
288	777.495	31	-6.83161e+06	17.6299	0.793241	1457	1.74404	7.38275	4.36171	0.93986
289	804.149	31	-6.83117e+06	17.6588	0.796148	1462	1.7424	7.32604	4.36866	1.06113
290	791.355	32	-6.83371e+06	17.4951	0.794645	1476	1.74882	7.34529	4.36422	1.05765
291	799.17	32	-6.83347e+06	17.4638	0.794898	1474	1.74822	7.35118	4.36253	1.0315
292	805.24	32	-6.83448e+06	17.4495	0.793295	1473	1.74968	7.21872	4.35975	1.09845
293	793.802	31	-6.83591e+06	17.3879	0.788288	1494	1.75186	7.31369	4.36404	1.12312
294	807.732	31	-6.83724e+06	17.3734	0.785357	1467	1.75202	7.34208	4.36715	0.95412
295	801.11	31	-6.83763e+06	17.3726	0.786608	1471	1.75269	7.30704	4.36613	1.03047
296	803.293	32	-6.83302e+06	17.4042	0.789408	1495	1.74993	7.42364	4.3627	0.928195
297	793.142	33	-6.83332e+06	17.407	0.791196	1467	1.74922	7.37196	4.36732	0.935723
298	779.368	30	-6.83567e+06	17.4427	0.791105	1448	1.75133	7.2039	4.36479	1.06043
299	800.845	32	-6.83247e+06	17.4198	0.794081	1430	1.74555	7.35134	4.36477	0.935366
300	796.627	32	-6.83487e+06	17.4644	0.795269	1485	1.74749	7.45601	4.35998	0.887246
301	829.252	32	-6.83261e+06	17.4871	0.796222	1499	1.74763	7.38034	4.35892	0.930485
302	812.577	31	-6.83246e+06	17.4984	0.79572	1472	1.74831	7.44495	4.35603	0.993635
303	778.171	31	-6.83188e+06	17.4227	0.796763	1464	1.74669	7.35707	4.36035	1.03783
304	799.637	32	-6.83176e+06	17.4027	0.801743	1492	1.74842	7.35299	4.35948	0.930797
305	803.318	31	-6.83293e+06	17.4196	0.799441	1495	1.74749	7.36061	4.35945	0.956895
306	801.538	32	-6.82884e+06	17.5618	0.797384	1459	1.7455	7.27787	4.36301	0.947317
307	780.68	33	-6.83021e+06	17.5316	0.796228	1431	1.7465	7.17401	4.36128	0.811768
308	766.085	33	-6.82794e+06	17.4931	0.800438	1467	1.74225	7.20324	4.36421	1.00318
309	785.326	32	-6.82876e+06	17.4734	0.80341	1433	1.74454	7.36373	4.36406	0.929463
310	769.343	32	-6.82725e+06	17.4823	0.804727	1416	1.74246	7.37148	4.36245	1.05217
311	774.631	33	-6.82701e+06	17.4885	0.806533	1399	1.73995	7.35179	4.36374	1.03771
312	774.075	33	-6.82894e+06	17.4915	0.807343	1414	1.74248	7.29637	4.36241	0.939587
313	777.895	33	-6.83025e+06	17.4577	0.808671	1377	1.74289	7.42136	4.35845	1.07391
314	760.085	33	-6.82637e+06	17.4295	0.805224	1415	1.73911	7.24884	4.35976	0.924215
315	782.032	33	-6.82599e+06	17.4449	0.807057	1417	1.73692	7.3859	4.35664	0.967575
316	758.327	32	-6.82945e+06	17.5059	0.812044	1389	1.74098	7.34492	4.36055	0.941637
317	759.574	32	-6.83061e+06	17.3872	0.811468	1422	1.74148	7.29831	4.36446	1.00283
318	768.64	33	-6.82747e+06	17.4394	0.808835	1401	1.73784	7.39169	4.36485	0.970534
319	761.185	33	-6.82898e+06	17.4128	0.806346	1425	1.7426	7.30713	4.36179	1.07743
320	758.701	32	-6.83109e+06	17.4308	0.807109	1425	1.74328	7.33837	4.36172	1.10909
321	766.325	32	-6.83048e+06	17.3941	0.80715	1428	1.74358	7.39538	4.35843	0.969207
322	771.747	32	-6.83156e+06	17.4373	0.804789	1419	1.74483	7.30335	4.36026	0.949968
323	766.708	32	-6.83191e+06	17.4207	0.802136	1424	1.74504	7.27524	4.36136	1.07334
324	763.012	32	-6.83352e+06	17.4686	0.799419	1450	1.74863	7.33817	4.36366	1.03427
325	776.021	32	-6.83293e+06	17.4056	0.801311	1446	1.74753	7.38067	4.36255	1.02697
326	779.748	32	-6.83333e+06	17.4329	0.803694	1458	1.74719	7.33548	4.35997	1.10157
327	780.122	30	-6.83076e+06	17.5232	0.800998	1514	1.74601	7.41243	4.36127	1.0191
328	790.62	32	-6.82988e+06	17.3995	0.801315	1494	1.74027	7.2543	4.36147	1.00743
329	788.838	32	-6.83166e+06	17.3996	0.801466	1469	1.74401	7.3064	4.35948	1.0051
330	780.853	32	-6.83176e+06	17.3966	0.799527	1490	1.74414	7.30883	4.36201	1.08727
331	795.844	32	-6.8317e+06	17.3817	0.80167	1519	1.74604	7.3319	4.3586	1.18624
332	802.979	31	-6.83213e+06	17.3505	0.804757	1516	1.74466	7.23044	4.35682	1.06415
333	789.826	32	-6.82908e+06	17.5192	0.805037	1451	1.74253	7.29012	4.36066	1.05699
334	774.324	32	-6.82962e+06	17.444	0.801552	1477	1.74367	7.2769	4.36715	0.977437
335	789.295	30	-6.83179e+06	17.4037	0.800491	1488	1.74558	7.26814	4.36402	1.06857
336	787.718	31	-6.83271e+06	17.4524	0.797206	1508	1.74651	7.24305	4.36593	0.975213
337	802.835	31	-6.83093e+06	17.4546	0.802006	1504	1.74415	7.29187	4.36524	1.02187
338	797.84	31	-6.83412e+06	17.4475	0.799494	1489	1.74805	7.24579	4.36235	1.01509
339	791.356	32	-6.83202e+06	17.4298	0.803672	1487	1.74759	7.50709	4.36217	1.05136
340	858.95	35	-6.83389e+06	17.3975	0.805874	1449	1.74667	7.34152	4.36408	0.97573
341	801.092	31	-6.82961e+06	17.3941	0.809785	1535	1.74133	7.28101	4.35679	0.891811
342	832.275	31	-6.83027e+06	17.3543	0.803424	1511	1.74505	7.2569	4.35786	1.0706
343	823.246	31	-6.83088e+06	17.4024	0.803923	1480	1.74663	7.12148	4.35872	1.01538
344	793.731	31	-6.82925e+06	17.4399	0.803409	1478	1.74679	7.23658	4.3527	1.06638
345	802.529	31	-6.82871e+06	17.4833	0.803419	1470	1.74425	7.24051	4.35389	0.932892
346	815.178	31	-6.82904e+06	17.52	0.803912	1487	1.74342	7.26992	4.35738	1.00749
347	800.275	32	-6.83019e+06	17.4641	0.80067	1478	1.74564	7.28884	4.35249	0.894184
348	804.067	30	-6.82888e+06	17.4544	0.802939	1487	1.74571	7.26504	4.35326	1.10463
349	815.833	31	-6.83135e+06	17.4479	0.80187	1516	1.74645	7.38987	4.35753	0.945382
350	829.421	31	-6.83069e+06	17.4559	0.800067	1543	1.74631	7.23444	4.3574	1.15227
351	808.982	31	-6.83e+06	17.4357	0.801503	1501	1.74498	7.31894	4.35564	1.08036
352	823.827	31	-6.83099e+06	17.4724	0.802767	1536	1.74583	7.24582	4.35998	0.838556
353	821.355	31	-6.82819e+06	17.4596	0.800943	1475	1.74539	7.35798	4.36016	0.94937
354	800.16	31	-6.82817e+06	17.4767	0.801124	1490	1.74337	7.34899	4.3583	1.0042
355	802.93	32	-6.82768e+06	17.5266	0.800595	1463	1.74162	7.31105	4.35758	1.02696
356	802.489	31	-6.83063e+06	17.4366	0.796843	1479	1.7458	7.51455	4.35479	0.982365
357	809.776	31	-6.82852e+06	17.3922	0.802366	1495	1.74414	7.31529	4.36133	0.940202
358	824.583	31	-6.82661e+06	17.319	0.803872	1543	1.74205	7.29325	4.36129	1.04947
359	803.669	31	-6.83019e+06	17.2323	0.803465	1492	1.74711	7.33359	4.36449	1.16069
360	808.038	31	-6.82875e+06	17.3078	0.80312	1512	1.74358	7.18291	4.36816	0.964216
361	816.87	31	-6.82868e+06	17.3394	0.805682	1513	1.74316	7.3669	4.36472	0.95549
362	802.79	31	-6.82507e+06	17.2483	0.80774	1466	1.74147	7.30486	4.36757	0.975426
363	814.066	31	-6.82366e+06	17.4042	0.80721	1489	1.73777	7.33305	4.3686	0.866263
364	804.229	29	-6.82519e+06	17.3696	0.80221	1502	1.74292	7.19588	4.36964	1.01543
365	813.238	32	-6.82682e+06	17.4512	0.805744	1507	1.74246	7.30235	4.36325	1.0126
366	817.108	31	-6.82716e+06	17.4845	0.803794	1507	1.7449	7.29364	4.36247	0.999298
367	831.248	31	-6.82828e+06	17.348	0.80631	1530	1.74477	7.22473	4.36132	1.02377
368	807.893	32	-6.82953e+06	17.3732	0.804272	1495	1.74679	7.19178	4.35881	1.04687
369	810.523	31	-6.82841e+06	17.4511	0.804785	1525	1.74577	7.31664	4.36232	0.984555
370	826.927	31	-6.82917e+06	17.3978	0.803182	1562	1.74713	7.20218	4.36266	0.959003
371	846.602	30	-6.83074e+06	17.3769	0.801299	1577	1.74895	7.37095	4.3615	0.930301
372	830.612	29	-6.82825e+06	17.3525	0.805299	1540	1.74553	7.44297	4.36112	1.09216
373	833.28	31	-6.82617e+06	17.2241	0.806634	1583	1.74299	7.27259	4.36738	0.993751
374	829.754	31	-6.82606e+06	17.2685	0.808998	1569	1.74184	7.46086	4.36895	0.915629
375	825.373	30	-6.82894e+06	17.2342	0.804247	1539	1.74792	7.51274	4.36366	0.969251
376	830.213	30	-6.82752e+06	17.2148	0.803523	1558	1.74411	7.4312	4.3629	1.07266
377	837.986	31	-6.83009e+06	17.4422	0.805268	1542	1.74773	7.31621	4.35778	1.07663
378	829.841	30	-6.82928e+06	17.3484	0.804027	1564	1.74498	7.51166	4.35998	1.01761
379	832.563	31	-6.82899e+06	17.3071	0.80746	1556	1.746	7.35697	4.35721	1.04341
380	848.413	30	-6.82644e+06	17.3865	0.809068	1601	1.74425	7.22593	4.35841	0.986372
381	845.664	30	-6.82534e+06	17.2237	0.810286	1570	1.7434	7.41353	4.35994	1.00105
382	821.122	30	-6.82925e+06	17.2645	0.808848	1556	1.74482	7.46757	4.36287	1.05297
383	822.918	29	-6.82671e+06	17.3188	0.806731	1584	1.74173	7.29691	4.36162	0.886883
384	820.199	30	-6.82825e+06	17.3157	0.810131	1563	1.74486	7.30069	4.36107	0.974622
385	833.433	30	-6.82912e+06	17.383	0.80467	1575	1.7461	7.27916	4.36119	1.19699
386	842.23	31	-6.83076e+06	17.3458	0.804481	1568	1.74805	7.46984	4.36209	1.19135
387	836.761	30	-6.82849e+06	17.3389	0.807177	1539	1.74596	7.41797	4.3593	1.03979
388	831.292	30	-6.82619e+06	17.3521	0.804407	1573	1.7429	7.42847	4.35778	1.03669
389	835.257	30	-6.82683e+06	17.3769	0.804976	1563	1.745	7.28948	4.35215	0.980915
390	839.641	31	-6.82599e+06	17.4068	0.804637	1569	1.74544	7.30094	4.35989	0.994151
391	842.263	31	-6.82599e+06	17.472	0.806905	1565	1.74486	7.40854	4.35958	1.07668
392	826.263	31	-6.82914e+06	17.4354	0.805372	1544	1.74827	7.43568	4.36134	0.98433
393	828.283	31	-6.82704e+06	17.4998	0.804736	1556	1.74598	7.30087	4.35861	0.999144
394	813.886	31	-6.82588e+06	17.5353	0.805175	1537	1.74546	7.40095	4.36309	0.922537
395	811.544	30	-6.82541e+06	17.4837	0.806062	1507	1.74134	7.55812	4.36109	0.862843
396	811.283	32	-6.82658e+06	17.4203	0.804368	1488	1.74384	7.57135	4.36041	1.02776
397	819.013	32	-6.82557e+06	17.4866	0.808288	1492	1.74343	7.40016	4.35994	1.05524
398	804.994	30	-6.82694e+06	17.4422	0.809107	1518	1.74233	7.23386	4.36176	0.931517
399	800.763	31	-6.8285e+06	17.495	0.808218	1472	1.74399	7.47309	4.36084	0.930212
400	814.816	32	-6.82922e+06	17.4285	0.808037	1511	1.7428	7.4932	4.3646	0.998862
401	797.656	31	-6.83125e+06	17.4137	0.805262	1479	1.74686	7.31858	4.3626	1.06581
402	798.862	31	-6.82938e+06	17.392	0.803875	1477	1.7469	7.33927	4.36295	0.988354
403	804.207	32	-6.82804e+06	17.3846	0.805434	1464	1.74597	7.30342	4.366	1.14282
404	810.733	32	-6.82863e+06	17.3732	0.804199	1456	1.74769	7.16294	4.36815	1.10076
405	799.661	32	-6.82847e+06	17.4383	0.804231	1445	1.74753	7.37633	4.36824	0.975668
406	796.351	33	-6.82975e+06	17.4376	0.800919	1466	1.7438	7.20088	4.36906	0.97143
407	806.26	32	-6.82748e+06	17.363	0.801712	1473	1.74336	7.18287	4.36496	0.956912
408	796.515	32	-6.82953e+06	17.3264	0.800394	1451	1.747	7.33656	4.36191	1.03757
409	779.192	32	-6.83076e+06	17.3845	0.797975	1421	1.7487	7.28424	4.3637	0.958507
410	791.648	33	-6.83052e+06	17.4615	0.798932	1415	1.74783	7.3826	4.36635	1.03631
411	796.788	31	-6.82778e+06	17.4861	0.799399	1453	1.7482	7.38512	4.36604	0.884058
412	790.485	32	-6.82854e+06	17.5938	0.798769	1446	1.74733	7.32809	4.36572	0.938541
413	797.813	32	-6.83214e+06	17.5491	0.797378	1461	1.75239	7.31735	4.36572	0.997243
414	813.276	32	-6.83113e+06	17.3612	0.795219	1488	1.75073	7.32279	4.35896	1.07909
415	821.539	32	-6.83117e+06	17.4196	0.792641	1511	1.74978	7.27308	4.35812	0.976551
416	817.78	32	-6.83329e+06	17.5496	0.794501	1510	1.75203	7.29429	4.36318	0.999124
417	811.067	31	-6.8341e+06	17.5086	0.793929	1485	1.75137	7.29589	4.36353	0.978816
418	811.364	30	-6.83081e+06	17.4482	0.795171	1509	1.75138	7.32834	4.36039	1.03743
419	807.074	31	-6.8307e+06	17.4327	0.792626	1489	1.74851	7.49258	4.36322	0.98951
420	821.781	31	-6.83187e+06	17.4721	0.797515	1540	1.74906	7.33183	4.3627	1.03512
421	809.28	31	-6.8275e+06	17.447	0.79824	1498	1.74411	7.34692	4.36257	0.872472
422	791.877	31	-6.82958e+06	17.4864	0.795384	1472	1.74599	7.43476	4.35959	0.935891
423	816.451	31	-6.83002e+06	17.4665	0.797918	1534	1.7466	7.39219	4.36511	0.967151
424	808.335	31	-6.83229e+06	17.4435	0.799229	1490	1.74781	7.35044	4.36331	1.09114
425	828.43	31	-6.83059e+06	17.5036	0.797261	1466	1.74753	7.35602	4.36225	0.950731
426	817.166	31	-6.83042e+06	17.5386	0.798636	1506	1.74808	7.42481	4.35846	0.999873
427	812.996	32	-6.82698e+06	17.4895	0.803315	1472	1.74486	7.11516	4.36125	1.01808
428	796.591	31	-6.82484e+06	17.6119	0.80583	1497	1.74502	7.19062	4.36282	1.07278
429	791.679	31	-6.82882e+06	17.4864	0.806582	1459	1.74542	7.20793	4.36043	1.02038
430	792.038	32	-6.827e+06	17.4267	0.804069	1443	1.74587	7.13236	4.35796	1.00895
431	794.98	32	-6.82771e+06	17.3449	0.808194	1454	1.74628	7.0524	4.35612	0.939218
432	782.685	32	-6.82788e+06	17.368	0.807052	1432	1.74547	6.90346	4.35828	1.16981
433	804.759	32	-6.8278e+06	17.2977	0.809945	1436	1.74795	7.03947	4.35718	1.07427
434	802.596	32	-6.82938e+06	17.3363	0.809625	1456	1.74762	7.11624	4.35542	0.962662
435	803.414	31	-6.83154e+06	17.419	0.807485	1484	1.74851	6.97057	4.35715	1.068
436	822.821	32	-6.83176e+06	17.4685	0.802443	1522	1.74981	7.05838	4.36176	1.02562
437	822.786	31	-6.83442e+06	17.4141	0.796379	1494	1.75017	7.00219	4.35943	1.02376
438	805.947	31	-6.82984e+06	17.3691	0.798333	1488	1.74734	7.18964	4.36035	1.03309
439	809.417	32	-6.82918e+06	17.3795	0.803434	1468	1.74605	7.22197	4.3606	0.900762
440	804.843	32	-6.8285e+06	17.3765	0.800435	1484	1.74627	7.20786	4.36498	0.992959
441	816.554	32	-6.82745e+06	17.3068	0.802443	1472	1.74536	7.24902	4.36138	0.91657
442	816.872	31	-6.8277e+06	17.3456	0.80213	1498	1.74374	7.22058	4.36205	1.02333
443	808.441	32	-6.83127e+06	17.4141	0.802292	1503	1.74811	7.27616	4.35803	0.895227
444	809.769	31	-6.82889e+06	17.5219	0.803507	1494	1.74606	7.29619	4.36337	0.986704
445	806.607	31	-6.82674e+06	17.5005	0.804748	1466	1.74293	7.26632	4.3632	1.0642
446	810.136	32	-6.82794e+06	17.4356	0.805629	1490	1.74429	7.19989	4.35961	1.05855
447	802.073	30	-6.82934e+06	17.3981	0.806194	1451	1.74658	7.29186	4.36353	0.925913
448	804.325	32	-6.83015e+06	17.3615	0.804665	1431	1.74734	7.27922	4.36114	1.1007
449	789.488	33	-6.83075e+06	17.4249	0.803069	1411	1.74409	7.25174	4.36229	1.09361
450	786.611	33	-6.83023e+06	17.5072	0.802103	1454	1.74721	7.29019	4.36708	0.943455
451	786.609	33	-6.82857e+06	17.5107	0.799801	1446	1.74382	7.22222	4.36312	0.942983
452	815.732	32	-6.82992e+06	17.5366	0.799302	1451	1.74609	7.20915	4.36236	1.18051
453	805.726	32	-6.82914e+06	17.4604	0.799899	1477	1.74492	7.05652	4.36345	0.86077
454	800.183	32	-6.828e+06	17.402	0.80106	1434	1.74416	7.12261	4.36418	1.12136
455	797.524	33	-6.82864e+06	17.4878	0.803921	1427	1.74286	7.17051	4.36435	0.977839
456	787.377	33	-6.8261e+06	17.4599	0.804021	1455	1.74193	7.13888	4.36393	1.0997
457	798.069	32	-6.8269e+06	17.4558	0.802395	1393	1.74182	7.18176	4.36241	1.02446
458	781.778	33	-6.83361e+06	17.4428	0.802325	1422	1.74848	7.2238	4.36541	1.08986
459	798.049	32	-6.83448e+06	17.3553	0.797916	1467	1.7502	7.2068	4.36051	1.02593
460	808.493	32	-6.83342e+06	17.2889	0.798329	1402	1.74942	7.21	4.36296	1.10099
461	798.328	33	-6.83278e+06	17.4264	0.803443	1397	1.74848	7.21289	4.36491	0.937173
462	772.83	33	-6.82941e+06	17.3927	0.802573	1399	1.74541	7.15056	4.36306	1.00472
463	772.276	33	-6.83301e+06	17.3207	0.799172	1367	1.74788	7.17515	4.35746	0.934079
464	762.256	32	-6.83338e+06	17.272	0.799935	1401	1.74781	7.16407	4.36132	0.928132
465	769.853	32	-6.82892e+06	17.3539	0.802684	1435	1.74655	7.25402	4.36263	1.04874
466	791.566	33	-6.83173e+06	17.3889	0.800418	1460	1.7457	7.41229	4.36715	1.03885
467	797.383	33	-6.82728e+06	17.44	0.805317	1448	1.74345	7.18888	4.36606	1.04936
468	800.336	32	-6.82888e+06	17.4399	0.803502	1460	1.74288	7.22544	4.36548	1.0285
469	799.094	32	-6.83247e+06	17.5187	0.799143	1437	1.74945	7.15687	4.36159	1.03376
470	797.061	33	-6.8302e+06	17.4386	0.797151	1418	1.7447	7.23666	4.36314	0.931857
471	798.477	33	-6.83102e+06	17.5949	0.797034	1426	1.74752	7.20548	4.36296	0.930653
472	780.317	32	-6.82946e+06	17.6148	0.799456	1424	1.74712	7.31543	4.36452	0.990522
473	807.984	32	-6.83039e+06	17.5262	0.799401	1473	1.7462	7.23619	4.3655	0.908091
474	789.405	31	-6.83065e+06	17.5564	0.798062	1474	1.747	7.29822	4.36261	1.0826
475	810.702	32	-6.82875e+06	17.5477	0.799787	1465	1.74519	7.37524	4.36226	1.07961
476	802.023	31	-6.83043e+06	17.5144	0.802368	1462	1.74595	7.36993	4.35519	0.982383
477	796.318	32	-6.83123e+06	17.4185	0.801564	1398	1.74924	7.20743	4.35681	0.936274
478	790.679	32	-6.83129e+06	17.4119	0.803295	1426	1.74806	7.13829	4.36203	1.01536
479	782.705	33	-6.83175e+06	17.3999	0.802401	1436	1.74927	7.32431	4.36536	0.953638
480	795.369	32	-6.83164e+06	17.2833	0.802375	1441	1.74744	7.24113	4.36301	0.878425
481	807.797	31	-6.83009e+06	17.4038	0.803772	1486	1.74749	7.16643	4.35862	1.09515
482	806.006	32	-6.83257e+06	17.5011	0.801988	1463	1.74924	7.2278	4.35723	0.972392
483	807.652	32	-6.83086e+06	17.4715	0.800823	1476	1.74942	7.20891	4.35999	1.00899
484	800.355	32	-6.83256e+06	17.3018	0.802764	1466	1.75072	7.23945	4.36058	1.0476
485	806.153	32	-6.82945e+06	17.2124	0.802902	1409	1.74878	7.28301	4.35451	0.962631
486	791.672	32	-6.8314e+06	17.2589	0.804346	1407	1.74874	7.26075	4.36018	1.05082
487	792.897	32	-6.83281e+06	17.2355	0.802929	1457	1.74867	7.22719	4.35876	1.00761
488	803.836	32	-6.83025e+06	17.2937	0.80371	1430	1.74616	7.19758	4.35837	0.931814
489	796.714	32	-6.83202e+06	17.2805	0.802887	1423	1.74975	7.23843	4.35193	0.969898
490	786.37	33	-6.83121e+06	17.373	0.802858	1448	1.74543	7.40546	4.35152	0.965373
491	801.146	32	-6.83342e+06	17.4166	0.803365	1464	1.74926	7.41701	4.35136	0.948418
492	807.657	32	-6.8339e+06	17.4112	0.802684	1468	1.74985	7.34847	4.35093	1.13169
493	808.958	32	-6.83391e+06	17.3526	0.800494	1494	1.75174	7.26948	4.35859	1.00933
494	798.556	32	-6.8312e+06	17.2823	0.805734	1460	1.74856	7.29465	4.3603	0.995894
495	809.864	32	-6.8312e+06	17.2443	0.803512	1465	1.74742	7.21648	4.36192	0.953579
496	810.757	32	-6.83236e+06	17.2976	0.803578	1454	1.7474	7.15307	4.3601	0.914997
497	810.447	32	-6.83439e+06	17.2327	0.798244	1473	1.75027	7.11854	4.36192	0.951319
498	804.337	32	-6.83397e+06	17.3039	0.798908	1437	1.75051	7.27284	4.36487	1.02909
499	799.89	32	-6.83084e+06	17.3902	0.796637	1485	1.74595	7.17168	4.36464	0.998612
500	808.896	31	-6.83391e+06	17.3564	0.795599	1488	1.7481	7.04478	4.35973	0.958383
501	827.851	32	-6.83138e+06	17.3232	0.797522	1502	1.74907	7.17836	4.36027	0.907865
502	808.881	32	-6.8323e+06	17.4363	0.796015	1447	1.74864	7.32565	4.35886	0.947396
503	788.248	32	-6.83374e+06	17.3072	0.798342	1438	1.75009	7.28149	4.3593	0.964331
504	794.994	33	-6.83311e+06	17.2868	0.796556	1459	1.74955	7.16245	4.36215	0.972842
505	799.587	31	-6.83219e+06	17.266	0.796531	1458	1.74949	7.27156	4.36599	0.957795
506	802.583	32	-6.83686e+06	17.2325	0.797005	1446	1.7534	7.15231	4.36102	1.02903
507	808.341	32	-6.83196e+06	17.1968	0.794521	1448	1.74833	7.0946	4.36586	0.996487
508	795.683	32	-6.83349e+06	17.3397	0.793216	1459	1.74941	7.17496	4.3612	0.998569
509	814.2	32	-6.83205e+06	17.3755	0.794495	1505	1.74983	7.29553	4.36355	0.968216
510	803.536	32	-6.83302e+06	17.3517	0.793751	1459	1.75172	7.28316	4.36458	1.1093
511	806.723	32	-6.83222e+06	17.3933	0.799036	1469	1.75191	7.21607	4.35736	1.0169
512	805.067	31	-6.83202e+06	17.4748	0.79806	1422	1.75045	7.21438	4.36374	0.977087
513	792.141	33	-6.82963e+06	17.4317	0.7982	1431	1.74789	7.17558	4.36514	1.00797
514	795.604	32	-6.83321e+06	17.3716	0.795228	1487	1.7514	7.1631	4.36108	1.1162
515	824.637	32	-6.83359e+06	17.3746	0.793334	1503	1.75139	7.19543	4.36079	1.11357
516	813.108	32	-6.83328e+06	17.3553	0.794581	1464	1.75093	7.11266	4.35749	0.989346
517	797.833	31	-6.82819e+06	17.3772	0.796296	1486	1.74601	7.28257	4.3589	1.09569
518	800.908	32	-6.82832e+06	17.4002	0.79895	1460	1.74518	7.10279	4.36191	0.919969
519	804.663	32	-6.82989e+06	17.5256	0.795	1435	1.74691	7.06712	4.36162	1.13078
520	792.672	32	-6.82618e+06	17.5064	0.796553	1450	1.74588	7.18503	4.36107	1.00706
521	785.634	31	-6.83104e+06	17.4835	0.801914	1452	1.74694	7.18374	4.36026	0.891264
522	794.768	31	-6.82816e+06	17.457	0.801503	1460	1.74282	7.06839	4.36332	1.08581
523	784.833	33	-6.83109e+06	17.3749	0.80327	1437	1.74602	7.16403	4.3658	1.02844
524	786.539	32	-6.83126e+06	17.452	0.80313	1459	1.74773	7.12697	4.36545	0.968462
525	788.603	32	-6.8298e+06	17.43	0.797999	1458	1.74482	7.05891	4.36402	0.903892
526	793.326	32	-6.82809e+06	17.4733	0.796704	1481	1.74319	7.17309	4.36379	0.982625
527	792.758	31	-6.82891e+06	17.4393	0.799966	1533	1.74439	7.27978	4.36282	1.05171
528	799.513	31	-6.82866e+06	17.4433	0.798102	1481	1.74361	7.34561	4.36516	0.893803
529	794.526	32	-6.82937e+06	17.478	0.800427	1444	1.74609	7.22658	4.36459	0.955625
530	785.682	32	-6.82704e+06	17.3794	0.801871	1475	1.74041	7.32094	4.36628	1.00633
531	795.197	31	-6.82893e+06	17.3912	0.801846	1458	1.74418	7.32639	4.36609	1.0764
532	799.986	32	-6.82718e+06	17.4026	0.802234	1432	1.74348	7.30932	4.36497	1.03447
533	792.596	32	-6.82928e+06	17.3681	0.802372	1460	1.74457	7.17408	4.36439	1.05371
534	803.349	31	-6.8277e+06	17.3203	0.806338	1491	1.74306	7.3089	4.36534	0.937928
535	804.346	32	-6.82667e+06	17.3123	0.807213	1483	1.74217	7.1333	4.36957	1.02064
536	797.489	31	-6.82718e+06	17.2952	0.80656	1472	1.74198	7.24887	4.36685	0.893217
537	800.364	32	-6.82665e+06	17.3723	0.808653	1482	1.74171	7.22436	4.36349	1.00251
538	800.859	32	-6.82776e+06	17.3166	0.806731	1460	1.74333	7.33105	4.36156	0.964304
539	809.782	31	-6.82823e+06	17.5238	0.803029	1499	1.7436	7.50458	4.35728	1.07986
540	805.297	31	-6.82708e+06	17.4465	0.8022	1477	1.74285	7.37292	4.35973	1.05432
541	804.832	32	-6.82741e+06	17.4191	0.80745	1433	1.74301	7.27638	4.35967	1.0559
542	805.479	32	-6.82618e+06	17.4217	0.809307	1470	1.74097	7.3045	4.35899	1.01942
543	777.447	31	-6.82964e+06	17.4288	0.808756	1459	1.74491	7.41977	4.36351	0.938784
544	794.696	31	-6.82979e+06	17.4059	0.806953	1467	1.74574	7.36434	4.36358	0.904786
545	798.681	32	-6.82847e+06	17.2668	0.807176	1445	1.74263	7.2614	4.36464	0.909819
546	797.311	33	-6.82995e+06	17.225	0.805505	1452	1.74653	7.40718	4.36669	1.05439
547	804.562	32	-6.83007e+06	17.2646	0.799559	1458	1.74633	7.18269	4.36862	1.09598
548	798.815	31	-6.82926e+06	17.2358	0.802772	1455	1.74357	7.28909	4.36782	1.13092
549	786.251	31	-6.83194e+06	17.4011	0.802388	1442	1.74781	7.36365	4.36621	0.965937
550	785.72	33	-6.82839e+06	17.3439	0.799562	1432	1.74535	7.14627	4.36332	0.993744
551	791.653	33	-6.83172e+06	17.3221	0.798749	1442	1.74862	7.24644	4.36035	1.11135
552	783.733	32	-6.83075e+06	17.4373	0.796114	1434	1.74702	7.27643	4.36582	1.02944
553	784.039	33	-6.8303e+06	17.4946	0.797288	1440	1.74573	7.21843	4.36835	0.925348
554	798.748	32	-6.83248e+06	17.4334	0.798802	1415	1.74559	7.17225	4.3696	0.980093
555	786.182	32	-6.83456e+06	17.3324	0.799794	1462	1.7496	7.26962	4.36349	1.02336
556	793.593	33	-6.83356e+06	17.2626	0.800548	1430	1.74742	7.22043	4.36798	1.1655
557	793.156	33	-6.83141e+06	17.2772	0.800527	1413	1.74518	7.12259	4.36979	1.03362
558	778.178	31	-6.82922e+06	17.4358	0.800712	1457	1.74413	7.16149	4.37048	1.1236
559	806.985	32	-6.83262e+06	17.3905	0.799362	1474	1.74544	7.10922	4.36531	0.915303
560	796.125	33	-6.8343e+06	17.2961	0.799784	1475	1.74756	7.28556	4.36619	1.09957
561	803.603	32	-6.83369e+06	17.2791	0.798294	1479	1.74672	7.16274	4.36462	0.893667
562	808.493	32	-6.82996e+06	17.4031	0.799403	1469	1.74472	7.1208	4.36503	1.05271
563	795.952	31	-6.83259e+06	17.3868	0.798496	1481	1.74838	7.33086	4.36599	1.07117
564	811.778	31	-6.83164e+06	17.3805	0.801557	1471	1.74592	7.36997	4.36437	0.857132
565	809.849	32	-6.83287e+06	17.3901	0.79878	1488	1.74747	7.49883	4.36224	1.19144
566	793.888	32	-6.829e+06	17.4589	0.802903	1483	1.74279	7.31561	4.36332	0.933606
567	797.053	30	-6.82833e+06	17.5053	0.805466	1468	1.7413	7.26699	4.36213	0.792318
568	796.555	31	-6.82763e+06	17.4677	0.804637	1487	1.73933	7.20187	4.36267	0.9685
569	816.417	31	-6.83024e+06	17.4668	0.805003	1501	1.74417	7.26068	4.35876	1.03071
570	813.546	32	-6.82983e+06	17.286	0.807001	1484	1.74265	7.29589	4.35549	1.00454
571	797.828	32	-6.83269e+06	17.4058	0.801584	1434	1.74419	7.22648	4.35828	0.968873
572	780.788	31	-6.8299e+06	17.2865	0.803593	1442	1.74145	7.12729	4.35883	1.01672
573	797.503	32	-6.82949e+06	17.3535	0.807261	1451	1.74392	7.11377	4.35814	1.09555
574	798.677	32	-6.82712e+06	17.3517	0.806927	1469	1.73973	7.24748	4.36308	0.910596
575	823.016	31	-6.82674e+06	17.2971	0.808281	1483	1.73874	7.30805	4.3625	0.984295
576	808.58	31	-6.82834e+06	17.3478	0.804532	1483	1.7406	7.23561	4.36369	0.965367
577	798.042	32	-6.82809e+06	17.3566	0.803338	1477	1.74297	7.21293	4.36807	1.12461
578	808.426	32	-6.83036e+06	17.4059	0.798053	1481	1.74538	7.2353	4.36234	0.89437
579	819.249	31	-6.82925e+06	17.3662	0.798983	1454	1.74448	7.24514	4.36706	0.846065
580	808.472	32	-6.83065e+06	17.4347	0.797378	1485	1.74417	7.21255	4.36605	1.08582
581	804.645	31	-6.82992e+06	17.4749	0.796843	1479	1.74285	7.18208	4.36661	1.01335
582	797.245	31	-6.83185e+06	17.513	0.801097	1484	1.74493	7.21728	4.36763	1.13141
583	801.067	32	-6.83081e+06	17.4197	0.801226	1459	1.74397	7.19667	4.36323	0.964646
584	797.626	32	-6.83244e+06	17.3231	0.800935	1438	1.74672	7.32799	4.36593	0.971052
585	794.441	31	-6.8291e+06	17.4082	0.800367	1485	1.74204	7.12581	4.36303	0.997476
586	805.725	32	-6.82858e+06	17.3915	0.799451	1490	1.74339	7.15924	4.36805	1.00197
587	808.699	32	-6.82812e+06	17.4435	0.799086	1474	1.74143	7.30165	4.37093	0.853742
588	799.09	32	-6.82633e+06	17.4101	0.797669	1495	1.73972	7.29356	4.36908	1.06654
589	788.827	32	-6.82762e+06	17.5384	0.796345	1463	1.73865	7.30841	4.36815	0.955465
590	793.091	31	-6.82741e+06	17.5076	0.794808	1459	1.74093	7.16379	4.36676	1.12068
591	794.043	32	-6.82845e+06	17.5527	0.799328	1480	1.7426	7.21079	4.37051	1.00928
592	808.698	33	-6.83064e+06	17.5277	0.798087	1485	1.74572	7.07773	4.36605	0.951967
593	808.667	32	-6.82948e+06	17.373	0.802853	1456	1.74389	7.08144	4.36275	1.03871
594	794.711	33	-6.82694e+06	17.4054	0.801025	1496	1.74106	7.17763	4.36323	1.07509
595	807.236	32	-6.82613e+06	17.4997	0.800627	1501	1.74386	7.29718	4.36479	0.907556
596	818.521	32	-6.82728e+06	17.4796	0.807428	1474	1.74147	7.26124	4.36537	0.974183
597	801.153	31	-6.82901e+06	17.4421	0.799965	1469	1.74341	7.29508	4.36341	0.929712
598	795.585	32	-6.8289e+06	17.5441	0.798942	1480	1.74658	7.34391	4.36006	0.92553
599	788.075	31	-6.83018e+06	17.4878	0.794774	1477	1.74553	7.33839	4.35795	0.905786
600	809.137	31	-6.83204e+06	17.4531	0.79692	1501	1.74799	7.33671	4.3562	1.054
601	825.673	31	-6.82976e+06	17.559	0.796493	1537	1.74499	7.41756	4.35673	1.0276
602	818.954	31	-6.82825e+06	17.5894	0.801823	1515	1.74325	7.27616	4.35905	0.929483
603	809.303	32	-6.82579e+06	17.4297	0.802657	1481	1.73886	7.33407	4.35988	0.96861
604	805.457	32	-6.8237e+06	17.5692	0.802046	1474	1.7393	7.24836	4.36044	0.967856
605	794.177	32	-6.82919e+06	17.4789	0.804001	1453	1.74361	7.33757	4.35962	0.987945
606	769.118	32	-6.82801e+06	17.4504	0.804226	1415	1.74106	7.30906	4.35938	1.12348
607	788.606	32	-6.8304e+06	17.5032	0.806294	1453	1.74343	7.2079	4.36172	0.99813
608	774.646	32	-6.82964e+06	17.4106	0.80348	1409	1.74454	7.15486	4.36043	1.01829
609	791.601	32	-6.83023e+06	17.4656	0.803439	1437	1.74337	7.20768	4.36105	1.04181
610	781.23	32	-6.82869e+06	17.5047	0.805112	1436	1.74224	7.22483	4.36358	1.1307
611	772.055	33	-6.83153e+06	17.4233	0.804381	1459	1.74579	7.29462	4.36357	0.894506
612	780.647	32	-6.83182e+06	17.3981	0.803582	1451	1.7467	7.18668	4.36627	1.02021
613	791.118	32	-6.83402e+06	17.4262	0.799881	1478	1.74757	7.16598	4.36568	0.980914
614	786.63	32	-6.83278e+06	17.34	0.802552	1462	1.74706	7.20825	4.36378	1.04067
615	788.902	33	-6.82979e+06	17.3237	0.803594	1444	1.74453	7.23454	4.36244	0.852432
616	777.212	32	-6.82901e+06	17.4429	0.798513	1462	1.74341	7.30067	4.36086	0.911342
617	802.535	32	-6.83105e+06	17.5007	0.798032	1476	1.74614	7.27423	4.35927	0.916064
618	799.568	32	-6.83029e+06	17.4116	0.801611	1494	1.74512	7.2079	4.35667	0.919648
619	819.264	31	-6.83267e+06	17.5242	0.800773	1530	1.7469	7.29921	4.36466	1.09614
620	790.369	30	-6.82859e+06	17.4923	0.798237	1491	1.74277	7.09893	4.36684	1.08144
621	803.118	31	-6.82879e+06	17.4567	0.801509	1466	1.74274	7.23358	4.3667	1.07592
622	800.637	31	-6.82976e+06	17.3075	0.802656	1465	1.74418	7.10118	4.36894	1.06388
623	796.407	32	-6.8327e+06	17.2991	0.801813	1459	1.74635	7.07575	4.36857	1.24887
624	786.578	32	-6.82797e+06	17.335	0.803819	1413	1.74178	7.12142	4.3754	0.923837
625	783.796	33	-6.82629e+06	17.4203	0.802445	1436	1.74064	7.11214	4.36683	0.959733
626	776.902	33	-6.82873e+06	17.4801	0.80133	1410	1.74165	7.17029	4.36429	0.865583
627	772.342	32	-6.82848e+06	17.4736	0.801056	1425	1.74157	7.21619	4.36816	1.01246
628	768.519	31	-6.8299e+06	17.5463	0.796876	1403	1.74227	7.17584	4.36658	1.13012
629	780.865	33	-6.82832e+06	17.4634	0.802755	1441	1.74059	7.28422	4.37044	0.890973
630	782.293	33	-6.82692e+06	17.3425	0.804305	1468	1.7377	7.47009	4.36565	0.991356
631	779.055	31	-6.82691e+06	17.3176	0.807944	1455	1.73838	7.38995	4.36464	0.979559
632	804.813	32	-6.82999e+06	17.2907	0.80617	1468	1.74269	7.38318	4.36151	0.991972
633	799.134	32	-6.82766e+06	17.2018	0.808044	1452	1.74028	7.3952	4.36333	0.876273
634	799.335	31	-6.83186e+06	17.255	0.806967	1472	1.74454	7.3324	4.36365	1.05108
635	788.406	32	-6.82773e+06	17.298	0.807657	1438	1.7389	7.09514	4.36587	1.01006
636	798.637	32	-6.82717e+06	17.4022	0.807483	1439	1.73936	7.29777	4.36348	0.917303
637	779.585	31	-6.82542e+06	17.3732	0.806642	1453	1.73711	7.122	4.36953	1.04332
638	782.186	32	-6.82383e+06	17.4515	0.807978	1418	1.73368	7.18458	4.36661	0.925503
639	792.811	32	-6.82269e+06	17.4794	0.808555	1450	1.73628	7.38496	4.36925	0.969995
640	785.568	32	-6.82534e+06	17.4538	0.809604	1445	1.73907	7.22738	4.36422	1.26075
641	788.206	33	-6.82935e+06	17.5125	0.807569	1490	1.74333	7.25259	4.36025	1.10272
642	792.115	32	-6.82758e+06	17.4476	0.80246	1448	1.74144	7.47024	4.35823	1.05743
643	793.952	32	-6.82794e+06	17.4003	0.802411	1445	1.74305	7.25531	4.35687	1.0033
644	786.969	32	-6.8279e+06	17.419	0.801665	1424	1.74286	7.16868	4.35426	0.955962
645	778.423	33	-6.82551e+06	17.4765	0.801842	1410	1.73939	7.38528	4.36289	1.02522
646	790.058	33	-6.82827e+06	17.4347	0.802273	1432	1.74262	7.3051	4.36345	1.10427
647	785.596	32	-6.8285e+06	17.4076	0.800224	1420	1.74406	7.36668	4.36764	1.06115
648	783.375	33	-6.83009e+06	17.426	0.800775	1422	1.74306	7.24014	4.36486	0.932061
649	772.59	32	-6.82946e+06	17.4681	0.798929	1419	1.74258	7.34405	4.36525	0.922089
650	775.379	33	-6.82973e+06	17.5323	0.799149	1412	1.74212	7.41115	4.36255	1.01351
651	767.453	32	-6.8282e+06	17.4239	0.800281	1407	1.73845	7.24858	4.35897	0.83803
652	763.963	33	-6.8297e+06	17.4387	0.800052	1429	1.74297	7.29355	4.36294	0.925931
653	769.462	32	-6.82615e+06	17.3958	0.806089	1395	1.73842	7.24299	4.36265	0.989066
654	779.048	33	-6.82596e+06	17.3679	0.809401	1406	1.73679	7.18432	4.36657	0.971661
655	795.917	33	-6.82718e+06	17.3898	0.809984	1412	1.7394	7.27555	4.36496	0.951592
656	787.195	33	-6.82642e+06	17.3781	0.809579	1420	1.73943	7.41418	4.36488	1.10263
657	785.04	33	-6.8288e+06	17.5446	0.808292	1396	1.74334	7.29077	4.36126	0.907781
658	782.431	33	-6.82627e+06	17.4609	0.809026	1394	1.74048	7.30583	4.36323	0.958289
659	778.564	33	-6.82575e+06	17.416	0.810763	1445	1.73879	7.36376	4.36524	1.04078
660	792.46	33	-6.82399e+06	17.433	0.80801	1429	1.73732	7.29667	4.36991	1.07721
661	788.204	32	-6.82603e+06	17.4835	0.809415	1446	1.74061	7.23888	4.36544	0.989364
662	777.162	32	-6.82822e+06	17.4871	0.808813	1414	1.74141	7.28998	4.36801	1.05202
663	783.816	33	-6.8297e+06	17.412	0.80727	1424	1.74289	7.22005	4.3648	1.04203
664	766.188	31	-6.82693e+06	17.3865	0.808846	1425	1.73783	7.20437	4.37296	0.976363
665	759.084	32	-6.82917e+06	17.4158	0.808292	1417	1.73943	7.51287	4.37319	0.99348
666	775.306	33	-6.82788e+06	17.4031	0.808033	1410	1.74049	7.45778	4.37045	1.00986
667	775.548	31	-6.82865e+06	17.4006	0.806295	1449	1.74178	7.25995	4.36955	1.07253
668	775.993	33	-6.82762e+06	17.4676	0.810252	1401	1.74135	7.44137	4.3666	1.01831
669	766.925	32	-6.82751e+06	17.3057	0.808987	1447	1.74044	7.3786	4.36094	0.964679
670	782.276	31	-6.82588e+06	17.3685	0.806766	1465	1.7413	7.29478	4.36536	0.933825
671	789.734	33	-6.82783e+06	17.3542	0.806139	1468	1.74379	7.24803	4.36531	1.00848
672	799.506	32	-6.82896e+06	17.3934	0.802695	1488	1.74395	7.30235	4.36189	1.04902
673	795.281	32	-6.83078e+06	17.4116	0.798162	1441	1.7458	7.40731	4.36468	0.900732
674	778.852	32	-6.82447e+06	17.369	0.802703	1449	1.74075	7.24943	4.3593	1.02804
675	795.669	31	-6.82791e+06	17.3674	0.802352	1469	1.74222	7.31253	4.3592	0.963797
676	798.427	32	-6.83027e+06	17.2918	0.802173	1515	1.74452	7.25282	4.35997	1.07955
677	806.708	31	-6.82953e+06	17.2643	0.806723	1469	1.74321	7.27315	4.35956	0.868559
678	793.781	32	-6.83001e+06	17.2548	0.804444	1449	1.7429	7.30481	4.36351	1.0269
679	793.199	32	-6.82983e+06	17.2867	0.808639	1469	1.74504	7.34121	4.35934	0.953377
680	806.874	32	-6.82979e+06	17.4413	0.806975	1469	1.74364	7.38391	4.35616	0.895199
681	793.01	33	-6.82915e+06	17.5095	0.805736	1456	1.74307	7.37946	4.35622	0.98459
682	814.153	33	-6.82642e+06	17.5536	0.806972	1437	1.73843	7.36	4.36025	1.05968
683	821.399	34	-6.82619e+06	17.4453	0.809415	1435	1.73951	7.43928	4.35447	1.04515
684	806.653	34	-6.8274e+06	17.429	0.807366	1419	1.74071	7.43547	4.35903	0.925704
685	818.451	34	-6.82823e+06	17.3878	0.809719	1421	1.73952	7.37981	4.36278	0.931654
686	815.276	33	-6.8258e+06	17.4906	0.809821	1451	1.74009	7.38828	4.36427	1.0922
