iter	time	topo	loglik	length	alpha	Nmode	statent	statalpha
0	0	0	-1.44276e+07	7.20495	1	14	2.60961	20
1	397.497	64	-8.69119e+06	9.49193	0.51229	17	2.01824	17.0137
2	426.087	67	-8.26536e+06	12.1201	0.46809	16	1.9639	11.8824
3	432.031	67	-8.06481e+06	14.0903	0.451287	15	1.94835	13.5766
4	440.74	69	-7.89193e+06	15.4995	0.450323	20	1.94166	13.8147
5	419.731	67	-7.82247e+06	17.5318	0.446166	19	1.93545	14.4677
6	480.644	65	-7.77205e+06	17.7544	0.443548	25	1.91902	12.4441
7	633.169	69	-7.5473e+06	18.0928	0.459909	24	1.92092	12.4089
8	663.712	69	-7.50459e+06	18.1772	0.460876	26	1.89743	11.4103
9	693.321	69	-7.47454e+06	17.5784	0.46238	26	1.89483	11.4971
10	650.824	76	-7.43983e+06	17.2577	0.466647	36	1.88411	13.0723
11	543.388	71	-7.3853e+06	16.2639	0.482563	39	1.86407	11.316
12	525.929	69	-7.33344e+06	15.4498	0.495294	41	1.82565	11.216
13	561.79	71	-7.31297e+06	15.4257	0.506533	41	1.80979	10.809
14	544.221	70	-7.293e+06	14.9329	0.509911	47	1.79309	10.564
15	546.215	70	-7.27954e+06	14.6332	0.519634	51	1.78089	11.5555
16	547.791	70	-7.25233e+06	14.709	0.523902	58	1.7581	11.2704
17	565.878	71	-7.23057e+06	14.6995	0.529377	60	1.74051	10.1741
18	587.428	72	-7.21098e+06	14.8047	0.536509	61	1.72118	10.1548
19	543.325	70	-7.19972e+06	14.7591	0.542099	66	1.70545	9.85562
20	550.291	71	-7.18412e+06	14.9756	0.544457	68	1.69061	9.09566
21	556.968	71	-7.17395e+06	15.0781	0.554731	70	1.67837	9.66273
22	563.12	70	-7.16544e+06	15.1978	0.559705	87	1.67129	9.45045
23	589.36	72	-7.15755e+06	15.3162	0.564214	76	1.66259	9.43556
24	659.683	66	-7.14936e+06	15.4024	0.565964	75	1.65588	9.04595
25	730.847	69	-7.14435e+06	15.446	0.573924	79	1.65011	9.01093
26	728.862	69	-7.13926e+06	15.4652	0.575811	80	1.64627	9.30658
27	719.633	68	-7.12959e+06	15.5107	0.578081	80	1.63851	9.39445
28	562.923	70	-7.12357e+06	15.6684	0.57927	91	1.63408	9.73468
29	582.954	70	-7.11996e+06	15.6743	0.577921	89	1.62977	9.65216
30	595.289	71	-7.11464e+06	15.6806	0.581652	92	1.62601	8.5649
31	586.059	70	-7.10781e+06	15.6903	0.580922	94	1.62329	9.80912
32	583.46	71	-7.10527e+06	15.2268	0.584728	92	1.62217	9.48082
33	590.858	71	-7.10183e+06	14.9051	0.590327	98	1.61972	9.40577
34	591.21	71	-7.09897e+06	14.6114	0.59606	104	1.6167	9.40592
35	575.976	70	-7.09288e+06	14.5401	0.599373	110	1.61269	8.72104
36	553.026	69	-7.08853e+06	14.4907	0.601727	116	1.60823	9.31623
37	572.517	69	-7.08113e+06	14.4807	0.601761	122	1.60378	9.13425
38	586.991	69	-7.07746e+06	14.3578	0.603676	117	1.60217	9.33068
39	610.508	71	-7.07152e+06	14.2391	0.607939	125	1.59619	8.58579
40	608.77	70	-7.06678e+06	14.2411	0.611085	127	1.59435	9.23562
41	718.299	65	-7.0612e+06	14.2475	0.615654	137	1.58944	8.67211
42	782.061	67	-7.05637e+06	14.215	0.616681	143	1.58482	9.22345
43	804.949	67	-7.05068e+06	14.1308	0.618128	153	1.58135	8.8543
44	696.58	73	-7.04243e+06	14.1201	0.62096	170	1.57447	9.39248
45	625.901	69	-7.0365e+06	14.2176	0.621361	164	1.5704	9.21758
46	611.893	69	-7.0328e+06	14.0762	0.626564	160	1.56945	8.77644
47	619.167	69	-7.02566e+06	13.9405	0.626668	168	1.56428	8.90288
48	598.674	67	-7.02206e+06	13.9641	0.632182	176	1.5614	8.4374
49	654.082	70	-7.01701e+06	13.8377	0.632799	176	1.55733	8.96548
50	651.456	69	-7.01382e+06	13.8479	0.634174	198	1.55631	8.95925
51	698.199	71	-7.00406e+06	14.0286	0.637667	202	1.54713	8.48821
52	683.064	70	-7.00171e+06	13.6748	0.638654	206	1.54593	8.97111
53	675.124	69	-6.99709e+06	13.6501	0.644033	211	1.54298	8.94045
54	665.903	69	-6.9907e+06	13.6954	0.647235	226	1.53901	8.80077
55	699.94	70	-6.98522e+06	13.7173	0.649597	231	1.53098	8.67738
56	804.571	62	-6.97996e+06	13.8092	0.656135	233	1.52752	8.61945
57	912.137	66	-6.97559e+06	13.7751	0.658411	246	1.5251	8.25142
58	871.818	63	-6.96843e+06	13.8186	0.661181	252	1.52003	8.36812
59	705.057	70	-6.96293e+06	13.9088	0.662019	252	1.51638	8.32028
60	671.9	68	-6.95541e+06	14.0523	0.66427	261	1.5088	7.92528
61	662.242	68	-6.95507e+06	14.1421	0.666678	274	1.50856	8.08679
62	680.697	68	-6.94907e+06	14.0901	0.669936	278	1.5018	8.18922
63	693.267	69	-6.94298e+06	14.0946	0.673184	275	1.49705	8.2173
64	665.123	68	-6.93969e+06	14.1542	0.675034	273	1.49567	8.08624
65	658.124	67	-6.937e+06	14.1748	0.677103	288	1.49215	8.16103
66	701.792	68	-6.93111e+06	14.1771	0.680461	288	1.48688	8.00952
67	680.319	68	-6.92925e+06	14.2066	0.685303	296	1.48478	8.02001
68	710.808	68	-6.92497e+06	14.2119	0.688701	305	1.48233	7.93733
69	698.95	68	-6.92215e+06	14.2668	0.694087	322	1.47889	8.01675
70	860.642	59	-6.91742e+06	14.3361	0.696263	329	1.47673	7.95127
71	915.783	61	-6.91254e+06	14.34	0.69643	336	1.47222	8.01163
72	963.83	63	-6.90832e+06	14.4432	0.700544	320	1.46799	7.90686
73	731.771	69	-6.90494e+06	14.4341	0.705063	326	1.46566	7.91636
74	684.703	66	-6.8998e+06	14.5589	0.704558	332	1.46037	7.71106
75	710.994	68	-6.89589e+06	14.6518	0.706953	328	1.45729	7.49244
76	698.439	67	-6.89648e+06	14.6517	0.710339	349	1.45862	7.72624
77	703.305	67	-6.8926e+06	14.6908	0.717673	354	1.45696	7.3516
78	729.035	68	-6.8902e+06	14.6778	0.7172	358	1.4531	7.66539
79	729.966	67	-6.88671e+06	14.6941	0.719317	370	1.449	7.52678
80	719.279	67	-6.88372e+06	14.8168	0.720102	352	1.4475	7.15754
81	679.568	65	-6.8797e+06	14.9161	0.723146	366	1.44502	7.62455
82	701.505	67	-6.87769e+06	14.8452	0.725772	371	1.44191	7.29169
83	695.482	64	-6.8751e+06	14.8961	0.732812	355	1.43875	7.14186
84	966.247	62	-6.86955e+06	14.9489	0.737823	359	1.43339	7.07291
85	994.685	63	-6.86619e+06	14.8855	0.742627	371	1.43166	7.19938
86	806.498	71	-6.86486e+06	14.9153	0.745328	368	1.42974	7.27602
87	706.588	67	-6.86184e+06	14.896	0.754127	354	1.42643	7.11912
88	709.469	67	-6.85986e+06	14.9958	0.758053	384	1.4216	7.25731
89	707.748	65	-6.8573e+06	15.0478	0.763331	390	1.42046	7.3152
90	713.867	66	-6.8525e+06	15.0453	0.767693	381	1.41386	7.10321
91	744.406	68	-6.85007e+06	15.0187	0.7716	366	1.4118	7.29642
92	747.416	68	-6.84796e+06	15.129	0.775191	376	1.41088	7.2741
93	733.605	67	-6.84308e+06	15.1398	0.778722	394	1.40708	6.9532
94	703.779	65	-6.84218e+06	15.2895	0.784765	386	1.40482	6.84011
95	737.084	67	-6.83858e+06	15.2469	0.784788	380	1.40213	6.76995
96	741.782	67	-6.83617e+06	15.2879	0.791141	381	1.39829	7.02274
97	919.483	59	-6.8339e+06	15.2746	0.798867	389	1.39619	7.17407
98	1023.86	62	-6.82924e+06	15.4679	0.803145	386	1.39397	6.90178
99	919.893	65	-6.82509e+06	15.4668	0.809085	395	1.39029	6.88115
100	720.331	66	-6.82217e+06	15.5763	0.814967	391	1.38666	6.9032
101	734.809	67	-6.81818e+06	15.6119	0.825399	404	1.3825	6.79299
102	719.95	66	-6.81599e+06	15.6303	0.833598	411	1.38075	6.9892
103	742.981	67	-6.81362e+06	15.6595	0.834719	424	1.37722	6.84833
104	724.259	66	-6.80943e+06	15.7572	0.841942	401	1.37288	6.78006
105	712.582	66	-6.80895e+06	15.7324	0.84941	401	1.37168	6.82886
106	710.785	66	-6.80547e+06	15.7443	0.85145	414	1.36858	7.01419
107	696.477	65	-6.80232e+06	15.8401	0.853388	406	1.36557	6.91258
108	714.28	65	-6.79968e+06	15.9461	0.864027	423	1.3624	7.01743
109	733.461	66	-6.79611e+06	15.8883	0.872389	428	1.35828	7.10389
110	915.363	56	-6.79341e+06	15.955	0.879011	427	1.35618	6.64401
111	1016.7	60	-6.79103e+06	16.0192	0.883758	432	1.35363	6.67733
112	1017.15	61	-6.78875e+06	16.0337	0.887616	442	1.35181	6.70319
113	750.089	66	-6.78518e+06	16.0634	0.89524	443	1.34879	6.58216
114	767.833	67	-6.78107e+06	16.1642	0.905658	443	1.3429	6.82586
115	773.231	66	-6.77884e+06	16.1834	0.90741	444	1.34307	6.59191
116	777.772	67	-6.77625e+06	16.273	0.909266	454	1.33947	6.57103
117	755.307	66	-6.77679e+06	16.2444	0.913098	445	1.34009	6.89125
118	734.314	65	-6.77241e+06	16.3011	0.918548	461	1.33678	6.83427
119	771.141	67	-6.7727e+06	16.303	0.92329	458	1.33548	6.76381
120	732.759	65	-6.77206e+06	16.3573	0.928182	468	1.33367	6.67495
121	773.008	66	-6.76918e+06	16.4342	0.930632	469	1.33317	6.61167
122	796.41	66	-6.76573e+06	16.5697	0.930341	474	1.32898	6.6646
123	1108.46	61	-6.76445e+06	16.5889	0.933672	484	1.32966	6.57944
124	1125.7	61	-6.76256e+06	16.7162	0.939112	502	1.32662	6.36262
125	863.346	69	-6.76225e+06	16.6826	0.942607	481	1.32616	6.45713
126	802.939	66	-6.76058e+06	16.7412	0.945057	498	1.32532	6.56878
127	794.173	65	-6.75847e+06	16.791	0.944565	495	1.32535	6.51001
128	755.586	64	-6.75849e+06	16.879	0.945053	473	1.3228	6.4899
129	822.62	67	-6.7578e+06	16.7755	0.949289	499	1.32159	6.53746
130	791.258	65	-6.75626e+06	16.7084	0.951284	502	1.31938	6.43236
131	825.247	66	-6.75695e+06	16.7715	0.952911	496	1.32081	6.57333
132	1555.97	67	-6.7541e+06	16.8001	0.953377	503	1.3189	6.42623
133	2286.74	60	-6.75324e+06	16.7655	0.954116	523	1.31697	6.4467
134	1298	75	-6.75118e+06	16.8775	0.956737	536	1.31585	6.54333
135	833.435	66	-6.75007e+06	16.9167	0.962704	527	1.3152	6.69916
136	802.921	65	-6.74586e+06	16.987	0.96299	533	1.31271	6.42214
137	795.986	65	-6.74859e+06	16.9206	0.965564	518	1.31472	6.40124
138	819.886	65	-6.74582e+06	16.9621	0.967146	532	1.31407	6.40389
139	819.132	65	-6.74769e+06	16.8656	0.968491	542	1.31356	6.31582
140	819.375	65	-6.74547e+06	16.9184	0.968578	547	1.31406	6.46982
141	845.145	66	-6.74299e+06	16.9149	0.970369	565	1.31194	6.50391
142	796.148	64	-6.74328e+06	16.9579	0.971848	551	1.31037	6.30871
143	806.233	64	-6.74174e+06	17.0336	0.971431	553	1.3105	6.20448
144	1115.79	58	-6.74034e+06	17.1355	0.971207	552	1.30998	6.32921
145	1149.17	59	-6.73952e+06	17.1448	0.972695	560	1.30833	6.48475
146	849.969	67	-6.74019e+06	17.2196	0.976215	574	1.30838	6.35569
147	822.954	64	-6.739e+06	17.031	0.974463	562	1.30871	6.42148
148	832.695	65	-6.73767e+06	16.9393	0.974319	583	1.30752	6.46104
149	829.054	65	-6.7389e+06	17.1215	0.973946	576	1.30947	6.63037
150	805.727	64	-6.73941e+06	17.1639	0.970065	571	1.30947	6.47248
151	816.634	65	-6.7391e+06	17.3413	0.970687	535	1.30857	6.47297
152	827.003	65	-6.73757e+06	17.2081	0.976556	551	1.3077	6.41089
153	800.03	65	-6.73872e+06	17.2216	0.973504	551	1.30859	6.2001
154	838.451	66	-6.7383e+06	17.2438	0.977749	549	1.30793	6.41713
155	929.323	58	-6.73761e+06	17.2075	0.975357	553	1.30863	6.39883
156	1129.53	59	-6.73801e+06	17.1865	0.97431	547	1.30979	6.27554
157	1161.31	59	-6.73965e+06	17.2486	0.975043	553	1.30886	6.22019
158	843.699	66	-6.73864e+06	17.2388	0.975064	542	1.30692	6.41065
159	846.678	66	-6.73816e+06	17.232	0.978241	530	1.3087	6.3943
160	821.771	65	-6.73789e+06	17.2571	0.979679	539	1.30794	6.46202
161	839.771	65	-6.73628e+06	17.2325	0.981705	540	1.30625	6.44895
162	841.727	66	-6.73678e+06	17.2828	0.981423	554	1.30442	6.31898
163	789.138	63	-6.73501e+06	17.3983	0.98469	545	1.30436	6.25052
164	833.967	65	-6.7336e+06	17.266	0.985366	549	1.30474	6.2964
165	826.11	65	-6.73406e+06	17.2376	0.986475	545	1.30472	6.22516
166	796.921	64	-6.73442e+06	17.189	0.987329	547	1.30447	6.08596
167	1056.19	56	-6.73579e+06	17.1969	0.988613	552	1.30693	6.15097
168	1145.99	58	-6.73428e+06	17.1495	0.98932	544	1.30539	6.11232
169	973.622	70	-6.73213e+06	17.1967	0.985513	575	1.30358	6.21003
170	857.379	65	-6.73252e+06	17.3129	0.981763	579	1.30302	6.11954
171	825.141	64	-6.734e+06	17.283	0.982832	564	1.30595	6.54639
172	845.761	65	-6.73249e+06	17.3453	0.979153	580	1.30481	6.32326
173	805.981	64	-6.73163e+06	17.3229	0.980911	573	1.30351	6.24849
174	842.433	65	-6.73314e+06	17.3219	0.977826	572	1.30329	6.31969
175	874.056	66	-6.73237e+06	17.5106	0.978498	591	1.30554	6.24939
176	876.77	65	-6.73064e+06	17.343	0.980327	587	1.30317	6.22097
177	853.916	65	-6.73201e+06	17.3811	0.979112	602	1.3052	6.25299
178	1042.78	52	-6.72892e+06	17.2905	0.977262	603	1.30406	6.34631
179	1193.76	58	-6.73154e+06	17.1608	0.975372	606	1.30515	6.15629
180	1068.25	67	-6.73057e+06	17.1346	0.975603	608	1.30539	6.21928
181	822.854	63	-6.73093e+06	17.3413	0.975809	620	1.30632	6.17601
182	857.331	64	-6.7294e+06	17.1453	0.975899	631	1.30542	6.24289
183	842.51	63	-6.73181e+06	17.1793	0.975209	608	1.30598	6.33473
184	877.033	66	-6.73013e+06	17.147	0.975043	592	1.30448	6.18896
185	839.019	64	-6.72975e+06	17.2834	0.977771	600	1.30391	6.21816
186	858.626	65	-6.72815e+06	17.3974	0.976614	627	1.30438	6.15735
187	857.964	65	-6.72958e+06	17.3185	0.975229	613	1.30418	6.20062
188	838.978	63	-6.72941e+06	17.3766	0.977994	616	1.30564	6.13119
189	1011.29	57	-6.72889e+06	17.2245	0.978785	607	1.30446	6.1468
190	1224.49	59	-6.72703e+06	17.2783	0.97731	631	1.30271	6.199
191	1109.27	61	-6.72791e+06	17.2749	0.975252	624	1.30252	6.15468
192	891.155	66	-6.72637e+06	17.2567	0.979041	615	1.3023	5.95252
193	862.943	64	-6.72911e+06	17.2798	0.980267	618	1.30565	6.06095
194	1052.06	66	-6.72732e+06	17.1555	0.982258	602	1.30329	6.06029
195	1131.91	69	-6.72624e+06	17.2772	0.980569	623	1.30106	6.22734
196	1076.58	67	-6.7273e+06	17.4094	0.977965	626	1.30368	6.10144
197	1071.1	68	-6.72683e+06	17.3451	0.980203	611	1.30384	6.17618
198	1090.29	67	-6.72793e+06	17.2939	0.97968	625	1.3026	6.21073
199	1325.99	56	-6.72483e+06	17.3489	0.978326	632	1.30209	6.13053
200	1497.41	59	-6.72444e+06	17.3104	0.981432	646	1.30223	6.12482
201	1104.87	68	-6.72495e+06	17.316	0.98122	636	1.30127	6.01604
202	1040.61	65	-6.722e+06	17.2396	0.983995	629	1.30028	6.15998
203	1061.47	67	-6.72304e+06	17.1898	0.985499	632	1.30167	5.9242
204	1021.91	67	-6.72263e+06	17.1889	0.98813	631	1.30001	5.94936
205	1100.46	67	-6.7203e+06	17.3926	0.987552	635	1.29922	5.998
206	1098.66	68	-6.7214e+06	17.3682	0.987085	621	1.29963	5.88096
207	1058.19	67	-6.72227e+06	17.4253	0.98757	621	1.29989	5.99666
208	1464.74	58	-6.72271e+06	17.3065	0.986214	615	1.30052	5.88927
209	1472.48	62	-6.71965e+06	17.5277	0.983528	621	1.3	5.9683
210	1126.17	68	-6.72275e+06	17.419	0.984489	644	1.30085	6.07795
211	1121.54	68	-6.72009e+06	17.3701	0.986507	613	1.30196	6.07033
212	1126	68	-6.72074e+06	17.4217	0.989243	613	1.29829	6.09341
213	1129.18	68	-6.72082e+06	17.3816	0.989395	642	1.2982	6.00414
214	1109.99	66	-6.72018e+06	17.4762	0.985983	617	1.30033	6.07333
215	1185.71	69	-6.72265e+06	17.449	0.984454	606	1.30064	5.96557
216	1337.5	58	-6.72141e+06	17.3698	0.982186	607	1.30142	5.96463
217	1522.32	61	-6.71989e+06	17.5441	0.981648	606	1.29836	6.0649
218	1222.64	71	-6.72098e+06	17.5614	0.979096	618	1.29921	6.00716
219	1068.93	65	-6.71979e+06	17.5617	0.979775	609	1.29905	6.09143
220	1159.44	68	-6.72057e+06	17.6197	0.978265	605	1.29975	6.09236
221	1046.01	66	-6.71932e+06	17.6475	0.977545	621	1.29846	6.09578
222	1122.68	68	-6.71904e+06	17.6312	0.978416	646	1.29812	6.00367
223	1145.94	68	-6.71934e+06	17.5181	0.98114	624	1.29888	6.08048
224	1133.85	67	-6.72025e+06	17.4871	0.982217	622	1.30171	6.20544
225	1487.44	58	-6.72045e+06	17.3496	0.97762	635	1.30036	6.13668
226	1481.94	64	-6.72025e+06	17.3321	0.976754	617	1.30095	5.96246
227	1124.78	68	-6.71876e+06	17.4289	0.978591	640	1.29852	6.00953
228	1136.31	69	-6.71972e+06	17.5468	0.977257	631	1.30092	6.14279
229	1127.95	66	-6.72047e+06	17.5811	0.976273	641	1.30065	5.91385
230	1093.04	67	-6.71922e+06	17.4697	0.976746	646	1.29932	5.87928
231	1079.75	65	-6.7199e+06	17.4911	0.979274	649	1.30158	5.93236
232	1155.81	68	-6.71951e+06	17.3632	0.97779	650	1.29992	6.14337
233	1213.95	57	-6.71878e+06	17.3856	0.980305	652	1.29986	5.86474
234	1562.97	61	-6.71874e+06	17.4582	0.983557	648	1.29803	5.73722
235	1250.29	69	-6.71698e+06	17.4493	0.982222	640	1.29871	5.95014
236	1161.4	69	-6.71664e+06	17.4906	0.981666	643	1.29704	5.91472
237	1040.95	66	-6.71806e+06	17.6854	0.982247	634	1.29832	6.06893
238	1163.36	67	-6.71738e+06	17.6229	0.981848	635	1.29849	5.9081
239	1150.29	67	-6.71586e+06	17.6654	0.982513	636	1.29805	5.76737
240	1191.8	69	-6.71708e+06	17.6772	0.980351	639	1.29868	5.75511
241	1134.27	65	-6.71722e+06	17.6192	0.979798	644	1.297	5.81445
242	1520.4	58	-6.71529e+06	17.6857	0.98123	633	1.29774	5.99878
243	1441.5	66	-6.71738e+06	17.7436	0.98142	658	1.2996	6.04832
244	1217.9	67	-6.71553e+06	17.6255	0.980356	657	1.29911	5.85816
245	1106.4	67	-6.71736e+06	17.4991	0.978632	660	1.29971	5.82082
246	1152.66	66	-6.71562e+06	17.5519	0.977573	667	1.29919	5.90075
247	1128.49	67	-6.71797e+06	17.6464	0.975554	653	1.29972	5.82523
248	1138.2	66	-6.71617e+06	17.3762	0.975171	664	1.2992	5.81915
249	1161.7	69	-6.71753e+06	17.3289	0.975205	676	1.29969	5.88405
250	1401.29	54	-6.71812e+06	17.5272	0.973294	667	1.30189	6.04747
251	1596.31	59	-6.71846e+06	17.5643	0.971909	669	1.29947	6.01154
252	1189.06	68	-6.7173e+06	17.4303	0.975937	668	1.29882	5.90242
253	1105.64	64	-6.71717e+06	17.5508	0.977358	666	1.30091	5.9658
254	1186.45	69	-6.71799e+06	17.555	0.976527	655	1.29999	5.97035
255	1159.43	67	-6.71617e+06	17.5262	0.977164	659	1.30054	5.82334
256	1218.29	68	-6.71807e+06	17.433	0.9743	666	1.30115	5.7798
257	1159.92	67	-6.7152e+06	17.5325	0.975655	655	1.29963	5.81017
258	1445.73	57	-6.71546e+06	17.3826	0.973277	647	1.29876	5.89724
259	1598.53	61	-6.71873e+06	17.5247	0.969958	665	1.3016	5.90233
260	1189.48	67	-6.7182e+06	17.5039	0.964816	675	1.30175	5.70815
261	1149.86	66	-6.71866e+06	17.4009	0.965758	682	1.30286	5.82218
262	1230.59	68	-6.71682e+06	17.4593	0.967289	672	1.30067	5.91526
263	1140.08	66	-6.71665e+06	17.4951	0.965224	664	1.30206	5.93995
264	1186.15	67	-6.7187e+06	17.5235	0.965614	665	1.30105	5.95117
265	1155.54	66	-6.71737e+06	17.607	0.965077	655	1.30136	5.79242
266	1197.31	59	-6.71766e+06	17.5185	0.967749	685	1.30009	5.8916
267	1598.93	60	-6.71919e+06	17.5624	0.967578	681	1.30239	5.98542
268	1258.55	69	-6.71683e+06	17.5264	0.973879	682	1.29987	5.9943
269	1159.66	66	-6.71395e+06	17.4433	0.974096	687	1.29813	5.89663
270	1198.74	67	-6.71402e+06	17.4696	0.974716	673	1.29873	5.75522
271	1183.07	68	-6.71349e+06	17.4856	0.978317	674	1.29714	5.98499
272	1160.23	66	-6.71364e+06	17.7081	0.974148	674	1.29685	5.71761
273	1167.33	66	-6.71285e+06	17.7463	0.97369	687	1.29756	5.87975
274	1242.52	68	-6.71473e+06	17.6892	0.975097	668	1.29924	6.01457
275	1563.58	60	-6.71646e+06	17.7185	0.974635	682	1.29979	5.89137
276	1373.24	70	-6.71512e+06	17.7045	0.973251	668	1.29849	5.82551
277	1228.7	68	-6.71362e+06	17.6619	0.974024	675	1.2959	5.839
278	1193.38	68	-6.71579e+06	17.6856	0.971817	667	1.29911	5.95052
279	1173.24	65	-6.71297e+06	17.7497	0.973067	687	1.2972	5.9224
280	1145.77	66	-6.7148e+06	17.7704	0.970059	673	1.29929	5.8016
281	1174.28	66	-6.71655e+06	17.783	0.966473	668	1.30104	5.94201
282	1116.12	66	-6.7166e+06	17.6696	0.964466	681	1.30237	5.80456
283	1587.17	59	-6.71602e+06	17.6813	0.967396	683	1.30164	5.8877
284	1472	66	-6.71632e+06	17.6991	0.971287	681	1.30033	5.7916
285	1193.2	68	-6.7144e+06	17.7179	0.971078	681	1.29944	5.83485
286	1197.14	67	-6.71604e+06	17.7887	0.964348	667	1.29934	5.67326
287	1167.46	67	-6.71558e+06	17.609	0.968524	661	1.29993	5.60448
288	1240.65	68	-6.71527e+06	17.7028	0.971487	654	1.29908	5.66046
289	1178.73	67	-6.71318e+06	17.5626	0.972177	681	1.30023	5.74301
290	1204.79	68	-6.71433e+06	17.5002	0.972583	686	1.30032	5.65219
291	1518.76	56	-6.71501e+06	17.5305	0.972957	669	1.3007	5.80752
292	1498.93	65	-6.716e+06	17.3779	0.9757	675	1.30001	5.83327
293	1145.34	65	-6.71564e+06	17.4499	0.972156	697	1.30052	5.81665
294	1146.16	66	-6.71485e+06	17.5893	0.970215	668	1.2979	5.66618
295	1180.62	66	-6.71455e+06	17.5011	0.970932	678	1.30136	5.71169
296	1164.22	67	-6.71532e+06	17.5911	0.970056	670	1.30053	5.74023
297	1217.98	68	-6.71768e+06	17.6255	0.970101	692	1.30108	5.87712
298	1159.04	67	-6.71529e+06	17.4737	0.97155	672	1.29904	5.85469
299	1522.56	58	-6.71499e+06	17.4781	0.97432	690	1.29865	5.70751
300	1589.08	62	-6.71306e+06	17.4947	0.973077	669	1.29863	5.65164
301	1195.78	68	-6.71658e+06	17.4581	0.973145	679	1.30104	5.72688
302	1160.4	67	-6.71369e+06	17.5837	0.975916	665	1.29874	5.69125
303	1177.3	67	-6.71098e+06	17.6934	0.977449	684	1.29796	5.64625
304	1178.74	68	-6.7121e+06	17.5594	0.977384	694	1.29862	5.66884
305	1149.64	66	-6.713e+06	17.6078	0.976337	678	1.29773	5.78635
306	1194.68	69	-6.71234e+06	17.636	0.975556	699	1.29793	5.53898
307	1520.34	57	-6.71247e+06	17.6565	0.974294	705	1.29827	5.63403
308	1620.65	60	-6.71355e+06	17.5459	0.971477	710	1.29748	5.57847
309	1186.15	68	-6.71393e+06	17.3176	0.975574	719	1.29846	5.83474
310	1153.7	66	-6.71283e+06	17.468	0.975344	688	1.29682	5.70071
311	1198.07	66	-6.71338e+06	17.5173	0.976421	706	1.29696	5.97773
312	1208.58	66	-6.71165e+06	17.4678	0.978745	723	1.29668	5.81932
313	1194.27	67	-6.71173e+06	17.5852	0.980034	713	1.29689	5.82198
314	1239.24	67	-6.71062e+06	17.6817	0.974716	740	1.29726	5.81106
315	1541.6	57	-6.71073e+06	17.7812	0.976083	736	1.29727	5.87658
316	1605.34	61	-6.71175e+06	17.6142	0.977314	709	1.29616	5.77904
317	1200.38	67	-6.71057e+06	17.7227	0.978844	701	1.29637	5.67883
318	1171.66	65	-6.71071e+06	17.685	0.975941	715	1.29517	5.76325
319	1181.55	67	-6.71267e+06	17.6486	0.975358	714	1.29763	5.70979
320	1172.27	65	-6.71091e+06	17.632	0.974801	712	1.29796	5.74953
321	1169.54	68	-6.71117e+06	17.7452	0.973875	693	1.29585	5.64147
322	1189.74	66	-6.70939e+06	17.9247	0.970144	695	1.2941	5.72415
323	1547.49	57	-6.70935e+06	17.872	0.971496	727	1.29518	5.72736
324	1573.01	61	-6.70986e+06	17.8719	0.972371	714	1.29739	5.48412
325	1186.41	68	-6.71136e+06	17.5942	0.973716	708	1.29785	5.73146
326	1181.46	68	-6.71243e+06	17.583	0.972276	704	1.29714	5.53084
327	1155.75	66	-6.71242e+06	17.6012	0.977272	678	1.29876	5.68576
328	1152.17	66	-6.71229e+06	17.5952	0.974784	686	1.29899	5.75875
329	1114.24	66	-6.71299e+06	17.6017	0.976137	675	1.29738	5.61486
330	1216.39	67	-6.71389e+06	17.5513	0.977956	699	1.29909	5.66601
331	1479.17	56	-6.71407e+06	17.5034	0.973975	687	1.29852	5.6604
332	1630.29	59	-6.71282e+06	17.5642	0.975251	700	1.29649	5.75817
333	1174.15	66	-6.7133e+06	17.6654	0.973679	703	1.29847	5.85261
334	1123.64	65	-6.71319e+06	17.5865	0.973817	707	1.29683	5.80398
335	1148.67	66	-6.7138e+06	17.5371	0.974813	702	1.29937	5.82571
336	1210.95	68	-6.71469e+06	17.508	0.973742	696	1.29871	5.7967
337	1188.67	67	-6.71385e+06	17.581	0.976087	695	1.29833	5.73533
338	1221.82	67	-6.71485e+06	17.4404	0.975257	710	1.30053	5.66506
339	1472.57	55	-6.71038e+06	17.4818	0.977828	693	1.29617	5.68912
340	1663.23	59	-6.71261e+06	17.5815	0.979341	700	1.29658	5.77757
341	1257.41	68	-6.71072e+06	17.5603	0.98127	682	1.29631	5.68949
342	1214.33	67	-6.71188e+06	17.5001	0.978739	681	1.29653	5.65869
343	1145.49	66	-6.71334e+06	17.6693	0.977226	663	1.2966	5.76772
344	1263.41	68	-6.71257e+06	17.6148	0.975114	683	1.29592	5.85012
345	1213.31	67	-6.71619e+06	17.6614	0.972442	694	1.29991	5.70739
346	1188.11	67	-6.71302e+06	17.7608	0.974824	664	1.29779	5.78038
347	1506.16	57	-6.71359e+06	17.8033	0.976331	674	1.29724	5.86178
348	1569.7	62	-6.71133e+06	17.7686	0.977363	686	1.2971	5.82148
349	1157	66	-6.71111e+06	17.7744	0.978217	705	1.29578	5.75214
350	1198.46	67	-6.71256e+06	17.614	0.976744	667	1.29792	5.69015
351	1150.68	66	-6.71347e+06	17.6915	0.971938	689	1.29908	5.80388
352	1169.28	67	-6.71327e+06	17.8257	0.970509	694	1.29905	5.78583
353	1144.8	65	-6.70998e+06	17.7724	0.97273	699	1.29656	5.7305
354	1152.05	66	-6.71069e+06	17.732	0.971274	710	1.29725	5.74093
355	1511.87	56	-6.70985e+06	17.7197	0.973012	710	1.29683	5.83865
356	1661	60	-6.70947e+06	17.7868	0.974241	689	1.29659	5.70804
357	1205.71	66	-6.70751e+06	17.6717	0.977297	702	1.29574	5.67272
358	1229.26	67	-6.7082e+06	17.6708	0.97555	711	1.29663	5.80849
359	1271.26	68	-6.71033e+06	17.6023	0.977112	698	1.29703	5.57127
360	1230.89	69	-6.71106e+06	17.5233	0.978846	689	1.29789	5.51948
361	1168.95	68	-6.71067e+06	17.5467	0.977664	677	1.29615	5.71394
362	1171.91	66	-6.71048e+06	17.5452	0.977612	683	1.29673	5.68024
363	1533.07	58	-6.70957e+06	17.5802	0.975574	677	1.29462	5.6017
364	1566.95	61	-6.70881e+06	17.5389	0.974005	694	1.29512	5.50406
365	1189.94	67	-6.71007e+06	17.5972	0.974132	708	1.29742	5.50012
366	1165.91	65	-6.70967e+06	17.7169	0.974162	681	1.29529	5.79787
367	1193.27	68	-6.71175e+06	17.6189	0.973247	685	1.29806	5.51797
368	1209.43	67	-6.71203e+06	17.575	0.976491	680	1.29867	5.64033
369	1152.42	65	-6.71076e+06	17.5654	0.974149	697	1.29799	5.6875
370	1204.91	67	-6.71219e+06	17.594	0.97205	713	1.29815	5.72529
371	1523.22	56	-6.70755e+06	17.677	0.972927	718	1.29602	5.66943
372	1572.41	60	-6.70988e+06	17.6893	0.971687	721	1.29918	5.4676
373	1210.94	67	-6.70968e+06	17.5069	0.971695	702	1.29792	5.68537
374	1210.89	67	-6.71207e+06	17.6108	0.973764	738	1.29997	5.6299
375	1201.97	66	-6.71013e+06	17.6419	0.974268	730	1.29675	5.75886
376	1211.3	66	-6.70964e+06	17.6723	0.97499	744	1.29774	5.72249
377	1233.07	66	-6.71146e+06	17.5945	0.976131	718	1.2983	5.59586
378	1117.06	64	-6.71029e+06	17.6056	0.971025	731	1.29855	5.62333
379	1571.41	57	-6.71126e+06	17.6164	0.972446	712	1.29778	5.71039
380	1587.39	63	-6.70936e+06	17.5331	0.973471	741	1.29943	5.70237
381	1239	67	-6.70907e+06	17.5443	0.973991	762	1.29725	5.67626
382	1186.75	65	-6.70945e+06	17.5494	0.97428	738	1.29774	5.55255
383	1150.17	65	-6.71019e+06	17.5079	0.973408	735	1.29706	5.69585
384	1270	68	-6.71019e+06	17.4465	0.976615	734	1.2964	5.62545
385	1234.66	67	-6.71015e+06	17.4176	0.976021	754	1.29678	5.81613
386	1256.66	67	-6.70806e+06	17.4132	0.972622	750	1.2952	5.70494
387	1607.43	58	-6.70836e+06	17.3945	0.9769	727	1.29612	5.76506
388	1447.85	68	-6.70821e+06	17.4463	0.977028	728	1.29698	5.80523
389	1240.32	66	-6.70771e+06	17.4775	0.977821	726	1.29706	5.60457
390	1227.14	66	-6.70749e+06	17.5145	0.976237	740	1.29517	5.60362
391	1241.39	68	-6.70982e+06	17.5565	0.976399	744	1.29614	5.64936
392	1190.5	66	-6.70794e+06	17.483	0.974544	736	1.29468	5.63545
393	1242.34	68	-6.70988e+06	17.6038	0.971865	741	1.29632	5.73865
394	1345.66	64	-6.70858e+06	17.6046	0.973836	742	1.29613	5.84954
395	1739.46	58	-6.70881e+06	17.6214	0.971423	747	1.29808	5.6123
396	1364.86	71	-6.70956e+06	17.6987	0.973457	754	1.29874	5.6839
397	1196.59	64	-6.70862e+06	17.6552	0.970991	724	1.29679	5.54612
398	1224.43	66	-6.70808e+06	17.6103	0.970668	747	1.29839	5.60099
399	1243.02	67	-6.70921e+06	17.7028	0.970449	746	1.29972	5.63963
400	1211.48	66	-6.70961e+06	17.6744	0.970188	744	1.29669	5.64146
401	1266.13	67	-6.70868e+06	17.7823	0.973082	751	1.29812	5.56946
402	1407.54	56	-6.71015e+06	17.7505	0.974778	755	1.29826	5.85231
403	1675.88	58	-6.70808e+06	17.6799	0.975619	735	1.29621	5.71556
404	1272.2	69	-6.70687e+06	17.662	0.973828	733	1.29541	5.61027
405	1243.38	66	-6.70828e+06	17.6491	0.971643	728	1.29781	5.70406
406	1263.12	68	-6.70984e+06	17.6345	0.969096	717	1.2974	5.73416
407	1214.49	66	-6.71028e+06	17.5734	0.968023	721	1.29777	5.70467
408	1234.47	67	-6.71029e+06	17.7418	0.970822	725	1.29794	5.68991
409	1243.11	68	-6.71019e+06	17.5916	0.969951	725	1.29752	5.63773
410	1570.75	57	-6.70951e+06	17.6135	0.968198	749	1.29764	5.56627
411	1640.84	62	-6.70847e+06	17.6659	0.96649	731	1.29693	5.50865
412	1158.42	65	-6.71277e+06	17.6758	0.964734	719	1.29921	5.61808
413	1277.78	67	-6.71122e+06	17.5765	0.965247	713	1.30009	5.73373
414	1199.2	66	-6.70976e+06	17.4743	0.967367	737	1.29815	5.73665
415	1215.66	67	-6.71127e+06	17.5204	0.971295	747	1.29891	5.6708
416	1276.61	67	-6.71004e+06	17.5587	0.974007	740	1.29864	5.63439
417	1227.44	66	-6.70856e+06	17.3521	0.973727	758	1.29633	5.61436
418	1619.6	57	-6.70741e+06	17.4069	0.977472	754	1.29649	5.62999
419	1473.06	67	-6.70718e+06	17.5768	0.976256	748	1.2951	5.5437
420	1297.13	68	-6.70752e+06	17.7939	0.979209	720	1.29428	5.62647
421	1210.69	65	-6.70865e+06	17.7503	0.975938	746	1.29515	5.68385
422	1228.51	66	-6.70615e+06	17.707	0.97458	747	1.29495	5.65722
423	1234.76	67	-6.70547e+06	17.7506	0.974792	750	1.29522	5.66132
424	1187.53	66	-6.70946e+06	17.697	0.973777	744	1.2966	5.72835
425	1357.76	64	-6.7087e+06	17.7598	0.974872	735	1.29533	5.68898
426	1700.2	58	-6.70631e+06	17.7657	0.973902	739	1.29603	5.78238
427	1396.59	71	-6.71074e+06	17.7042	0.976206	718	1.29669	5.72548
428	1211.3	66	-6.70916e+06	17.7879	0.977259	745	1.29562	5.83611
429	1234.58	66	-6.70624e+06	17.8996	0.977323	738	1.29361	5.67348
430	1280.14	69	-6.70851e+06	18.0083	0.973663	742	1.29542	5.66391
431	1189.51	65	-6.70578e+06	17.9847	0.970418	713	1.29413	5.53963
432	1303.28	68	-6.70654e+06	17.9828	0.967621	733	1.29572	5.62355
433	1534.69	55	-6.70657e+06	17.8532	0.964351	741	1.29569	5.76768
434	1701.9	59	-6.70736e+06	17.9057	0.966387	720	1.29459	5.63115
435	1273.56	67	-6.70715e+06	17.8024	0.96931	727	1.29503	5.64958
436	1242.1	67	-6.70524e+06	17.9586	0.969747	747	1.2939	5.54557
437	1248.78	67	-6.70613e+06	17.912	0.971474	727	1.29249	5.51234
438	1319.33	67	-6.70818e+06	17.7856	0.973635	718	1.2938	5.59641
439	1164.44	65	-6.70728e+06	17.6997	0.974529	710	1.29404	5.51772
440	1269.21	68	-6.70635e+06	17.8064	0.974478	719	1.29403	5.5111
441	1612.52	58	-6.7054e+06	17.7318	0.976043	722	1.29676	5.4649
442	1496.88	68	-6.70797e+06	17.7858	0.974995	717	1.29493	5.53252
443	1288.22	68	-6.7064e+06	17.8177	0.971755	713	1.29449	5.66491
444	1195.57	66	-6.708e+06	17.9083	0.971711	715	1.29344	5.57077
445	1269.63	68	-6.70649e+06	17.9401	0.974954	713	1.29507	5.607
446	1201.89	65	-6.70631e+06	17.8945	0.97655	702	1.29301	5.62752
447	1292.29	68	-6.70586e+06	17.9067	0.98034	705	1.29372	5.72999
448	1387.15	62	-6.70583e+06	17.8744	0.981609	710	1.2934	5.59244
449	1733.18	60	-6.70672e+06	17.902	0.980559	704	1.29265	5.68244
450	1355.54	69	-6.70691e+06	17.9396	0.980629	719	1.29353	5.78312
451	1282.34	67	-6.70754e+06	17.9496	0.977756	733	1.29593	5.64028
452	1245.22	67	-6.70699e+06	17.8588	0.976588	744	1.2943	5.82929
453	1253.97	66	-6.70806e+06	17.8858	0.977818	752	1.29508	5.65286
454	1306.32	69	-6.70762e+06	17.9292	0.974438	750	1.29741	5.72292
455	1212.31	66	-6.70734e+06	17.803	0.974879	740	1.29502	5.66059
456	1611.88	56	-6.70695e+06	17.6157	0.976647	744	1.29413	5.62722
457	1649.22	63	-6.70481e+06	17.7819	0.980794	748	1.29325	5.74585
458	1286.35	67	-6.70201e+06	17.733	0.980346	762	1.29248	5.7905
459	1282.41	66	-6.70592e+06	17.8223	0.978926	768	1.2941	5.73244
460	1206.78	65	-6.70593e+06	17.7646	0.977706	767	1.29327	5.75993
461	1293.03	68	-6.70678e+06	17.798	0.976354	753	1.2952	5.69168
462	1258.78	66	-6.70823e+06	17.7077	0.971532	766	1.29511	5.65801
463	1327.78	66	-6.708e+06	17.7158	0.971867	764	1.29804	5.62875
464	1694.18	59	-6.70705e+06	17.7248	0.965965	757	1.2966	5.73961
465	1418.02	71	-6.71016e+06	17.5544	0.965868	728	1.29765	5.58343
466	1273.13	67	-6.70956e+06	17.5568	0.96833	749	1.2981	5.79367
467	1263.96	66	-6.70904e+06	17.5203	0.97101	757	1.29823	5.65076
468	1257.74	67	-6.70749e+06	17.6005	0.969383	774	1.29714	5.69905
469	1223.47	64	-6.70767e+06	17.6698	0.970691	747	1.29663	5.7259
470	1253.08	67	-6.70792e+06	17.6281	0.967589	711	1.297	5.72278
471	1557.9	56	-6.70976e+06	17.6359	0.96788	722	1.29869	5.53339
472	1726.56	60	-6.70852e+06	17.7162	0.968738	746	1.2984	5.5606
473	1252.34	67	-6.7094e+06	17.7586	0.969521	734	1.29819	5.61305
474	1265.54	66	-6.70921e+06	17.6427	0.967701	738	1.2967	5.69463
475	1251.8	67	-6.70891e+06	17.6622	0.966164	746	1.29655	5.58103
476	1283.96	67	-6.70793e+06	17.7111	0.967777	751	1.29799	5.71413
477	1295.63	67	-6.70789e+06	17.739	0.963976	738	1.29834	5.65425
478	1196.68	65	-6.70796e+06	17.8208	0.964965	742	1.29733	5.66964
479	1713.79	57	-6.70428e+06	17.8569	0.962949	750	1.29556	5.66241
480	1414.1	69	-6.70641e+06	17.9704	0.964519	749	1.29601	5.474
481	1290.89	66	-6.70627e+06	17.857	0.965552	749	1.29492	5.73745
482	1294.41	67	-6.70786e+06	17.8754	0.965535	760	1.29559	5.61815
483	1285.07	66	-6.70635e+06	17.8403	0.971606	756	1.2957	5.60223
484	1290.55	66	-6.70621e+06	17.8063	0.971349	755	1.29674	5.64783
485	1274.51	67	-6.70656e+06	17.8644	0.971762	739	1.29504	5.52272
486	1625.94	55	-6.70686e+06	18.0252	0.969509	744	1.29566	5.63649
487	1729.96	59	-6.70662e+06	17.7928	0.968641	758	1.29716	5.65268
488	1245.83	66	-6.70826e+06	17.9039	0.969855	746	1.29611	5.79827
489	1254.16	66	-6.70533e+06	17.7265	0.969424	757	1.29565	5.8108
490	1221.85	67	-6.70835e+06	17.6291	0.971076	742	1.2969	5.88257
491	1180.74	65	-6.70752e+06	17.7756	0.974691	744	1.29583	5.91751
492	1204.54	66	-6.70708e+06	17.7705	0.971612	743	1.29578	5.74168
493	1300.57	68	-6.70663e+06	17.7348	0.971986	743	1.2965	5.56811
494	1670.27	58	-6.7069e+06	17.649	0.973747	752	1.29648	5.46549
495	1539.32	67	-6.70684e+06	17.7129	0.970646	749	1.29603	5.7614
496	1319.21	68	-6.70556e+06	17.6439	0.970243	749	1.29524	5.69062
497	1301.72	68	-6.70406e+06	17.7175	0.97575	753	1.29421	5.62367
498	1197.4	65	-6.70619e+06	17.7418	0.974655	746	1.29364	5.75312
499	1241.49	67	-6.70676e+06	17.8943	0.975492	752	1.29376	5.78491
500	1225.8	66	-6.70324e+06	17.9295	0.97718	735	1.29338	5.684
501	1294.67	60	-6.70445e+06	17.9372	0.97817	730	1.29402	5.88215
502	1705.8	60	-6.70605e+06	17.945	0.977603	736	1.29479	5.9806
503	1363.68	69	-6.70477e+06	17.9534	0.975621	750	1.29394	5.79236
504	1292.51	66	-6.70417e+06	17.8715	0.976861	748	1.29368	5.71375
505	1297.58	67	-6.70418e+06	17.7364	0.975496	718	1.29276	5.71113
506	1260.8	66	-6.70525e+06	17.6781	0.975212	724	1.29234	5.55031
507	1246.46	66	-6.70402e+06	17.7284	0.977738	738	1.29372	5.55609
508	1224.23	66	-6.70633e+06	17.7737	0.973301	743	1.29486	5.66722
509	1605.48	56	-6.70572e+06	17.7404	0.973789	740	1.29568	5.66416
510	1662.7	60	-6.70468e+06	17.7092	0.973526	745	1.29445	5.67118
511	1212.98	67	-6.70535e+06	17.6118	0.974739	738	1.29425	5.70427
512	1239.95	66	-6.70695e+06	17.56	0.974061	754	1.29631	5.66634
513	1271.81	66	-6.70545e+06	17.6698	0.973699	740	1.29382	5.64026
514	1256.27	67	-6.7079e+06	17.7504	0.972622	740	1.2957	5.62265
515	1258.4	66	-6.70733e+06	17.6349	0.971555	724	1.29628	5.66432
516	1239.85	67	-6.70559e+06	17.6576	0.972791	748	1.29471	5.53631
517	1714.63	58	-6.70661e+06	17.6143	0.973431	740	1.29496	5.63935
518	1450.5	72	-6.70387e+06	17.5828	0.971543	728	1.29425	5.7562
519	1200.33	65	-6.70649e+06	17.7077	0.973276	738	1.29524	5.64363
520	1242.69	65	-6.70584e+06	17.7415	0.974079	722	1.29577	5.69651
521	1307.04	68	-6.70318e+06	17.9008	0.974208	738	1.29394	5.69057
522	1224.04	65	-6.70309e+06	17.8754	0.975531	737	1.29338	5.58502
523	1285.19	67	-6.70366e+06	18.0154	0.976448	744	1.29328	5.48833
524	1439.61	56	-6.70317e+06	17.7349	0.97751	744	1.29421	5.54147
525	1745.36	60	-6.70301e+06	17.6421	0.978069	746	1.29454	5.68032
526	1357.68	69	-6.70397e+06	17.6395	0.978076	740	1.29421	5.55409
527	1232.28	65	-6.70383e+06	17.6227	0.975824	747	1.29415	5.62313
528	1257.48	66	-6.70557e+06	17.7483	0.975921	739	1.294	5.7057
529	1330.48	68	-6.70437e+06	17.7323	0.979667	749	1.29404	5.64677
530	1286.82	66	-6.70464e+06	17.6922	0.980908	755	1.29463	5.65651
531	1249.03	65	-6.7035e+06	17.8136	0.981307	742	1.29172	5.7264
532	1711.85	58	-6.70202e+06	17.9113	0.984658	739	1.29232	5.55554
533	1486.44	69	-6.7029e+06	17.9117	0.980974	762	1.29159	5.56523
534	1202.39	65	-6.70536e+06	17.7609	0.983877	741	1.29338	5.56932
535	1323.57	69	-6.7046e+06	17.7093	0.984598	737	1.29351	5.597
536	1180.53	65	-6.70438e+06	17.6616	0.981991	747	1.29209	5.6125
537	1240.23	66	-6.70597e+06	17.63	0.978158	733	1.29427	5.40712
538	1330.78	68	-6.70653e+06	17.6161	0.977062	737	1.29456	5.35308
539	1353.76	59	-6.70601e+06	17.5343	0.976747	751	1.2958	5.48412
540	1706.57	59	-6.70515e+06	17.7387	0.976527	735	1.29707	5.53859
541	1351.37	69	-6.70578e+06	17.6766	0.976284	760	1.29565	5.46129
542	1280.36	67	-6.70207e+06	17.7763	0.975064	749	1.29444	5.60696
543	1219.61	65	-6.70521e+06	17.5349	0.974239	763	1.29659	5.38633
544	1319.02	68	-6.7056e+06	17.6019	0.971065	750	1.29627	5.52437
545	1202.88	66	-6.7077e+06	17.6241	0.970766	738	1.2984	5.36327
546	1330.49	68	-6.70434e+06	17.635	0.976882	736	1.29526	5.30092
547	1604.88	55	-6.70528e+06	17.6992	0.97794	753	1.29548	5.55558
548	1639.8	63	-6.70494e+06	17.6704	0.981692	757	1.29666	5.58383
549	1279.98	67	-6.70469e+06	17.669	0.977711	745	1.29534	5.5931
550	1255.34	68	-6.70557e+06	17.7039	0.977036	709	1.29776	5.44013
551	1263.43	67	-6.70541e+06	17.697	0.980488	730	1.29617	5.51872
552	1238.54	66	-6.70568e+06	17.5961	0.983893	708	1.2949	5.49519
553	1235.22	66	-6.70525e+06	17.589	0.982699	732	1.29438	5.60104
554	1263.03	66	-6.70527e+06	17.7196	0.982202	734	1.29484	5.58742
555	1768.29	59	-6.7045e+06	17.6459	0.980445	741	1.29522	5.67231
556	1424.62	69	-6.70209e+06	17.8189	0.979887	739	1.29457	5.63405
557	1160.5	64	-6.70432e+06	17.7384	0.97642	699	1.29267	5.65226
558	1267.41	67	-6.70344e+06	17.8271	0.978816	720	1.29397	5.55823
559	1323.91	68	-6.70392e+06	17.7837	0.976367	731	1.29464	5.51232
560	1323.67	68	-6.70145e+06	17.8064	0.978167	740	1.29252	5.60462
561	1235.97	65	-6.70352e+06	17.7768	0.980612	723	1.29341	5.49909
562	1627.3	57	-6.70442e+06	17.7457	0.97695	735	1.29434	5.63069
563	1687.94	60	-6.70579e+06	17.7611	0.975975	723	1.2954	5.47017
564	1308.84	68	-6.70277e+06	17.7366	0.976569	719	1.29304	5.58895
565	1303.82	67	-6.70246e+06	17.7577	0.979473	737	1.29288	5.53516
566	1361.29	68	-6.70265e+06	17.7163	0.980381	757	1.29241	5.45394
567	1266.56	67	-6.7036e+06	17.7072	0.981007	734	1.29451	5.64641
568	1253.92	68	-6.70438e+06	17.7757	0.984614	730	1.29276	5.79359
569	1328.59	62	-6.70414e+06	17.7029	0.98032	735	1.29317	5.573
570	1764	60	-6.70185e+06	17.7485	0.978943	741	1.29419	5.53863
571	1359.09	68	-6.70156e+06	17.7072	0.978473	764	1.2941	5.60798
572	1237.15	66	-6.70265e+06	17.7957	0.979377	763	1.29422	5.73087
573	1343.83	68	-6.70334e+06	17.7401	0.977417	770	1.29482	5.53454
574	1254.67	66	-6.70524e+06	17.8253	0.975664	764	1.29504	5.59444
575	1273.28	66	-6.70374e+06	17.7726	0.975894	761	1.29655	5.59684
576	1252.54	66	-6.7033e+06	17.7719	0.974834	761	1.29521	5.44101
577	1697.26	57	-6.70475e+06	17.7056	0.973526	767	1.29497	5.46105
578	1645.29	67	-6.70407e+06	17.7328	0.97586	775	1.29655	5.53152
579	1248.49	65	-6.70349e+06	17.9061	0.976998	769	1.2947	5.58556
580	1290.26	66	-6.70299e+06	17.7795	0.974807	766	1.29411	5.55012
581	1278.53	66	-6.70427e+06	17.7779	0.975013	765	1.29515	5.53541
582	1298.76	67	-6.70351e+06	17.7589	0.97902	742	1.29392	5.63293
583	1262.97	67	-6.70181e+06	17.6737	0.978938	761	1.29234	5.34792
584	1517.78	61	-6.7019e+06	17.7703	0.980939	760	1.29351	5.48992
585	1749.31	59	-6.70274e+06	17.8099	0.977161	765	1.29276	5.53118
586	1308.57	68	-6.70057e+06	17.7802	0.976981	771	1.29171	5.29304
587	1295.26	66	-6.70266e+06	17.7465	0.976865	773	1.2931	5.56585
588	1289.17	68	-6.70682e+06	17.6755	0.978934	777	1.29546	5.44376
589	1234.33	65	-6.70402e+06	17.5802	0.98202	758	1.29529	5.52388
590	1204.44	65	-6.70379e+06	17.5745	0.981703	754	1.2949	5.4772
591	1318.7	67	-6.70355e+06	17.5465	0.984808	770	1.29354	5.37364
592	1563.39	59	-6.70062e+06	17.7032	0.984131	772	1.2917	5.54508
593	1646.67	67	-6.7009e+06	17.7723	0.982171	769	1.29115	5.46731
594	1145.31	65	-6.70109e+06	17.9209	0.981347	764	1.29136	5.47037
595	1152.05	64	-6.70141e+06	17.8516	0.978379	735	1.29212	5.52978
596	1247.28	67	-6.70311e+06	17.8783	0.980172	758	1.29422	5.46867
597	1162.37	68	-6.70237e+06	17.6779	0.984191	770	1.29237	5.4116
598	999.151	64	-6.70064e+06	17.6337	0.985677	774	1.29189	5.49973
599	957.833	63	-6.70038e+06	17.6642	0.983907	770	1.29039	5.70672
600	1121.42	54	-6.70474e+06	17.7843	0.978478	766	1.29452	5.53764
601	1466.14	58	-6.70537e+06	17.6764	0.975441	775	1.29527	5.66927
602	1208.6	69	-6.70455e+06	17.7395	0.972213	756	1.295	5.58977
603	1074.4	65	-6.70412e+06	17.7021	0.971682	771	1.29483	5.66945
604	1063.62	65	-6.70523e+06	17.8574	0.972056	764	1.29757	5.65719
605	1089.6	65	-6.70447e+06	17.7944	0.969855	764	1.29585	5.58287
606	1078.4	65	-6.70469e+06	17.6963	0.973037	768	1.29572	5.64121
607	1073.39	65	-6.70455e+06	17.6736	0.970419	744	1.29659	5.73615
608	1048.21	64	-6.70638e+06	17.6813	0.969539	763	1.29681	5.70274
609	1361.78	54	-6.70617e+06	17.7106	0.972413	763	1.29517	5.6807
610	1548.82	58	-6.70476e+06	17.7676	0.975183	783	1.29581	5.71125
611	1188.85	68	-6.70816e+06	17.7598	0.972552	767	1.29749	5.81652
612	1062.62	64	-6.70439e+06	17.7679	0.973295	772	1.29444	5.60606
613	1129.46	66	-6.7065e+06	17.7997	0.971183	773	1.29577	5.58052
614	1052.15	63	-6.70414e+06	17.7993	0.971122	777	1.29313	5.70311
615	1076.03	65	-6.70415e+06	17.8612	0.969705	762	1.29403	5.50011
616	1071.38	65	-6.70536e+06	17.8611	0.972085	747	1.29606	5.57372
617	1035.37	64	-6.70451e+06	17.7885	0.973627	751	1.29432	5.66299
618	1353.79	54	-6.70374e+06	17.8515	0.975116	754	1.29431	5.60063
619	1519.59	59	-6.70348e+06	17.8954	0.973821	777	1.2936	5.54999
620	1092.9	65	-6.70345e+06	17.7921	0.975182	770	1.29487	5.47219
621	1062.97	64	-6.70518e+06	17.8206	0.974847	775	1.29565	5.62083
622	1139.63	66	-6.70612e+06	17.9128	0.970678	769	1.29718	5.46574
623	1070.46	65	-6.70325e+06	17.8812	0.970623	770	1.29431	5.60615
624	1028.32	63	-6.7037e+06	17.9372	0.971417	754	1.29638	5.46438
625	1059.74	64	-6.70466e+06	17.9913	0.967497	754	1.29461	5.55969
626	1101.82	65	-6.70507e+06	17.8808	0.968293	747	1.29497	5.62831
627	1418.97	56	-6.70342e+06	17.9566	0.965997	754	1.29568	5.50712
628	1472.15	61	-6.70317e+06	17.9261	0.967373	765	1.29534	5.39675
629	1070.92	65	-6.7038e+06	17.7376	0.971863	750	1.29543	5.52041
630	1025.21	63	-6.70249e+06	17.9059	0.969465	753	1.29387	5.35028
631	1078.61	65	-6.7054e+06	17.9038	0.968518	734	1.29594	5.38578
632	1086.91	66	-6.70776e+06	17.8579	0.971208	745	1.29714	5.48966
633	1042.69	65	-6.70626e+06	17.724	0.967566	754	1.2969	5.44972
634	1045.2	64	-6.70537e+06	17.7493	0.972351	730	1.2974	5.43876
635	1043.38	64	-6.70741e+06	17.723	0.968285	750	1.29827	5.45696
636	1422.36	58	-6.70555e+06	17.6563	0.966666	743	1.29705	5.40561
637	1473.28	62	-6.70515e+06	17.6805	0.964849	768	1.29754	5.46627
638	1051.89	63	-6.70684e+06	17.5609	0.966388	768	1.29839	5.52634
639	1115.89	66	-6.70858e+06	17.5518	0.965854	768	1.29983	5.52079
640	1079.6	65	-6.70773e+06	17.5605	0.964812	733	1.29814	5.55383
641	1033.72	64	-6.70642e+06	17.5463	0.963925	759	1.29878	5.54944
642	1090.95	65	-6.70585e+06	17.6857	0.965042	758	1.29718	5.46616
643	1078.62	66	-6.70438e+06	17.7438	0.965515	757	1.29708	5.32454
644	1034.19	64	-6.70468e+06	17.6947	0.969768	750	1.29588	5.41333
645	1496.13	58	-6.70587e+06	17.7271	0.969809	764	1.29616	5.47539
646	1390.29	66	-6.70327e+06	17.7108	0.969437	780	1.29515	5.57942
647	1067.4	65	-6.70521e+06	17.681	0.973154	746	1.29615	5.629
648	1040.62	64	-6.70557e+06	17.702	0.975617	760	1.29582	5.50686
649	1063.9	65	-6.70421e+06	17.5824	0.977219	767	1.29654	5.49794
650	1060.15	64	-6.70437e+06	17.5697	0.977467	738	1.29394	5.45996
651	1086.29	65	-6.70519e+06	17.6413	0.979257	761	1.29309	5.5645
652	1115.85	66	-6.70383e+06	17.7214	0.979188	751	1.29461	5.48187
653	1250.9	62	-6.703e+06	17.7048	0.980764	746	1.29287	5.50005
654	1501.44	58	-6.70139e+06	17.7165	0.979625	770	1.29244	5.56439
655	1259.77	70	-6.70227e+06	17.6422	0.979347	755	1.29223	5.68994
656	1051.42	64	-6.70283e+06	17.7417	0.979506	749	1.29259	5.63561
657	1056.64	64	-6.70484e+06	17.6496	0.975999	753	1.29551	5.55562
658	1049.09	64	-6.70408e+06	17.716	0.97452	750	1.29428	5.41199
659	1043.99	65	-6.7061e+06	17.7243	0.975404	740	1.29612	5.53151
660	1048.93	63	-6.70507e+06	17.495	0.978134	739	1.29409	5.42791
661	1094.63	66	-6.70592e+06	17.5682	0.980372	729	1.29568	5.59758
662	1195.99	59	-6.70597e+06	17.4305	0.986108	741	1.29516	5.61071
663	1531.83	59	-6.70556e+06	17.5466	0.985499	734	1.29521	5.54321
664	1270.55	70	-6.70223e+06	17.4753	0.982869	745	1.29271	5.46968
665	1078.08	65	-6.70463e+06	17.3432	0.981893	743	1.29466	5.47483
666	1072.27	65	-6.70314e+06	17.3926	0.979896	742	1.29431	5.43243
667	1107.52	65	-6.70518e+06	17.3683	0.980846	728	1.29413	5.53459
668	1138.24	67	-6.70285e+06	17.5011	0.975532	731	1.29479	5.61346
669	1073.11	64	-6.70418e+06	17.7415	0.978508	722	1.29402	5.54137
670	1137.8	66	-6.70697e+06	17.6054	0.976543	725	1.29554	5.46119
671	1424.41	57	-6.70556e+06	17.6587	0.977334	736	1.29517	5.50872
672	1499.34	59	-6.70427e+06	17.6258	0.976534	736	1.29432	5.56469
673	1095.45	66	-6.70353e+06	17.5939	0.979258	751	1.29401	5.49245
674	1101.32	65	-6.70236e+06	17.7608	0.978805	743	1.29373	5.48508
675	1084.29	65	-6.70337e+06	17.808	0.978041	733	1.2969	5.54628
676	1081.02	65	-6.70632e+06	17.6227	0.977303	750	1.29717	5.72226
677	1087.84	65	-6.70687e+06	17.5749	0.976174	749	1.29553	5.73962
678	1116.57	66	-6.70515e+06	17.6099	0.975997	749	1.29597	5.485
679	1257.44	58	-6.70567e+06	17.4817	0.974053	756	1.29583	5.48075
680	2462.68	62	-6.70528e+06	17.6134	0.973149	756	1.29571	5.52726
681	1835.81	70	-6.70404e+06	17.7153	0.971895	750	1.29545	5.51779
682	1733.76	73	-6.70618e+06	17.6702	0.967763	742	1.29639	5.48141
683	1070.79	64	-6.7044e+06	17.6566	0.969224	742	1.29675	5.48332
684	1153.67	67	-6.70574e+06	17.6447	0.972494	753	1.29685	5.6012
685	1105	65	-6.70612e+06	17.6197	0.973806	736	1.29683	5.63711
686	1230.02	58	-6.70277e+06	17.6385	0.974944	740	1.29261	5.56817
687	1485.55	58	-6.70262e+06	17.7476	0.977613	725	1.29529	5.52844
688	1323.87	69	-6.70366e+06	17.5896	0.981353	740	1.29434	5.45395
689	1556.21	69	-6.70178e+06	17.775	0.978276	722	1.29495	5.51311
690	1547.71	69	-6.70305e+06	17.7162	0.980118	732	1.29444	5.6027
691	1075.84	65	-6.70513e+06	17.516	0.982674	734	1.294	5.60928
692	1092.31	65	-6.70348e+06	17.6354	0.981408	716	1.29436	5.42069
693	1081.93	65	-6.70263e+06	17.6842	0.980821	722	1.29342	5.59547
694	1313.47	53	-6.70401e+06	17.7493	0.97756	746	1.29508	5.60263
695	1461.82	57	-6.7038e+06	17.609	0.978356	754	1.29402	5.49052
696	1228.06	69	-6.70558e+06	17.6676	0.975795	737	1.29525	5.4867
697	1087.03	65	-6.70407e+06	17.6225	0.975088	746	1.29495	5.60046
698	1150.63	67	-6.70527e+06	17.7346	0.974196	763	1.29385	5.59118
699	1135.47	67	-6.70466e+06	17.8186	0.97548	737	1.29443	5.64178
700	1020.97	64	-6.70716e+06	17.6698	0.977974	728	1.29615	5.71865
701	1069.32	65	-6.70555e+06	17.7167	0.974376	736	1.29567	5.46692
702	1085.25	66	-6.70572e+06	17.7275	0.975826	712	1.29672	5.51559
703	1343.55	56	-6.70632e+06	17.8376	0.976966	722	1.29547	5.62191
704	1475.45	59	-6.70505e+06	17.7517	0.977132	724	1.29425	5.60901
705	1097.2	67	-6.70676e+06	17.731	0.975275	743	1.2949	5.49934
706	1041.36	65	-6.70583e+06	17.742	0.973706	730	1.29597	5.68941
707	1004	63	-6.70701e+06	17.6828	0.974494	741	1.29659	5.58129
708	1060.28	65	-6.70876e+06	17.546	0.97436	736	1.2979	5.66362
709	1031.65	64	-6.70829e+06	17.5839	0.97546	748	1.296	5.66149
710	1057.31	65	-6.70424e+06	17.5443	0.975114	754	1.29411	5.60507
711	995.726	63	-6.70564e+06	17.6073	0.977392	771	1.29542	5.70037
712	1300.76	52	-6.70403e+06	17.5103	0.98014	755	1.29428	5.63878
713	1478.28	58	-6.70333e+06	17.5727	0.978729	737	1.29424	5.71759
714	1095.57	66	-6.70624e+06	17.4998	0.978046	729	1.29516	5.85744
715	1067.31	65	-6.70742e+06	17.6209	0.978375	754	1.29519	5.73204
716	1051.93	64	-6.70583e+06	17.5408	0.981336	745	1.29531	5.55485
717	1092	65	-6.70571e+06	17.5558	0.981342	758	1.29571	5.61178
718	1091.99	65	-6.70656e+06	17.5788	0.983126	742	1.29627	5.66998
719	1105.62	66	-6.70541e+06	17.5776	0.978512	743	1.29412	5.56033
720	1021.57	64	-6.70169e+06	17.6166	0.978715	744	1.29136	5.71471
721	1407.67	55	-6.7042e+06	17.7858	0.977877	754	1.29481	5.72084
722	1521.05	58	-6.70652e+06	17.7692	0.979032	767	1.29656	5.74353
723	1122.86	67	-6.70405e+06	17.6767	0.978275	746	1.29591	5.67424
724	1063.77	65	-6.70397e+06	17.8034	0.978577	744	1.2935	5.63938
725	1044.54	64	-6.70205e+06	17.909	0.974748	738	1.29215	5.48574
726	1024.96	64	-6.70353e+06	17.9036	0.976533	754	1.29288	5.6628
727	1061.4	64	-6.70195e+06	17.937	0.979956	765	1.29302	5.54442
728	1066.32	65	-6.70156e+06	17.8547	0.979438	761	1.2923	5.61119
729	1073	65	-6.70299e+06	17.8052	0.978749	768	1.29196	5.74466
730	1464.97	57	-6.70436e+06	17.7399	0.976388	783	1.29391	5.69184
731	1480.76	60	-6.70212e+06	17.7497	0.976733	752	1.29342	5.51484
732	1043.08	64	-6.70239e+06	17.6801	0.976974	771	1.29272	5.60736
733	1157.44	65	-6.7033e+06	17.719	0.977336	774	1.29439	5.53393
734	1152.04	66	-6.70227e+06	17.6841	0.976276	757	1.29205	5.59255
735	1123.78	65	-6.70421e+06	17.6557	0.975448	747	1.29352	5.65296
736	1133.15	66	-6.70198e+06	17.7592	0.974425	753	1.293	5.61352
737	1096.93	64	-6.70444e+06	17.6495	0.976617	764	1.29472	5.46839
738	1385.41	58	-6.70409e+06	17.6563	0.97574	764	1.2963	5.68019
739	1576.45	60	-6.70494e+06	17.5708	0.976715	771	1.29384	5.59165
740	1253.84	68	-6.70624e+06	17.6882	0.978169	766	1.29547	5.60911
741	1235.43	64	-6.7064e+06	17.6256	0.977099	760	1.29534	5.68266
742	1335.35	67	-6.70415e+06	17.6355	0.976957	751	1.29424	5.69684
743	1257.72	65	-6.70451e+06	17.651	0.976347	764	1.29634	5.56179
744	1331.56	68	-6.70304e+06	17.5896	0.980682	748	1.29333	5.58748
745	1315.61	67	-6.70528e+06	17.6175	0.979967	734	1.29534	5.56437
746	1692.34	55	-6.70481e+06	17.6197	0.979579	755	1.29391	5.47783
747	1606.52	65	-6.70608e+06	17.5988	0.981677	758	1.29546	5.48331
748	1331.43	67	-6.70588e+06	17.5139	0.983224	746	1.29646	5.59986
749	1297.91	66	-6.70176e+06	17.7293	0.986167	777	1.29395	5.43411
750	1344.4	67	-6.70311e+06	17.6975	0.982333	750	1.29239	5.53942
751	1347.55	68	-6.70188e+06	17.5587	0.981363	751	1.29226	5.45131
752	1324.79	67	-6.70136e+06	17.4778	0.983225	760	1.29219	5.53826
753	1653.73	55	-6.70347e+06	17.5358	0.980453	763	1.29392	5.51316
754	1751.99	61	-6.70227e+06	17.5869	0.982762	751	1.29266	5.41175
755	1343.8	68	-6.70372e+06	17.5444	0.977437	772	1.29622	5.46381
756	1329.59	67	-6.70387e+06	17.4553	0.980327	779	1.29625	5.52364
757	1339.87	66	-6.70343e+06	17.4941	0.980113	765	1.29413	5.36951
758	1337.6	67	-6.70397e+06	17.5038	0.97873	783	1.29581	5.49231
759	1341.35	67	-6.70348e+06	17.5739	0.977379	768	1.29478	5.46676
760	1585.94	54	-6.70462e+06	17.6755	0.973733	766	1.29559	5.39726
761	1817.59	59	-6.70467e+06	17.5836	0.973764	758	1.29527	5.57145
762	1357.13	67	-6.70622e+06	17.4403	0.971901	771	1.29678	5.4453
763	1309.08	66	-6.70554e+06	17.6193	0.974385	771	1.29597	5.5739
764	1327.79	67	-6.70238e+06	17.7043	0.976452	767	1.29412	5.41453
765	1284.26	66	-6.70435e+06	17.6572	0.974733	764	1.29645	5.37848
766	1325.05	67	-6.70432e+06	17.6223	0.97387	775	1.29654	5.41123
767	1484.31	61	-6.70551e+06	17.6216	0.974817	769	1.29735	5.54226
768	1804.01	58	-6.7063e+06	17.474	0.975969	787	1.29732	5.60431
769	1379.71	69	-6.70781e+06	17.4807	0.975946	781	1.29808	5.51626
770	1329.04	67	-6.7056e+06	17.5865	0.975265	771	1.29681	5.53951
771	1364.22	67	-6.70203e+06	17.5296	0.974978	756	1.29471	5.45548
772	1310.49	66	-6.70607e+06	17.5372	0.975647	776	1.29793	5.39401
773	1355.03	67	-6.7072e+06	17.4478	0.970173	758	1.29899	5.47312
774	1340.92	66	-6.70643e+06	17.5259	0.969133	774	1.297	5.48888
775	1840.55	59	-6.7052e+06	17.4512	0.970163	786	1.29766	5.56676
776	1484.08	70	-6.70661e+06	17.618	0.970631	802	1.2961	5.44391
777	1339.93	67	-6.70701e+06	17.6098	0.971101	788	1.29714	5.47314
778	1350.28	67	-6.7051e+06	17.7586	0.969542	783	1.29608	5.57481
779	1346.82	67	-6.70568e+06	17.8343	0.970486	781	1.29704	5.52269
780	1303.39	66	-6.70471e+06	17.7673	0.973619	779	1.29647	5.51282
781	1296.96	66	-6.70537e+06	17.5641	0.972474	778	1.29659	5.52792
782	1767.19	56	-6.70554e+06	17.6337	0.970524	785	1.2977	5.57265
783	1507.31	70	-6.70558e+06	17.5084	0.975893	828	1.29892	5.54794
784	1293.19	65	-6.70544e+06	17.3669	0.973537	815	1.29613	5.51501
785	1341.82	66	-6.70605e+06	17.4857	0.97392	801	1.29677	5.60893
786	1305.72	65	-6.70489e+06	17.4525	0.973528	796	1.29583	5.5695
787	1369.54	67	-6.70604e+06	17.6476	0.975191	773	1.29631	5.51922
788	1327.89	66	-6.70437e+06	17.6787	0.975859	792	1.29604	5.5595
789	1743.12	55	-6.70447e+06	17.6467	0.976303	773	1.29576	5.52741
790	1634.27	62	-6.7046e+06	17.6259	0.976453	749	1.2958	5.51466
791	1358.6	68	-6.70515e+06	17.6308	0.976351	755	1.29673	5.58087
792	1359.68	68	-6.70679e+06	17.5541	0.978121	775	1.29754	5.55248
793	1227.93	67	-6.70644e+06	17.6034	0.972562	785	1.29706	5.52552
794	1176.94	66	-6.70648e+06	17.6229	0.973721	776	1.29611	5.56694
795	1145.73	66	-6.70647e+06	17.6123	0.974834	756	1.29674	5.52491
796	1177.66	66	-6.70457e+06	17.6571	0.97583	764	1.2959	5.53407
797	1614.75	60	-6.7065e+06	17.5536	0.974242	751	1.29614	5.5224
798	1377.39	71	-6.70689e+06	17.4997	0.974309	739	1.29588	5.63054
799	1192.97	67	-6.70585e+06	17.61	0.973793	746	1.29549	5.4623
800	1148.42	65	-6.70517e+06	17.669	0.970625	757	1.29608	5.44897
801	1154.38	65	-6.70405e+06	17.7366	0.975131	756	1.29387	5.64629
802	1110.36	64	-6.7054e+06	17.7296	0.977683	743	1.29618	5.48936
803	1179.54	67	-6.70757e+06	17.4174	0.976767	754	1.29791	5.38583
804	1139.18	65	-6.70736e+06	17.5623	0.977525	746	1.29751	5.49278
805	1548.1	59	-6.70584e+06	17.6612	0.977073	732	1.2971	5.40171
806	1507.99	65	-6.70573e+06	17.7244	0.974582	723	1.29594	5.47784
807	1122.27	65	-6.70665e+06	17.6187	0.976647	730	1.2976	5.38336
808	1135.77	65	-6.70935e+06	17.5702	0.975176	710	1.29834	5.47752
809	1167.06	66	-6.70604e+06	17.6614	0.971819	741	1.2965	5.44143
810	1145.85	65	-6.70514e+06	17.7192	0.969038	739	1.2976	5.58769
811	1403.07	56	-6.70752e+06	17.7136	0.97055	737	1.29674	5.51442
812	2459.33	57	-6.70878e+06	17.7435	0.968917	761	1.29711	5.52976
813	2576.82	73	-6.70622e+06	17.7207	0.970512	758	1.29583	5.59586
814	2230.47	70	-6.70608e+06	17.691	0.973373	717	1.29393	5.56915
815	2200.14	70	-6.70657e+06	17.7138	0.970955	728	1.29469	5.44392
816	2244.02	69	-6.70488e+06	17.8087	0.972927	723	1.29457	5.63503
817	3332	77	-6.70426e+06	17.7348	0.97351	735	1.29382	5.72053
818	2379.35	70	-6.70631e+06	17.719	0.97405	721	1.2938	5.63354
819	2304.91	69	-6.70743e+06	17.7349	0.976842	739	1.29535	5.5827
820	2359.87	68	-6.70662e+06	17.6275	0.976771	766	1.29657	5.71355
821	3093.4	73	-6.70581e+06	17.572	0.975095	749	1.29545	5.57106
822	2216.04	69	-6.70883e+06	17.6493	0.973394	758	1.29699	5.59651
823	2326.11	71	-6.70756e+06	17.6451	0.96847	736	1.29628	5.65619
824	2203.68	70	-6.70506e+06	17.7118	0.968264	750	1.29539	5.46798
825	3154.71	66	-6.70423e+06	17.7966	0.973498	729	1.29538	5.75724
826	2258.08	70	-6.7026e+06	17.9427	0.972882	742	1.29388	5.491
827	2328.31	69	-6.70312e+06	17.8172	0.975385	725	1.29429	5.51486
828	2300.78	69	-6.70367e+06	17.8069	0.977018	749	1.29452	5.45186
829	3218.04	61	-6.70495e+06	17.7311	0.975921	739	1.29413	5.51731
830	2218.21	70	-6.70348e+06	17.782	0.975594	754	1.29515	5.52814
831	2287.22	70	-6.70186e+06	17.7605	0.97566	724	1.29431	5.46079
832	2238.14	68	-6.7044e+06	17.674	0.97587	742	1.29438	5.45748
833	3067.03	60	-6.70168e+06	17.7103	0.974063	748	1.29311	5.40146
834	2219.88	71	-6.70226e+06	17.5971	0.975465	770	1.29343	5.54096
835	2256.24	70	-6.70497e+06	17.7113	0.974652	780	1.29576	5.49256
836	2297.61	69	-6.70595e+06	17.6459	0.97481	766	1.29725	5.46363
837	2941.95	57	-6.70557e+06	17.6973	0.974101	757	1.29711	5.65542
838	2497.7	71	-6.70651e+06	17.6805	0.974574	736	1.29669	5.74217
839	2309.83	70	-6.7038e+06	17.6091	0.972078	725	1.29388	5.4676
840	2270.6	70	-6.70339e+06	17.8996	0.972606	736	1.29395	5.4704
841	2875.25	56	-6.70699e+06	17.8076	0.967698	737	1.29685	5.47562
842	2591.39	73	-6.70516e+06	17.7788	0.96878	752	1.2974	5.54577
843	2277.43	69	-6.70842e+06	17.7191	0.969115	747	1.29837	5.53771
844	2237.3	68	-6.70455e+06	17.6891	0.96911	747	1.2961	5.49578
845	2693.74	56	-6.70779e+06	17.6544	0.968207	749	1.2985	5.52666
846	2832.02	75	-6.70632e+06	17.6051	0.969584	765	1.29617	5.42473
847	2259.01	68	-6.70648e+06	17.6976	0.971273	735	1.29629	5.45285
848	2230.51	69	-6.70429e+06	17.7649	0.974743	746	1.29539	5.48272
