iter	time	topo	loglik	length	alpha	Nmode	statent	statalpha
0	0	0	-1.45753e+07	6.64303	1	17	2.53078	20
1	51.8375	65	-8.74959e+06	9.72425	0.492751	16	2.01519	10.3211
2	53.3016	66	-8.47901e+06	12.6116	0.449937	20	1.95422	11.008
3	57.5589	66	-8.37349e+06	15.0119	0.440002	23	1.93188	12.6422
4	63.872	67	-8.01114e+06	17.2457	0.443665	27	1.91547	14.1
5	68.5383	66	-7.81088e+06	19.1166	0.436283	38	1.89021	12.9214
6	72.624	67	-7.70532e+06	20.0559	0.436022	38	1.85644	11.323
7	81.8858	69	-7.5585e+06	19.345	0.45054	42	1.81129	10.5904
8	85.1519	69	-7.46112e+06	19.0178	0.468022	49	1.79112	10.1694
9	86.243	70	-7.3775e+06	18.9981	0.472707	56	1.76872	10.0412
10	96.0639	71	-7.34369e+06	18.8055	0.474535	56	1.7474	9.17541
11	96.0814	71	-7.31891e+06	18.8147	0.480142	60	1.73003	9.80055
12	97.7275	70	-7.29114e+06	18.8649	0.483972	72	1.71074	9.48806
13	99.1074	70	-7.23089e+06	19.3544	0.491768	71	1.70537	9.66495
14	100.608	70	-7.21261e+06	19.4612	0.499958	77	1.68897	9.74098
15	100.316	68	-7.19271e+06	19.3748	0.506717	85	1.67088	9.95275
16	101.9	68	-7.1768e+06	19.5541	0.512116	84	1.6594	8.84033
17	102.02	68	-7.16307e+06	19.8189	0.520854	92	1.64926	9.37328
18	103.579	67	-7.14722e+06	20.0511	0.52491	101	1.63849	9.05776
19	106.122	67	-7.13261e+06	20.3038	0.527989	106	1.63051	9.35792
20	106.504	67	-7.12389e+06	20.5163	0.529841	106	1.62341	9.39502
21	105.647	67	-7.12033e+06	20.5307	0.532339	103	1.61955	8.71286
22	108.375	68	-7.11476e+06	20.5473	0.534754	109	1.61458	8.81387
23	102.345	66	-7.10842e+06	20.6648	0.538281	110	1.6106	8.88553
24	111.477	67	-7.10319e+06	20.759	0.540579	113	1.60518	8.70468
25	110.463	66	-7.09467e+06	20.7535	0.543967	117	1.60216	9.03402
26	114.766	68	-7.08842e+06	20.7321	0.547724	118	1.59779	8.48628
27	115.389	66	-7.08562e+06	20.4567	0.552086	115	1.59388	9.22103
28	113.157	66	-7.07952e+06	20.5124	0.55189	117	1.59002	8.76031
29	112.764	65	-7.07386e+06	20.2125	0.555924	120	1.58679	8.59454
30	116.008	64	-7.06736e+06	19.9998	0.558341	133	1.58301	8.9581
31	116.132	64	-7.05908e+06	19.9811	0.561737	139	1.57715	8.80201
32	115.466	62	-7.05133e+06	20.0704	0.567425	153	1.57101	8.78323
33	115.046	61	-7.04582e+06	19.8598	0.570983	158	1.56662	8.90185
34	119.696	62	-7.0387e+06	19.8421	0.572714	168	1.56053	8.42617
35	121.163	60	-7.03088e+06	20.0326	0.576817	171	1.55621	8.57696
36	119.955	61	-7.02754e+06	20.1131	0.580787	180	1.55137	8.65159
37	121.476	60	-7.02218e+06	20.0411	0.583811	169	1.54826	8.25829
38	123.765	61	-7.01448e+06	20.0909	0.588612	187	1.54023	8.50141
39	123.512	61	-7.00853e+06	20.2991	0.593091	187	1.53249	8.06065
40	121.083	58	-7.00235e+06	20.5231	0.598704	200	1.52921	8.20402
41	126.47	59	-6.9973e+06	20.6827	0.602327	200	1.52575	8.31383
42	131.806	58	-6.98929e+06	20.6098	0.605143	216	1.51805	8.32807
43	134.363	57	-6.98196e+06	20.7539	0.608876	219	1.513	8.33875
44	132.587	57	-6.97692e+06	20.9526	0.611672	227	1.50794	8.11728
45	133.74	56	-6.96956e+06	20.9699	0.619433	252	1.50119	8.18296
46	133.024	55	-6.96023e+06	21.0485	0.625571	238	1.49142	8.08958
47	135.243	56	-6.95418e+06	21.1565	0.631437	266	1.48891	8.00087
48	134.473	52	-6.94881e+06	21.345	0.635625	273	1.48411	8.35601
49	144.416	54	-6.94125e+06	21.5266	0.636767	291	1.47761	7.87651
50	140.455	53	-6.93508e+06	21.91	0.645011	301	1.47358	7.90153
51	141.915	53	-6.93056e+06	21.9185	0.651302	293	1.46719	7.70596
52	141.281	52	-6.92351e+06	22.0133	0.658132	290	1.46284	7.82445
53	139.66	50	-6.91333e+06	22.0924	0.665389	300	1.45526	7.64205
54	140.753	51	-6.90825e+06	22.1892	0.674161	307	1.45102	7.72336
55	146.339	50	-6.90227e+06	22.2859	0.681176	312	1.44439	7.61522
56	147.473	51	-6.89449e+06	22.57	0.688589	318	1.43607	7.40085
57	151.84	51	-6.89002e+06	22.9585	0.695728	311	1.4322	7.10298
58	148.553	50	-6.88108e+06	23.1071	0.705014	325	1.42343	7.40547
59	150.481	50	-6.8732e+06	23.375	0.714542	336	1.4162	7.14283
60	150.807	48	-6.86635e+06	23.5286	0.721761	355	1.4097	7.42749
61	154.195	48	-6.85905e+06	23.9252	0.731493	360	1.40339	7.31608
62	148.662	46	-6.84877e+06	24.6957	0.746335	365	1.39342	7.17118
63	153.377	48	-6.84148e+06	24.7845	0.76129	356	1.38544	7.3304
64	161.079	48	-6.83322e+06	24.9326	0.774794	367	1.37589	7.28087
65	160.433	49	-6.82955e+06	25.1484	0.785928	368	1.37257	7.05858
66	162.976	50	-6.82209e+06	26.0475	0.797797	373	1.36373	7.2525
67	164.014	50	-6.8134e+06	26.6094	0.810566	389	1.35645	7.25647
68	167.445	49	-6.80436e+06	27.2756	0.82592	412	1.34828	7.059
69	172.601	49	-6.801e+06	27.7219	0.842667	414	1.34481	7.35917
70	171.263	49	-6.78779e+06	31.2951	0.848961	400	1.33477	7.08966
71	171.184	46	-6.7814e+06	32.3341	0.864437	414	1.32907	7.06429
72	168.675	44	-6.77614e+06	35.3678	0.868008	416	1.32237	7.38687
73	167.093	45	-6.77265e+06	36.3263	0.875371	419	1.32014	7.25892
74	169.331	45	-6.76726e+06	37.6565	0.886124	428	1.31521	7.03297
75	171.331	45	-6.76363e+06	40.1985	0.886429	435	1.31238	7.21709
76	170.661	45	-6.75874e+06	41.7298	0.89146	432	1.30903	7.18497
77	173.25	45	-6.7559e+06	45.4979	0.895351	455	1.306	7.19783
78	172.014	46	-6.75244e+06	51.8012	0.897781	446	1.30328	7.03466
79	172.441	46	-6.7523e+06	51.1582	0.901366	426	1.30357	7.24854
80	176.227	48	-6.75068e+06	52.2116	0.911405	458	1.30112	7.16023
81	177.309	46	-6.74718e+06	52.7471	0.916797	451	1.29863	7.02038
82	170.696	45	-6.74769e+06	52.9434	0.91913	472	1.29866	7.04186
83	172.841	43	-6.74465e+06	52.4337	0.920753	473	1.29599	7.09094
84	176.249	43	-6.74396e+06	51.7891	0.923963	475	1.29768	6.96508
85	179.139	42	-6.74331e+06	51.8353	0.923845	486	1.2975	6.94768
86	180.891	42	-6.74035e+06	51.7425	0.926758	496	1.29586	6.99378
87	176.78	42	-6.73835e+06	52.313	0.929187	506	1.29455	6.82429
88	184.411	41	-6.73803e+06	52.1097	0.931264	530	1.29387	6.71142
89	182.671	40	-6.73603e+06	51.5218	0.93334	535	1.29209	6.79449
90	186.616	41	-6.73304e+06	50.2002	0.936539	534	1.29036	6.8327
91	187.705	42	-6.73259e+06	50.3127	0.940103	521	1.28976	6.71001
92	187.101	42	-6.73158e+06	50.8644	0.940383	516	1.28979	6.9158
93	192.215	42	-6.72797e+06	49.6728	0.943311	542	1.28901	6.6727
94	198.148	43	-6.72645e+06	49.9598	0.947704	554	1.28727	6.74143
95	201.301	41	-6.72817e+06	49.7472	0.949327	567	1.28756	6.8018
96	200.019	39	-6.72624e+06	48.7607	0.948037	588	1.28815	6.82005
97	195.517	38	-6.72437e+06	50.2234	0.952532	579	1.28679	6.9316
98	199.571	37	-6.72412e+06	50.6667	0.952661	592	1.2874	6.51596
99	199.02	36	-6.72233e+06	51.0502	0.953219	580	1.28621	6.5733
100	199.213	38	-6.71956e+06	50.7379	0.953566	594	1.28533	6.79851
101	202.676	38	-6.72162e+06	48.8938	0.951447	614	1.28627	6.96701
102	199.836	38	-6.72208e+06	48.2706	0.951272	609	1.28607	6.73037
103	211.402	38	-6.72018e+06	48.5639	0.950362	636	1.28608	6.70354
104	207.028	38	-6.71804e+06	48.2535	0.953316	623	1.28424	6.48908
105	205	38	-6.71814e+06	48.8893	0.953961	617	1.28294	6.58069
106	209.075	37	-6.71795e+06	48.8376	0.952979	646	1.28552	6.67727
107	212.925	36	-6.71644e+06	48.7105	0.952008	630	1.28406	6.52542
108	207.866	36	-6.71573e+06	49.8878	0.949933	653	1.28511	6.56039
109	213.864	37	-6.71411e+06	50.6287	0.953267	678	1.28221	6.45301
110	207.354	35	-6.71505e+06	49.0635	0.952201	648	1.28404	6.49344
111	213.668	38	-6.71558e+06	48.501	0.952094	656	1.28618	6.40103
112	209.507	36	-6.71339e+06	50.0839	0.951281	670	1.2835	6.55985
113	211.65	34	-6.71179e+06	50.2186	0.952293	696	1.28231	6.46376
114	213.262	32	-6.71223e+06	49.6282	0.953362	691	1.2826	6.4717
115	214.755	32	-6.71159e+06	48.4899	0.952808	687	1.28227	6.44461
116	206.093	33	-6.7108e+06	50.407	0.95158	675	1.28341	6.56785
117	201.973	34	-6.70961e+06	50.3554	0.949089	667	1.28048	6.53315
118	202.989	33	-6.71004e+06	51.0164	0.951194	669	1.2809	6.41742
119	205.497	33	-6.7097e+06	50.0108	0.951522	692	1.28233	6.27223
120	219.58	35	-6.70728e+06	49.2345	0.95189	695	1.28215	6.4412
121	217.412	35	-6.7067e+06	48.2655	0.949875	690	1.28108	6.36259
122	225.892	37	-6.70728e+06	48.3345	0.954007	681	1.28135	6.24166
123	218.504	36	-6.7072e+06	48.3024	0.953665	683	1.27984	6.21176
124	219.312	35	-6.70747e+06	48.7027	0.953535	690	1.28064	6.08934
125	220.602	34	-6.70765e+06	49.9579	0.951098	718	1.27947	6.24269
126	215.877	33	-6.70626e+06	48.36	0.95203	714	1.27923	6.28652
127	217.814	33	-6.70691e+06	49.3194	0.953401	706	1.28021	6.18182
128	216.596	33	-6.70644e+06	50.0329	0.954399	701	1.28107	6.09544
129	217.396	34	-6.70518e+06	50.783	0.955321	695	1.28024	6.1348
130	219.329	33	-6.70482e+06	51.0136	0.954929	731	1.27934	6.08298
131	221.237	32	-6.70523e+06	51.1206	0.954784	724	1.27919	6.12101
132	225.681	33	-6.70272e+06	51.8359	0.951757	715	1.27897	6.12732
133	222.01	33	-6.70264e+06	51.046	0.950363	737	1.27801	6.07039
134	224.254	33	-6.70233e+06	51.8909	0.95054	731	1.27976	6.069
135	220.072	33	-6.7002e+06	51.0617	0.950146	721	1.27735	5.9596
136	229.98	36	-6.69941e+06	50.3671	0.951346	711	1.27858	5.98568
137	227.913	36	-6.69949e+06	51.4187	0.951258	727	1.27892	6.07465
138	227.008	34	-6.69929e+06	52.1974	0.951413	716	1.27848	6.0327
139	220.389	34	-6.70084e+06	50.4176	0.952029	716	1.27807	6.05695
140	219.61	33	-6.6985e+06	51.5962	0.953559	729	1.27714	6.04573
141	222.047	32	-6.69973e+06	50.1948	0.952738	727	1.27953	6.19233
142	223.745	32	-6.70132e+06	51.2261	0.95185	746	1.27949	5.93436
143	218.804	33	-6.69781e+06	48.8939	0.952296	744	1.27842	5.99181
144	224.309	32	-6.69946e+06	49.716	0.949961	752	1.27732	6.11025
145	221.284	31	-6.6983e+06	49.3457	0.948527	742	1.27581	5.91306
146	222.585	31	-6.69593e+06	50.4349	0.947393	724	1.27692	6.15772
147	222.42	34	-6.69508e+06	50.3376	0.945065	724	1.27679	5.93731
148	223.374	33	-6.69748e+06	53.2853	0.943666	731	1.27762	5.89775
149	228.472	33	-6.69995e+06	53.9289	0.944845	749	1.27868	6.05764
150	229.77	35	-6.6972e+06	53.7041	0.946128	735	1.27907	5.90116
151	229.002	36	-6.69655e+06	48.7485	0.944833	756	1.27778	5.98053
152	235.91	36	-6.69797e+06	48.7243	0.944265	731	1.27736	5.82973
153	225.995	36	-6.69473e+06	49.5177	0.944739	741	1.27681	5.83296
154	232.22	34	-6.6947e+06	51.0166	0.94524	776	1.27668	5.8728
155	234.273	33	-6.6926e+06	49.4849	0.945618	776	1.27717	5.77704
156	228.917	32	-6.69229e+06	50.1875	0.944205	775	1.27525	5.73911
157	232.364	32	-6.69486e+06	49.6518	0.946143	774	1.27832	5.81374
158	234.911	31	-6.69309e+06	51.4186	0.946563	785	1.27555	5.88493
159	232.46	33	-6.69481e+06	48.1571	0.947691	774	1.27865	5.83947
160	224.925	33	-6.692e+06	51.9029	0.947216	772	1.27615	5.80884
161	231.832	34	-6.69296e+06	52.6722	0.949336	774	1.27656	5.76074
162	237.211	34	-6.69194e+06	50.6841	0.948867	752	1.27587	5.81225
163	232.08	34	-6.69279e+06	50.7326	0.948804	771	1.27456	5.83101
164	230.832	33	-6.69286e+06	51.0856	0.948931	780	1.2767	5.74346
165	229.428	31	-6.69221e+06	50.4729	0.948521	756	1.27484	5.75115
166	224.58	33	-6.69104e+06	49.1208	0.948524	767	1.27406	5.79766
167	233.207	31	-6.69461e+06	50.3402	0.948153	758	1.27878	5.78927
168	223.465	31	-6.69168e+06	51.1988	0.945891	758	1.27579	5.84265
169	229.018	31	-6.69193e+06	50.7278	0.945796	779	1.27634	5.81722
170	236.109	31	-6.69e+06	49.3589	0.94458	770	1.27656	5.70447
171	237.855	31	-6.68933e+06	51.5697	0.944917	790	1.27588	5.76152
172	230.551	31	-6.68925e+06	49.087	0.945656	773	1.27563	5.68064
173	234.342	32	-6.68991e+06	48.9091	0.94466	781	1.27536	5.73343
174	236.515	32	-6.69203e+06	50.8055	0.9426	789	1.277	5.8091
175	232.925	31	-6.69049e+06	51.828	0.939995	794	1.27507	5.74142
176	234.446	32	-6.68965e+06	51.1152	0.940789	784	1.27541	5.77165
177	241.073	32	-6.69006e+06	52.4593	0.942422	794	1.2762	5.82821
178	240.967	33	-6.69164e+06	54.5807	0.944069	791	1.27469	5.74338
179	239.908	33	-6.68999e+06	53.4987	0.945128	780	1.27534	5.70928
180	240.797	34	-6.69118e+06	52.8931	0.944563	789	1.27605	5.70774
181	235.76	33	-6.6918e+06	46.4335	0.943499	794	1.27649	5.69695
182	235.802	33	-6.69019e+06	47.4569	0.943163	781	1.27433	5.65044
183	232.973	33	-6.69055e+06	50.5489	0.942124	773	1.27556	5.55573
184	232.331	33	-6.69067e+06	51.7991	0.942769	765	1.27585	5.58626
185	225.428	32	-6.68949e+06	51.0519	0.945673	762	1.27358	5.60758
186	231.326	33	-6.687e+06	53.3466	0.944888	783	1.27337	5.73565
187	240.898	31	-6.68928e+06	55.6052	0.94416	780	1.27446	5.69433
188	235.935	31	-6.68721e+06	55.8472	0.947189	777	1.2737	5.8379
189	234.318	31	-6.68768e+06	55.6393	0.947332	798	1.27488	5.79533
190	232.198	31	-6.68837e+06	55.3067	0.947782	804	1.27462	5.69146
191	230.221	31	-6.68804e+06	56.3929	0.948734	801	1.27481	5.70156
192	225.433	30	-6.68715e+06	53.3142	0.951858	792	1.27569	5.66502
193	229.936	30	-6.68453e+06	53.5713	0.947434	800	1.27548	5.60747
194	229.445	30	-6.68543e+06	50.2993	0.947755	782	1.27365	5.71435
195	230.579	31	-6.68491e+06	49.6726	0.950268	799	1.27363	5.64391
196	224.185	29	-6.6856e+06	47.97	0.950754	829	1.2751	5.69541
197	237.353	30	-6.68229e+06	47.4324	0.947812	835	1.27288	5.66057
198	236.19	29	-6.68459e+06	52.2538	0.947324	819	1.27289	5.69237
199	237.62	30	-6.68367e+06	54.2006	0.946309	810	1.27331	5.70123
200	238.467	30	-6.68546e+06	55.2297	0.948471	809	1.27371	5.72947
201	237.462	31	-6.68408e+06	56.076	0.949609	805	1.27328	5.69142
202	233.854	30	-6.68287e+06	57.2912	0.950579	817	1.27127	5.71926
203	242.374	29	-6.68237e+06	49.254	0.950828	831	1.27175	5.58703
204	243.672	30	-6.68675e+06	49.1554	0.949131	840	1.27367	5.59325
205	243.515	31	-6.68478e+06	48.5237	0.946707	819	1.27384	5.73077
206	247.218	32	-6.68478e+06	47.7245	0.94767	810	1.27371	5.65365
207	247.312	32	-6.68503e+06	47.3739	0.947885	815	1.27487	5.71936
208	245.548	33	-6.6834e+06	47.9689	0.946475	842	1.27349	5.71846
209	239.501	30	-6.6828e+06	48.2307	0.947373	842	1.27194	5.86719
210	244.639	30	-6.68435e+06	48.3074	0.946166	867	1.27282	5.77465
211	242.039	29	-6.68381e+06	49.1704	0.944093	861	1.27394	5.68575
212	243.421	28	-6.68362e+06	49.5216	0.94465	863	1.27345	5.78872
213	242.007	30	-6.68251e+06	49.91	0.943784	846	1.27338	5.57934
214	242.182	30	-6.68293e+06	49.4168	0.94276	835	1.27528	5.77395
215	239.552	29	-6.68219e+06	50.7238	0.943149	832	1.27352	5.77965
216	238.015	29	-6.68287e+06	52.0547	0.943605	826	1.27405	5.6673
217	243.371	29	-6.68344e+06	52.2827	0.944618	817	1.27451	5.75959
218	242.103	30	-6.6837e+06	51.1644	0.944047	849	1.27399	5.61598
219	252.473	32	-6.68354e+06	51.1916	0.94379	858	1.27532	5.56207
220	253.195	32	-6.68351e+06	51.3985	0.942773	846	1.27382	5.53424
221	253.627	31	-6.68443e+06	52.1209	0.941938	829	1.27441	5.69408
222	248.187	31	-6.68255e+06	51.7323	0.940017	825	1.27319	5.658
223	242.403	31	-6.68428e+06	52.1573	0.941288	860	1.27334	5.69279
224	246.935	30	-6.68413e+06	50.9218	0.94144	848	1.27434	5.79291
225	247.328	29	-6.68261e+06	51.426	0.942734	843	1.27277	5.71483
226	244.323	30	-6.68054e+06	50.8005	0.941486	855	1.27258	5.60243
227	245.92	29	-6.68314e+06	52.7333	0.938702	836	1.2728	5.7709
228	240.614	29	-6.68218e+06	51.7054	0.944758	815	1.27106	5.62637
229	245.177	29	-6.68271e+06	51.6282	0.945516	807	1.27315	5.52796
230	230.453	29	-6.68454e+06	52.8434	0.946399	839	1.27346	5.65699
231	241.6	29	-6.6833e+06	51.5531	0.945349	825	1.27348	5.66037
232	236.13	30	-6.68318e+06	50.6072	0.94306	807	1.27362	5.67222
233	328.124	22	-6.68145e+06	49.6611	0.94468	825	1.27221	5.60687
234	912.189	61	-6.68133e+06	50.6519	0.945547	831	1.27255	5.74864
235	941.574	62	-6.68252e+06	51.97	0.945117	835	1.27378	5.72184
236	960.877	62	-6.68221e+06	53.0393	0.943634	835	1.27359	5.63576
237	1226.03	48	-6.68158e+06	53.6794	0.943444	819	1.27217	5.53839
238	1280.94	51	-6.6832e+06	52.9921	0.942093	813	1.27213	5.53459
239	1257.55	50	-6.68065e+06	49.8417	0.943503	859	1.27239	5.55138
240	1315.71	50	-6.68081e+06	50.4854	0.942939	861	1.27182	5.67754
241	1010.01	64	-6.68074e+06	51.6822	0.94366	842	1.27221	5.6867
242	925.032	60	-6.68257e+06	50.4527	0.942883	849	1.27385	5.67677
243	969.665	63	-6.67996e+06	52.6412	0.942993	836	1.27137	5.65369
244	961.822	61	-6.68011e+06	52.8318	0.9425	860	1.27168	5.6028
245	942.2	61	-6.68044e+06	52.6569	0.942629	846	1.27151	5.73637
246	1084.54	52	-6.68137e+06	52.3641	0.942243	861	1.27231	5.81161
247	1412.21	52	-6.68081e+06	51.6447	0.941729	877	1.272	5.52703
248	1351.07	51	-6.67988e+06	50.9792	0.94375	854	1.26949	5.59053
249	1327.46	51	-6.6802e+06	51.0898	0.941986	877	1.27059	5.58884
250	1087.91	66	-6.681e+06	50.2425	0.942853	854	1.27226	5.53087
251	946.224	61	-6.68238e+06	49.558	0.944255	854	1.27339	5.6231
252	929.266	61	-6.68279e+06	53.4918	0.941827	852	1.27206	5.56725
253	934.335	61	-6.68238e+06	51.2031	0.940574	832	1.27369	5.656
254	898.777	59	-6.68247e+06	52.1957	0.941211	837	1.27412	5.57044
255	892.902	60	-6.68062e+06	52.0537	0.941316	829	1.27286	5.60011
256	1289.28	49	-6.68042e+06	51.3976	0.943141	813	1.27296	5.50813
257	1328.56	51	-6.68057e+06	50.7301	0.942118	832	1.27423	5.61965
258	1315.51	51	-6.68128e+06	51.5999	0.943105	845	1.27406	5.64705
259	1315.66	51	-6.68156e+06	50.5248	0.942128	844	1.27408	5.69209
260	925.756	61	-6.68115e+06	49.8732	0.940392	825	1.27209	5.68415
261	924.634	60	-6.682e+06	52.1497	0.940483	858	1.27261	5.52543
262	963.378	61	-6.68362e+06	53.2993	0.943367	854	1.27412	5.61012
263	995.823	62	-6.68241e+06	51.4147	0.941887	859	1.27429	5.5864
264	937.68	60	-6.68067e+06	52.4714	0.943308	866	1.27231	5.72123
265	1287.53	46	-6.67833e+06	53.9188	0.941207	882	1.27102	5.57101
266	1376.71	51	-6.68006e+06	53.3995	0.939729	858	1.27234	5.59255
267	1347.71	51	-6.68013e+06	52.3954	0.939724	855	1.27118	5.64991
268	1380.88	52	-6.68196e+06	53.6273	0.938777	855	1.27406	5.63742
269	960	61	-6.68091e+06	54.4492	0.939397	845	1.27268	5.6555
270	938.353	61	-6.67988e+06	53.1881	0.939067	845	1.2734	5.62222
271	938.387	61	-6.68034e+06	55.675	0.942468	854	1.27391	5.5052
272	937.316	60	-6.67719e+06	55.1884	0.94502	856	1.26979	5.4924
273	933.509	60	-6.67935e+06	55.3958	0.94502	865	1.27102	5.55378
274	1270.99	46	-6.67879e+06	54.4767	0.943409	898	1.26937	5.53311
275	1347.35	49	-6.67463e+06	52.3887	0.945986	862	1.26895	5.48113
276	1360.63	51	-6.67542e+06	52.299	0.944572	854	1.26852	5.56525
277	1288.54	50	-6.67467e+06	52.5188	0.944404	848	1.26902	5.63072
278	1004.11	63	-6.67652e+06	53.5817	0.945681	855	1.27106	5.53441
279	965.395	62	-6.67512e+06	55.1784	0.944975	850	1.27025	5.63899
280	921.461	60	-6.67647e+06	56.5093	0.943634	886	1.27169	5.48099
281	919.021	60	-6.67869e+06	49.728	0.945115	867	1.27241	5.50622
282	943.687	61	-6.67745e+06	48.9042	0.944597	854	1.27311	5.49013
283	1117.74	51	-6.67408e+06	56.1269	0.944685	871	1.26974	5.4186
284	1354.08	51	-6.67645e+06	51.4346	0.944979	863	1.27156	5.22615
285	1389.98	53	-6.67672e+06	52.9546	0.945294	866	1.27098	5.43268
286	1334.32	51	-6.67653e+06	53.8597	0.944548	853	1.27066	5.42727
287	1046.18	64	-6.67727e+06	53.7601	0.942445	891	1.27103	5.47045
288	935.208	60	-6.67532e+06	51.1199	0.940979	868	1.27081	5.63221
289	931.237	60	-6.67753e+06	50.6166	0.942225	894	1.27102	5.46465
290	953.462	61	-6.67548e+06	50.871	0.943595	894	1.27086	5.41697
291	953.291	61	-6.67737e+06	50.9049	0.944816	889	1.272	5.32341
292	917.436	59	-6.67623e+06	51.3171	0.947697	890	1.27037	5.50554
293	1354.41	50	-6.6773e+06	52.3286	0.948208	884	1.2703	5.51778
294	1365.07	51	-6.67855e+06	52.3736	0.94835	879	1.27223	5.52885
295	1370.91	51	-6.67659e+06	52.4528	0.949196	869	1.27061	5.54465
296	1235.9	57	-6.67701e+06	52.8692	0.949276	880	1.26975	5.58847
297	923.593	60	-6.67764e+06	52.8458	0.948679	889	1.27033	5.52395
298	955.305	61	-6.67639e+06	52.0547	0.948196	886	1.2715	5.53769
299	954.037	60	-6.67749e+06	53.0854	0.948761	879	1.27146	5.52994
300	931.54	60	-6.67581e+06	51.7685	0.948541	845	1.27092	5.60142
301	943.714	60	-6.6778e+06	51.8738	0.94548	880	1.27209	5.64349
302	1278.64	47	-6.67593e+06	53.4593	0.944247	876	1.27077	5.62835
303	1388.41	51	-6.67722e+06	50.4584	0.94333	874	1.27115	5.61034
304	1367.57	50	-6.67764e+06	49.8471	0.942682	886	1.27141	5.55691
305	1361.76	53	-6.67611e+06	50.4447	0.940007	869	1.27189	5.65353
306	959.487	61	-6.67779e+06	50.4739	0.93963	900	1.27239	5.54538
307	958.768	60	-6.67644e+06	50.2636	0.938537	894	1.27277	5.65097
308	969.638	61	-6.67684e+06	55.6287	0.939837	883	1.2721	5.63859
309	926.614	59	-6.67518e+06	56.9345	0.939114	875	1.2709	5.58919
310	983.918	62	-6.67782e+06	51.0818	0.940921	879	1.27137	5.66269
311	1340.11	49	-6.67554e+06	51.7627	0.939907	888	1.27231	5.55408
312	1375.67	49	-6.67824e+06	52.1065	0.939823	897	1.27207	5.55557
313	1387.92	51	-6.67753e+06	52.5559	0.939968	865	1.27063	5.45485
314	1352.17	54	-6.6762e+06	51.9937	0.94193	893	1.27056	5.4034
315	969.74	61	-6.67705e+06	54.0371	0.943423	885	1.26923	5.49671
316	973.052	61	-6.67596e+06	54.1013	0.944239	900	1.27036	5.51092
317	957.794	61	-6.67603e+06	53.8955	0.944732	907	1.26963	5.62378
318	941.082	60	-6.67799e+06	51.8646	0.943744	883	1.26912	5.40121
319	931.099	60	-6.6789e+06	51.7412	0.941935	882	1.2713	5.58656
320	1308.94	48	-6.67716e+06	53.5292	0.942009	888	1.26942	5.52871
321	1398.05	51	-6.67665e+06	51.9779	0.941273	891	1.27142	5.56005
322	1405.9	52	-6.67754e+06	51.157	0.939206	881	1.27214	5.32865
323	1330.67	52	-6.67679e+06	50.8031	0.942411	917	1.2713	5.26377
324	958.802	60	-6.67654e+06	50.4141	0.943904	905	1.27103	5.4415
325	957.185	60	-6.67451e+06	50.8284	0.945007	916	1.26894	5.48512
326	989.369	61	-6.67678e+06	50.5172	0.946254	918	1.27018	5.53524
327	952.158	60	-6.67622e+06	51.7442	0.946171	927	1.27186	5.43087
328	967.266	61	-6.67679e+06	50.0146	0.948152	919	1.27092	5.51559
329	1322.17	47	-6.67485e+06	49.7512	0.949122	901	1.2695	5.46874
330	1420.95	52	-6.67583e+06	53.2073	0.949706	903	1.26972	5.45851
331	1393.97	51	-6.67841e+06	52.6815	0.949815	887	1.27158	5.51333
332	1320.39	54	-6.67443e+06	50.4558	0.950583	868	1.26923	5.47617
333	961.561	61	-6.67637e+06	51.6327	0.952735	900	1.27154	5.49089
334	954.782	61	-6.67613e+06	48.8559	0.950676	884	1.27168	5.5535
335	963.33	60	-6.67634e+06	49.9597	0.949282	897	1.26933	5.43538
336	966.335	60	-6.67754e+06	51.7322	0.946731	913	1.27354	5.33277
337	990.434	61	-6.67672e+06	50.9063	0.946645	887	1.27157	5.33114
338	1362.3	50	-6.67541e+06	51.0662	0.948143	902	1.27248	5.45382
339	1406.62	51	-6.67533e+06	51.6073	0.94856	897	1.27074	5.51709
340	1415.12	52	-6.6763e+06	51.5211	0.946501	890	1.27097	5.42245
341	1297.99	57	-6.67418e+06	50.4268	0.947422	875	1.27289	5.41846
342	976.57	62	-6.675e+06	51.5482	0.945726	902	1.27025	5.38472
343	975.952	61	-6.67419e+06	52.4331	0.945228	874	1.27027	5.47422
344	972.202	61	-6.67379e+06	52.3791	0.944761	916	1.26979	5.53994
345	981.912	61	-6.67529e+06	53.5255	0.948488	897	1.26937	5.56545
346	974.145	61	-6.6745e+06	52.4834	0.948173	911	1.27009	5.53347
347	1434.77	49	-6.67598e+06	52.9932	0.948436	923	1.27117	5.54799
348	1430.41	50	-6.6746e+06	52.3568	0.949052	914	1.27021	5.55046
349	1431.95	51	-6.675e+06	52.7896	0.947436	931	1.26985	5.52736
350	1212.42	63	-6.67557e+06	53.6455	0.948859	914	1.27031	5.49067
351	989.168	61	-6.67538e+06	53.9509	0.951701	882	1.26994	5.47285
352	973.438	61	-6.67648e+06	52.0298	0.952821	898	1.26948	5.44982
353	988.097	61	-6.67464e+06	51.275	0.953236	905	1.26911	5.5795
354	994.458	60	-6.67411e+06	50.9006	0.954423	922	1.26933	5.44079
355	1095.54	54	-6.67446e+06	50.3549	0.950904	903	1.27002	5.45261
356	1461.18	52	-6.67356e+06	53.3941	0.94842	901	1.26965	5.49896
357	1486.29	53	-6.67346e+06	52.9676	0.949597	922	1.26947	5.3408
358	1456.61	52	-6.67612e+06	54.3557	0.950141	917	1.26988	5.33155
359	1091.04	65	-6.67588e+06	53.9537	0.94913	890	1.27056	5.42039
360	963.031	60	-6.67455e+06	53.4149	0.948736	892	1.26932	5.45373
361	966.49	60	-6.67622e+06	51.2039	0.949993	891	1.26936	5.46769
362	970.978	61	-6.67479e+06	50.8919	0.949936	885	1.27064	5.48957
363	974.168	61	-6.67183e+06	51.7279	0.949087	881	1.26852	5.41242
364	1235.79	48	-6.67406e+06	54.2967	0.946676	890	1.2705	5.37012
365	1439.1	53	-6.67606e+06	54.6085	0.947313	879	1.27044	5.19312
366	1386.88	52	-6.67465e+06	54.0947	0.947206	878	1.26995	5.29442
367	1425.26	52	-6.67364e+06	54.993	0.946035	885	1.27069	5.44359
368	1006.83	62	-6.6767e+06	54.8111	0.945569	872	1.27066	5.48101
369	980.669	61	-6.6761e+06	52.558	0.943941	904	1.27026	5.49725
370	994.864	62	-6.67722e+06	51.5666	0.943765	893	1.27147	5.59076
371	980.069	61	-6.67624e+06	50.3129	0.943294	875	1.27092	5.48695
372	1022	62	-6.67577e+06	52.2059	0.943582	881	1.27189	5.60833
373	1381.08	49	-6.67537e+06	52.3161	0.945951	890	1.27134	5.51907
374	1457.25	52	-6.67584e+06	53.0208	0.945933	900	1.27085	5.34265
375	1448.2	53	-6.67404e+06	51.7231	0.947582	902	1.27025	5.40961
376	1347.42	56	-6.67404e+06	50.3008	0.948045	897	1.27169	5.46505
377	986.009	61	-6.67573e+06	50.1189	0.946419	889	1.27039	5.48177
378	979.945	61	-6.67723e+06	49.0019	0.948209	895	1.27144	5.50519
379	980.525	61	-6.67563e+06	48.6011	0.947159	878	1.27207	5.43962
380	993.615	62	-6.6765e+06	50.0359	0.947411	885	1.27159	5.5412
381	1000.48	62	-6.67544e+06	49.4187	0.945891	881	1.27082	5.42507
382	1412.97	51	-6.67427e+06	50.2085	0.945789	882	1.2695	5.50617
383	1407.49	50	-6.67515e+06	52.4559	0.943751	883	1.27027	5.46606
384	1464.33	52	-6.67599e+06	52.7714	0.945245	904	1.27103	5.44907
385	1236.32	64	-6.67507e+06	53.655	0.945229	957	1.27025	5.28785
386	1013.35	60	-6.67501e+06	52.4891	0.944492	935	1.27126	5.4141
387	1002.07	61	-6.67326e+06	51.4042	0.94538	909	1.27051	5.43075
388	1010.2	61	-6.67489e+06	51.3756	0.946252	898	1.26968	5.36393
389	1026.9	62	-6.67555e+06	50.7757	0.944246	903	1.27009	5.41352
390	1165.11	50	-6.675e+06	52.0072	0.943678	876	1.27143	5.3494
391	1433.32	52	-6.67553e+06	52.3171	0.946265	884	1.26997	5.54897
392	1458.8	53	-6.67656e+06	50.7122	0.946844	892	1.26922	5.45295
393	1442.55	52	-6.67602e+06	51.147	0.945473	893	1.27136	5.48789
394	1035.13	62	-6.6739e+06	51.867	0.944249	901	1.2694	5.50333
395	1008.39	61	-6.67402e+06	52.3892	0.943093	908	1.26993	5.473
396	990.092	60	-6.67551e+06	50.6561	0.943278	914	1.26953	5.446
397	969.706	60	-6.67294e+06	52.606	0.946381	932	1.26761	5.43328
398	1000.32	61	-6.67215e+06	53.7607	0.947918	918	1.26968	5.44201
399	1284.25	47	-6.67359e+06	52.654	0.948439	910	1.26878	5.37594
400	1443.53	51	-6.67262e+06	53.7977	0.949343	890	1.26976	5.50365
401	1461.43	53	-6.67457e+06	52.4098	0.949507	872	1.27097	5.46102
402	1415.49	53	-6.67316e+06	50.8195	0.948232	867	1.26954	5.41377
403	1009.51	62	-6.67495e+06	50.1439	0.949055	900	1.27124	5.59505
404	1003.25	62	-6.67288e+06	53.4276	0.947934	892	1.27059	5.52978
405	1016.59	62	-6.67354e+06	53.6352	0.949433	893	1.2711	5.41624
406	1046.59	63	-6.67317e+06	55.6558	0.948746	898	1.26952	5.40794
407	1016.95	62	-6.67597e+06	48.8384	0.948487	887	1.26948	5.29165
408	1467.14	52	-6.67354e+06	48.4648	0.948163	889	1.26945	5.29249
409	1436.88	51	-6.67313e+06	48.5118	0.949522	925	1.27003	5.32118
410	1440.13	51	-6.67448e+06	48.2006	0.947755	906	1.27054	5.41046
411	1166.39	66	-6.67307e+06	53.4401	0.947744	913	1.2699	5.45125
412	1036.48	61	-6.67396e+06	51.6183	0.94704	937	1.2712	5.32186
413	1012.19	61	-6.67237e+06	53.1171	0.948293	917	1.26876	5.33984
414	984.081	60	-6.67153e+06	54.2957	0.949098	911	1.26909	5.30867
415	1048.91	63	-6.67129e+06	55.6847	0.949949	905	1.26907	5.2904
416	1393.04	44	-6.66935e+06	52.3124	0.950728	894	1.26882	5.26332
417	1876.15	59	-6.66889e+06	51.8525	0.952668	908	1.26689	5.37589
418	1458.26	52	-6.66917e+06	50.2811	0.952917	880	1.26663	5.48327
419	1289.54	60	-6.67359e+06	51.0541	0.954725	900	1.27129	5.42634
420	1010.95	61	-6.67066e+06	50.6942	0.95182	893	1.26761	5.46907
421	965.542	60	-6.67239e+06	51.2667	0.953039	901	1.26837	5.51321
422	984.462	60	-6.67153e+06	51.6139	0.953761	918	1.26715	5.50672
423	1008.11	61	-6.67086e+06	51.6107	0.952182	929	1.26882	5.46846
424	1253.94	56	-6.67081e+06	53.2785	0.952397	924	1.26834	5.45675
425	1489.5	52	-6.67116e+06	52.1614	0.951262	913	1.26793	5.42696
426	1558.05	54	-6.67081e+06	50.6939	0.950788	916	1.2671	5.44617
427	1477.94	51	-6.67058e+06	51.3229	0.951379	937	1.26794	5.56678
428	1089.43	64	-6.67208e+06	50.4386	0.948929	912	1.26744	5.53493
429	1009.36	61	-6.67087e+06	50.6135	0.946822	915	1.26878	5.47669
430	1002.56	60	-6.67138e+06	50.1772	0.946088	910	1.26722	5.53563
431	1192.06	61	-6.67021e+06	50.3461	0.949314	883	1.26744	5.42773
432	1575.73	56	-6.67175e+06	50.7601	0.950341	892	1.26899	5.43868
433	2111.86	61	-6.67233e+06	49.5229	0.947586	897	1.26957	5.48914
434	2130.37	60	-6.67207e+06	48.6983	0.946675	914	1.27124	5.4645
435	1719.17	69	-6.67337e+06	49.2168	0.946317	906	1.26904	5.52771
436	1639.22	68	-6.67291e+06	49.4602	0.944269	899	1.26962	5.50827
437	1714.78	68	-6.67345e+06	52.2874	0.945411	895	1.27075	5.3339
438	2181.43	58	-6.67438e+06	51.9689	0.943609	883	1.27045	5.42531
439	2276.46	62	-6.67611e+06	49.6361	0.944291	903	1.27094	5.38969
440	1865.81	71	-6.67371e+06	51.0045	0.944565	867	1.27007	5.49962
441	1629.13	67	-6.67577e+06	52.6033	0.947059	867	1.26964	5.4017
442	1676.75	68	-6.67429e+06	53.0883	0.94637	852	1.26849	5.40975
443	1979.39	56	-6.67746e+06	53.4171	0.946304	874	1.27289	5.42541
444	2228.92	61	-6.67648e+06	51.9898	0.946605	877	1.27239	5.52142
445	2138.22	65	-6.67646e+06	52.7708	0.94471	882	1.27247	5.45161
446	1698.4	68	-6.67479e+06	49.9125	0.94643	858	1.27157	5.24647
447	1733.49	69	-6.6751e+06	48.8161	0.94539	886	1.27002	5.28724
448	1825.22	63	-6.67546e+06	49.3319	0.947555	906	1.27147	5.47953
449	2281.3	62	-6.6762e+06	49.9163	0.948357	880	1.27239	5.4979
450	2222.69	61	-6.6736e+06	50.7241	0.948709	896	1.26945	5.34879
451	1774.91	69	-6.67367e+06	51.7004	0.949325	915	1.26978	5.33755
452	1647.56	67	-6.67341e+06	50.2725	0.949261	892	1.26904	5.39667
453	1690.98	68	-6.67267e+06	49.8732	0.949339	908	1.2688	5.33921
454	2157.07	59	-6.67713e+06	50.1366	0.947532	900	1.27197	5.43614
455	2243.04	61	-6.67612e+06	50.3796	0.947207	897	1.27244	5.35624
456	1827.42	70	-6.67394e+06	49.2812	0.9492	917	1.27101	5.42543
457	1779.56	69	-6.67616e+06	53.3155	0.948677	883	1.27092	5.41897
458	1262.87	69	-6.67452e+06	53.3692	0.946575	887	1.27097	5.28672
459	1029.91	62	-6.67556e+06	53.6803	0.947922	878	1.27036	5.48877
460	1465.52	51	-6.67184e+06	50.7803	0.947905	892	1.26915	5.45594
461	1550.87	53	-6.67037e+06	50.7991	0.951227	915	1.26825	5.4188
462	1534.35	54	-6.67515e+06	51.3013	0.952792	910	1.26857	5.38572
463	1197.27	67	-6.67405e+06	51.9334	0.950191	901	1.26862	5.46002
464	1032.25	62	-6.67505e+06	53.7067	0.951284	906	1.26985	5.44635
465	1069.48	62	-6.67404e+06	56.1894	0.949773	909	1.27078	5.45229
466	1019.65	61	-6.67265e+06	58.0522	0.950041	916	1.26854	5.33675
467	1031.73	62	-6.67423e+06	54.6517	0.946204	928	1.26975	5.32496
468	1362.84	47	-6.6752e+06	53.8679	0.945829	902	1.26912	5.45345
469	1523.05	53	-6.67147e+06	53.3725	0.948513	911	1.26821	5.56615
470	1487.85	53	-6.67172e+06	55.58	0.946731	882	1.26935	5.57567
471	1421.35	56	-6.67357e+06	51.6997	0.944052	890	1.27059	5.47564
472	1063.42	63	-6.67362e+06	52.1371	0.946156	897	1.26992	5.38864
473	1039.58	61	-6.67263e+06	52.0195	0.94392	925	1.26958	5.50752
474	1050.24	62	-6.67184e+06	53.653	0.944573	911	1.26978	5.38442
475	1015.9	60	-6.6736e+06	55.1027	0.944473	930	1.27181	5.39271
476	1203.82	52	-6.67176e+06	53.2658	0.94582	921	1.26964	5.37882
477	1549.6	53	-6.67129e+06	53.8836	0.946737	914	1.26982	5.41588
478	1565.84	55	-6.67412e+06	53.9551	0.944746	912	1.27171	5.48201
479	1476.31	52	-6.67412e+06	51.1822	0.944012	899	1.27067	5.53112
480	1067.31	63	-6.67345e+06	50.0818	0.944491	884	1.2708	5.4257
481	1022.76	62	-6.67526e+06	50.2729	0.943968	891	1.26984	5.45205
482	1022.48	61	-6.67435e+06	52.0138	0.942942	883	1.27029	5.44278
483	1042.86	61	-6.67221e+06	52.6029	0.943025	890	1.26919	5.52347
484	1541.32	50	-6.67358e+06	51.0402	0.942631	917	1.26926	5.3593
485	2495.45	63	-6.6732e+06	49.8529	0.94393	913	1.26833	5.34295
486	2365.34	64	-6.67684e+06	50.0938	0.944401	882	1.27084	5.38613
487	1883.07	68	-6.67451e+06	51.1291	0.945574	901	1.2698	5.44234
488	1514.09	74	-6.67551e+06	53.7861	0.945326	914	1.26979	5.46921
489	982.766	59	-6.67565e+06	48.8354	0.944908	917	1.27232	5.28548
490	1367.56	46	-6.67371e+06	48.7975	0.946651	920	1.27025	5.49062
491	1538.25	52	-6.67493e+06	51.835	0.947817	926	1.27112	5.4259
492	1524.07	53	-6.67337e+06	52.8376	0.947943	930	1.26937	5.3532
493	1414.27	57	-6.67371e+06	53.9003	0.948482	894	1.26894	5.45944
494	1070.01	63	-6.67271e+06	55.3707	0.948253	910	1.27182	5.34276
495	1077.18	63	-6.6758e+06	49.7849	0.948603	916	1.27271	5.48245
496	1045.67	61	-6.67124e+06	50.9921	0.948562	914	1.27047	5.28519
497	1049.53	62	-6.67117e+06	51.3131	0.952003	913	1.26997	5.29151
498	1327.69	50	-6.67303e+06	49.8916	0.951075	887	1.27033	5.33824
499	1537.35	53	-6.67501e+06	50.632	0.948393	902	1.27306	5.38823
500	1474.1	52	-6.67266e+06	51.4193	0.947045	899	1.27058	5.34801
501	1494.99	53	-6.6714e+06	50.0488	0.946611	888	1.26877	5.3659
502	1048.27	62	-6.67155e+06	49.7918	0.94568	897	1.26892	5.24646
503	1059.49	62	-6.67208e+06	49.7422	0.947181	872	1.26832	5.16505
504	1064.26	63	-6.67437e+06	53.1625	0.945968	891	1.27088	5.2929
505	1066.62	62	-6.67315e+06	53.2554	0.945525	870	1.26937	5.38487
506	1176.11	56	-6.67445e+06	52.4667	0.945444	877	1.26957	5.34487
507	1492.32	52	-6.67264e+06	52.9387	0.945735	884	1.27085	5.41328
508	1527.52	53	-6.6747e+06	52.7024	0.945382	874	1.27246	5.42814
509	1545.83	53	-6.67265e+06	52.1139	0.944784	889	1.26996	5.38345
510	1097.03	64	-6.67545e+06	52.3529	0.94347	882	1.27107	5.50303
511	1128	57	-6.67531e+06	55.4335	0.944292	890	1.27101	5.53409
512	1043.04	63	-6.67422e+06	56.6639	0.944842	892	1.26954	5.52772
513	1010.59	61	-6.6739e+06	51.603	0.946014	875	1.27059	5.46566
514	1039.6	62	-6.6744e+06	51.2101	0.945881	860	1.27017	5.3451
515	1477.3	52	-6.67329e+06	51.2582	0.946325	858	1.2687	5.45981
516	1517.54	54	-6.67459e+06	50.4783	0.944418	852	1.2709	5.44282
517	1500.78	55	-6.6744e+06	52.9112	0.946074	864	1.26963	5.51642
518	1183.47	67	-6.67503e+06	51.5342	0.941794	858	1.27163	5.50376
519	1083	59	-6.67633e+06	50.6979	0.941794	879	1.27224	5.44243
520	2189.67	81	-6.67595e+06	52.5597	0.941163	865	1.27205	5.36675
521	1064.53	62	-6.67628e+06	52.0316	0.941608	880	1.2725	5.45072
522	1420.15	51	-6.67456e+06	52.1192	0.939878	874	1.27388	5.56669
523	1512.1	54	-6.67549e+06	53.0124	0.937057	864	1.27288	5.36036
524	1523.81	54	-6.67571e+06	51.9289	0.939638	877	1.27309	5.50148
525	1386.06	71	-6.67521e+06	50.4682	0.940825	878	1.27181	5.40994
526	1152.45	62	-6.67747e+06	55.6261	0.941693	882	1.27225	5.41441
527	1248.52	65	-6.67517e+06	54.3139	0.941434	873	1.27159	5.43312
528	1035.26	62	-6.67535e+06	54.1434	0.941767	876	1.27026	5.35615
529	1061.98	62	-6.67304e+06	51.1766	0.941449	877	1.27092	5.27758
530	1524.87	52	-6.67225e+06	51.2552	0.940585	905	1.271	5.26066
531	1588.14	54	-6.67282e+06	49.1267	0.940829	893	1.27027	5.39263
532	1571.89	54	-6.67338e+06	53.5312	0.940098	902	1.27023	5.39774
533	1208.26	66	-6.67336e+06	52.1788	0.939806	893	1.2704	5.37418
534	1071.53	62	-6.67194e+06	53.2297	0.942296	917	1.26984	5.42383
535	1117.42	63	-6.67399e+06	54.6556	0.944387	912	1.27066	5.46231
536	1117.2	63	-6.67555e+06	54.3871	0.943761	903	1.27109	5.57881
537	1087.72	63	-6.67142e+06	54.1401	0.945193	887	1.26992	5.50289
538	1523.91	53	-6.67137e+06	54.0632	0.944252	888	1.2691	5.35084
539	1532.97	53	-6.67309e+06	54.1413	0.946618	896	1.2696	5.44187
540	1573.96	52	-6.67249e+06	54.026	0.94413	888	1.27025	5.40754
541	1952.71	70	-6.6735e+06	53.0628	0.944551	893	1.27146	5.45769
542	1775.96	68	-6.67293e+06	51.9039	0.942905	876	1.27018	5.33073
543	1732.66	67	-6.67092e+06	51.1752	0.94502	888	1.26889	5.51816
544	2357.77	59	-6.67426e+06	49.0844	0.946121	903	1.27108	5.49661
545	2351.07	61	-6.67396e+06	49.9664	0.946223	903	1.27166	5.51434
546	1919.62	68	-6.67052e+06	50.9307	0.946585	929	1.26907	5.52645
547	1706.95	72	-6.67167e+06	51.551	0.946554	891	1.26922	5.45285
548	1411.26	66	-6.67569e+06	52.5846	0.946433	905	1.27252	5.31547
549	1795.37	55	-6.67485e+06	52.042	0.947732	907	1.26849	5.35442
550	1684.17	56	-6.67422e+06	49.7326	0.947955	921	1.27055	5.30857
551	1567.3	53	-6.67386e+06	56.082	0.944804	917	1.26885	5.34258
552	1251.2	67	-6.67214e+06	54.5718	0.94634	924	1.26995	5.55695
553	1091.06	63	-6.67293e+06	49.8413	0.945967	929	1.27029	5.44315
554	1048.16	61	-6.67411e+06	51.7149	0.944686	909	1.27093	5.27296
555	1040.03	62	-6.67399e+06	53.2483	0.944357	876	1.27169	5.25028
556	1069.76	63	-6.67405e+06	52.9202	0.944357	867	1.26973	5.24915
557	1400.04	50	-6.67558e+06	52.3451	0.947556	871	1.27131	5.32838
558	1552.87	54	-6.67454e+06	51.3168	0.947132	887	1.27103	5.38707
559	1543.34	54	-6.67471e+06	51.769	0.946149	883	1.27133	5.28234
560	1347.68	61	-6.67502e+06	48.3381	0.945315	900	1.27106	5.4408
561	1085.5	62	-6.67527e+06	49.9666	0.943306	887	1.27171	5.47201
562	1078.34	63	-6.67479e+06	50.9915	0.943213	877	1.27122	5.42405
563	1046.2	62	-6.67466e+06	51.1039	0.942677	872	1.27109	5.41768
564	1092.59	63	-6.67334e+06	51.5558	0.946431	859	1.2705	5.40077
565	1362.31	48	-6.67424e+06	51.2238	0.946161	862	1.27138	5.45905
566	1531.58	54	-6.67467e+06	51.3389	0.94583	869	1.27008	5.36898
567	1539.49	55	-6.67534e+06	51.6374	0.945641	872	1.271	5.43073
568	1434.53	60	-6.67342e+06	52.8896	0.943538	875	1.27029	5.38607
569	1054.08	62	-6.67342e+06	51.6919	0.943831	905	1.27025	5.31164
570	1072.47	62	-6.67577e+06	52.1354	0.943494	902	1.27073	5.43301
571	1046.74	62	-6.67455e+06	52.3145	0.942357	894	1.27099	5.39915
572	1076.16	62	-6.6751e+06	51.69	0.942585	890	1.27018	5.43649
573	1415.86	48	-6.67584e+06	52.0846	0.942591	899	1.27262	5.4432
574	1567.33	54	-6.67632e+06	53.0882	0.943664	873	1.27264	5.21454
575	1556.21	54	-6.67534e+06	51.092	0.944609	900	1.26999	5.2918
576	1440.25	60	-6.67587e+06	49.7268	0.945216	880	1.27128	5.37822
577	1084.97	62	-6.67518e+06	50.4865	0.946911	902	1.27027	5.40993
578	1101.58	63	-6.67337e+06	54.7099	0.947063	877	1.26896	5.39882
579	1079.9	62	-6.67539e+06	49.4508	0.947352	872	1.27102	5.38974
580	1072.01	62	-6.67494e+06	49.4191	0.947693	881	1.26872	5.48407
581	1399.96	48	-6.67618e+06	49.5582	0.947154	856	1.27091	5.46619
582	1587.09	55	-6.67465e+06	52.2021	0.948318	888	1.26922	5.54589
583	1574.69	55	-6.67582e+06	51.973	0.949857	888	1.27086	5.43624
584	1400.75	61	-6.67479e+06	52.7142	0.947193	899	1.26991	5.41429
585	1130.11	63	-6.67293e+06	53.4339	0.948578	894	1.26781	5.38344
586	1091.75	63	-6.67302e+06	54.3142	0.947166	885	1.26894	5.45064
587	1072.41	61	-6.67234e+06	53.7347	0.946144	895	1.26774	5.43707
588	1110.39	62	-6.672e+06	53.9504	0.947516	892	1.26765	5.42688
589	1434.66	50	-6.67365e+06	50.0612	0.946761	884	1.26829	5.43128
590	1585.05	54	-6.67058e+06	50.0064	0.946946	881	1.26732	5.45755
591	1511.7	53	-6.67296e+06	50.4339	0.942298	890	1.26888	5.46696
592	1364.6	63	-6.67344e+06	53.5287	0.942625	909	1.26904	5.52299
593	1087.17	62	-6.67565e+06	52.5255	0.942126	905	1.26989	5.50002
594	1106.65	62	-6.67654e+06	53.4581	0.942765	894	1.27034	5.57127
595	1128.31	63	-6.6763e+06	54.7926	0.94272	907	1.27012	5.4777
596	1128.36	64	-6.67653e+06	54.8269	0.94248	896	1.27145	5.59186
597	1510.79	52	-6.67589e+06	52.635	0.942757	905	1.27138	5.4481
598	1593.38	54	-6.67675e+06	54.1785	0.943655	922	1.2703	5.33897
599	1601.9	54	-6.67471e+06	53.7374	0.943407	897	1.27073	5.46486
600	1247.28	67	-6.67421e+06	53.128	0.944078	899	1.27028	5.33635
601	1098.15	62	-6.67241e+06	52.5493	0.944787	919	1.26887	5.50697
602	1110.92	63	-6.67236e+06	51.0014	0.94386	912	1.26873	5.45652
603	1091.77	62	-6.67434e+06	49.8643	0.944347	907	1.26918	5.51956
604	1094.58	62	-6.67306e+06	50.9554	0.946627	916	1.26813	5.48835
605	1556.16	52	-6.67316e+06	51.8722	0.945437	905	1.26914	5.4453
606	1652.06	56	-6.67245e+06	51.8907	0.943343	903	1.26763	5.41604
607	1558.02	54	-6.67478e+06	52.0642	0.941932	912	1.26965	5.61773
608	1236.3	66	-6.6764e+06	52.3756	0.940393	903	1.27042	5.50559
609	1069.9	61	-6.67583e+06	53.013	0.939972	899	1.27167	5.40054
610	1126.95	63	-6.67517e+06	52.1406	0.940293	908	1.27194	5.34261
611	1121.76	63	-6.67435e+06	52.2658	0.940293	900	1.26992	5.58384
612	1128.99	63	-6.6753e+06	52.0521	0.94212	903	1.27157	5.58012
613	1575.02	53	-6.67502e+06	50.4803	0.94229	897	1.27109	5.39414
614	1575.71	54	-6.67307e+06	50.0011	0.941501	921	1.27007	5.28974
615	1600.15	53	-6.6762e+06	51.3716	0.942751	922	1.27262	5.39637
616	1145.21	64	-6.67664e+06	51.8423	0.946075	903	1.27206	5.45726
617	1141.18	65	-6.67447e+06	50.8403	0.947458	915	1.27117	5.43325
618	1086.22	62	-6.67445e+06	51.3902	0.946823	874	1.27062	5.34695
619	1086.29	63	-6.67281e+06	51.0666	0.947703	894	1.26876	5.46422
620	1146.33	62	-6.67381e+06	49.1564	0.946944	894	1.27136	5.43909
621	1620.78	55	-6.67466e+06	53.3286	0.943825	894	1.27205	5.44757
622	1636.07	55	-6.67444e+06	51.8415	0.945868	889	1.27129	5.50094
623	1633.03	54	-6.67779e+06	52.6073	0.944888	907	1.27233	5.49182
624	1213.54	65	-6.67522e+06	51.0329	0.941571	904	1.26986	5.53587
625	1140.82	63	-6.67515e+06	50.9793	0.942261	888	1.2712	5.37367
626	1110.15	62	-6.67572e+06	52.2671	0.943915	921	1.27241	5.35798
627	1133.94	63	-6.67478e+06	51.884	0.944107	899	1.27074	5.32346
628	1420.51	47	-6.67401e+06	53.1772	0.94447	883	1.27259	5.37301
629	1625.28	56	-6.67598e+06	53.2485	0.941238	882	1.27383	5.26903
630	1576.99	55	-6.67769e+06	52.3374	0.940301	895	1.27236	5.37601
631	1429.58	63	-6.67736e+06	52.9496	0.93902	862	1.27438	5.42876
632	1102.3	63	-6.67549e+06	52.9812	0.939279	891	1.272	5.51141
633	1125.23	63	-6.67568e+06	54.1804	0.938445	889	1.271	5.38434
634	1146.59	64	-6.67569e+06	53.6313	0.93814	888	1.27088	5.26299
635	1105.15	63	-6.67537e+06	53.1108	0.935666	902	1.27275	5.31674
636	1487.72	51	-6.6773e+06	52.6066	0.936779	890	1.27272	5.33043
637	1595.99	54	-6.67617e+06	54.9121	0.935165	911	1.27336	5.298
638	1638.85	55	-6.67511e+06	56.5108	0.936963	879	1.27044	5.40414
639	1335.48	69	-6.67634e+06	53.5814	0.937346	891	1.27306	5.34507
640	1109.68	63	-6.6751e+06	53.3938	0.935739	893	1.27088	5.33168
641	1086.71	62	-6.67496e+06	53.007	0.935739	882	1.27327	5.45629
642	1099.57	62	-6.67644e+06	51.3636	0.936602	881	1.27305	5.55104
643	1138.7	64	-6.67463e+06	55.0005	0.938274	880	1.26937	5.44169
644	1565.42	54	-6.6732e+06	55.4001	0.93851	877	1.27088	5.42528
645	1572.53	55	-6.67294e+06	51.4931	0.938377	856	1.27093	5.56629
646	1541.17	53	-6.67556e+06	51.0284	0.940928	861	1.26971	5.61094
647	1279.22	67	-6.67493e+06	49.9113	0.940124	887	1.27053	5.50314
648	1146.99	64	-6.67541e+06	51.6686	0.941854	886	1.27213	5.43521
649	1181.11	65	-6.6742e+06	50.6918	0.940923	887	1.2701	5.58229
650	1167.13	65	-6.67659e+06	51.8801	0.940923	887	1.27015	5.53728
651	1255.03	56	-6.67489e+06	51.6472	0.940987	899	1.27072	5.47765
652	1672.92	55	-6.67404e+06	52.3973	0.939023	923	1.27236	5.54923
653	1633.18	54	-6.67544e+06	53.2104	0.939121	926	1.27087	5.54373
654	1572.16	57	-6.67665e+06	53.7292	0.937248	913	1.27265	5.41336
655	1158.43	63	-6.67578e+06	54.4416	0.9384	920	1.2718	5.3827
656	1128.4	62	-6.67601e+06	53.6716	0.938374	913	1.27108	5.44281
657	1184.87	64	-6.67341e+06	52.7616	0.938887	907	1.27029	5.51238
658	1143.92	64	-6.67468e+06	51.4522	0.940228	914	1.27113	5.3444
659	1482.41	48	-6.67344e+06	54.0253	0.94249	924	1.27053	5.52801
660	1708.94	56	-6.67186e+06	53.6618	0.943865	934	1.26911	5.37628
661	1607.02	54	-6.67256e+06	53.1591	0.944163	932	1.26819	5.40539
662	1315.92	68	-6.67354e+06	50.728	0.942407	918	1.27145	5.46907
663	1121.59	62	-6.67632e+06	53.8961	0.943264	926	1.27093	5.45566
664	1140.6	63	-6.67494e+06	54.9538	0.942456	907	1.27069	5.46066
665	1179.73	65	-6.67339e+06	50.9842	0.940989	916	1.27012	5.34182
666	1110.24	62	-6.67589e+06	51.9459	0.938816	905	1.27317	5.45756
667	1612.74	53	-6.67371e+06	56.8767	0.939822	906	1.2719	5.54904
668	1676.44	56	-6.67355e+06	58.6582	0.939379	897	1.27007	5.50407
669	1679.08	57	-6.67325e+06	51.0832	0.942012	891	1.27092	5.51885
670	1158.8	63	-6.67561e+06	50.7484	0.941779	898	1.27099	5.42655
671	1136.18	63	-6.67622e+06	52.7066	0.94163	900	1.27229	5.55888
672	1104.97	62	-6.6763e+06	52.6842	0.940895	896	1.27257	5.46188
673	1126.59	62	-6.67559e+06	53.2936	0.941292	900	1.27005	5.44374
674	1481.51	50	-6.67356e+06	51.9109	0.943771	866	1.27036	5.46384
675	1636.08	56	-6.67531e+06	51.5662	0.945582	876	1.27113	5.42652
676	1620.33	56	-6.67315e+06	51.164	0.948479	858	1.27049	5.43453
677	1394.92	64	-6.67268e+06	48.7881	0.948928	874	1.27039	5.3716
678	1141.53	63	-6.67711e+06	48.8024	0.946233	891	1.2724	5.35803
679	1125.32	63	-6.6767e+06	50.5173	0.945186	881	1.27234	5.30829
680	1098.85	63	-6.67759e+06	51.3148	0.944557	899	1.27272	5.46268
681	1135.62	64	-6.6774e+06	50.9409	0.945268	899	1.27369	5.46277
682	1585.75	52	-6.67529e+06	51.5954	0.944781	918	1.27125	5.30119
683	1695.03	56	-6.67517e+06	52.4181	0.943959	905	1.26959	5.43226
684	1647.43	55	-6.67484e+06	54.1091	0.943137	921	1.27174	5.47415
685	1236.49	65	-6.67411e+06	53.6128	0.94408	894	1.27048	5.40439
686	1137.55	63	-6.67587e+06	53.6668	0.945343	905	1.27114	5.43113
687	1124.32	63	-6.67693e+06	54.0264	0.946978	907	1.27105	5.40288
688	1140.11	63	-6.6749e+06	52.6579	0.946122	882	1.27049	5.47124
689	1206.83	58	-6.67627e+06	49.5883	0.946303	915	1.272	5.544
690	1633.32	54	-6.67408e+06	49.6748	0.948877	898	1.2694	5.50342
691	1654.64	55	-6.67427e+06	51.4184	0.950686	906	1.26976	5.50222
692	1616.48	55	-6.67638e+06	51.5153	0.951426	893	1.27156	5.43735
693	1144.9	63	-6.67446e+06	53.8712	0.953319	905	1.26914	5.59822
694	1151.35	63	-6.67506e+06	54.0563	0.953501	915	1.27072	5.44344
695	1171.83	64	-6.6749e+06	53.9043	0.951951	886	1.2691	5.41015
696	1178.52	64	-6.67685e+06	50.9474	0.953361	903	1.27006	5.45828
697	1493.91	51	-6.67567e+06	53.2481	0.951787	877	1.27044	5.36363
698	1651.49	55	-6.67554e+06	50.3082	0.952164	900	1.27151	5.60366
699	1692.83	56	-6.6753e+06	50.4463	0.953333	882	1.26999	5.47909
700	1285.41	67	-6.67558e+06	53.0171	0.953187	887	1.27116	5.49192
701	1178.61	63	-6.67521e+06	52.4881	0.953187	894	1.26991	5.49696
702	1165.01	63	-6.67378e+06	50.9441	0.956018	889	1.26998	5.4829
703	1183.13	64	-6.67413e+06	50.1805	0.95828	902	1.26829	5.33307
704	1143.4	60	-6.67626e+06	49.5665	0.955336	915	1.27027	5.34866
705	1688.46	53	-6.67591e+06	49.1247	0.953991	899	1.26982	5.38149
706	1797.99	57	-6.67532e+06	50.7867	0.951125	884	1.27074	5.48085
707	1622.1	56	-6.67629e+06	50.4703	0.949796	898	1.27051	5.50458
708	1203.06	63	-6.67861e+06	51.0147	0.948176	901	1.2727	5.35394
709	1197.27	63	-6.67563e+06	53.0367	0.946377	891	1.27025	5.47482
710	1215.56	64	-6.67839e+06	52.4171	0.946638	896	1.27258	5.597
711	1223.99	63	-6.67789e+06	54.0361	0.948004	908	1.27188	5.56197
712	1710.92	53	-6.67658e+06	51.8754	0.947372	886	1.27341	5.44596
713	1742.79	54	-6.67652e+06	51.9595	0.945498	910	1.27216	5.40755
714	1766.31	55	-6.67365e+06	50.2954	0.946846	907	1.26969	5.38475
715	1305.48	65	-6.67544e+06	53.0939	0.947385	907	1.27097	5.35732
716	1224.27	63	-6.67542e+06	51.338	0.945518	898	1.27	5.45812
717	1287.56	65	-6.67795e+06	50.4707	0.944519	894	1.27174	5.46289
718	1262.69	65	-6.67505e+06	49.7069	0.946635	912	1.27038	5.42702
719	1732.92	53	-6.67482e+06	52.1775	0.945082	898	1.27028	5.39599
720	1864.98	56	-6.67558e+06	52.0437	0.944553	912	1.26914	5.60315
721	1800.82	60	-6.67503e+06	50.8476	0.943611	906	1.2714	5.36774
722	1259.63	64	-6.67651e+06	51.4544	0.944088	876	1.27164	5.29678
723	1350.34	65	-6.67623e+06	50.2149	0.945153	891	1.27163	5.50008
724	1311.96	65	-6.67538e+06	51.5104	0.944334	904	1.27146	5.49363
725	1436.86	58	-6.67823e+06	51.7479	0.9476	902	1.26982	5.41089
726	1829.84	56	-6.67582e+06	50.1609	0.947507	878	1.27019	5.4771
727	1786.61	56	-6.67516e+06	52.8785	0.944213	892	1.27054	5.42905
728	1552.7	69	-6.67301e+06	52.8153	0.943967	878	1.26996	5.34856
729	1319.83	65	-6.67506e+06	52.7903	0.940912	887	1.27102	5.48827
730	1307.88	65	-6.67644e+06	50.6834	0.940542	886	1.27224	5.4366
731	1277.07	64	-6.67386e+06	51.2907	0.939536	878	1.2688	5.38015
732	1677.24	52	-6.67416e+06	52.6634	0.938592	852	1.27013	5.45583
733	1852.06	57	-6.6736e+06	52.8139	0.939308	851	1.26973	5.42882
734	1857.17	57	-6.67422e+06	51.7939	0.940597	856	1.27048	5.33704
735	1444.24	67	-6.67671e+06	48.57	0.938439	872	1.27147	5.40709
736	1341.65	66	-6.67413e+06	59.9836	0.940244	843	1.27079	5.42548
737	1347.97	65	-6.67505e+06	54.6339	0.939695	849	1.27188	5.33192
738	1365.18	65	-6.67279e+06	54.8975	0.939695	850	1.26953	5.39978
739	1861.84	56	-6.67304e+06	52.5788	0.939695	862	1.27017	5.39053
740	1901.63	58	-6.67481e+06	52.9194	0.941313	868	1.27035	5.44279
741	1751.67	66	-6.67491e+06	51.2568	0.941598	846	1.27028	5.49852
742	1306.24	64	-6.6742e+06	50.7297	0.941917	869	1.27078	5.47271
743	1364.34	66	-6.67352e+06	50.6503	0.942701	858	1.27061	5.53336
744	1354.13	65	-6.67585e+06	49.4124	0.943775	891	1.27048	5.39493
745	1756.02	53	-6.67549e+06	50.1268	0.946096	874	1.27072	5.38984
746	1793.96	55	-6.67409e+06	49.7948	0.942519	898	1.26932	5.39326
747	1914.03	58	-6.67525e+06	52.7444	0.944312	874	1.27084	5.39745
748	1477.64	67	-6.67494e+06	51.483	0.943185	874	1.27062	5.35104
749	1420.51	67	-6.67442e+06	51.3118	0.944511	875	1.27025	5.38187
750	1403.63	65	-6.67507e+06	49.3926	0.946153	889	1.27072	5.50707
751	1335.79	63	-6.67187e+06	55.5254	0.947802	867	1.26792	5.40577
752	1913.5	56	-6.67315e+06	50.9407	0.947136	869	1.26925	5.39876
753	1898.89	56	-6.67577e+06	51.1233	0.947341	873	1.27107	5.39252
754	1651.37	66	-6.67722e+06	49.5507	0.946998	892	1.27086	5.4364
755	1384.47	65	-6.67226e+06	56.9311	0.948239	887	1.26868	5.32795
756	1390.26	66	-6.67467e+06	58.1766	0.949231	911	1.27052	5.23133
757	1401.98	66	-6.67516e+06	49.4409	0.950078	908	1.27157	5.37786
758	1780.5	53	-6.67485e+06	49.1273	0.950078	894	1.27023	5.32316
759	1958.64	58	-6.67501e+06	50.1916	0.948287	909	1.27292	5.3555
760	1969.83	57	-6.67392e+06	48.854	0.948447	900	1.27	5.42636
761	1416.09	65	-6.6735e+06	51.965	0.94768	898	1.27056	5.35639
762	1454.41	66	-6.6723e+06	51.4398	0.947495	872	1.26897	5.31872
763	1435.72	66	-6.67625e+06	55.0808	0.94737	862	1.27055	5.29449
764	1773.31	53	-6.6756e+06	54.4184	0.946319	876	1.26954	5.27236
765	2012.18	58	-6.67543e+06	54.6374	0.94595	881	1.27121	5.50343
766	1986.88	57	-6.67362e+06	55.1578	0.944615	868	1.26819	5.54161
767	1480.68	67	-6.67729e+06	52.1071	0.944377	858	1.27194	5.33356
768	1489.61	67	-6.67607e+06	51.9967	0.944161	884	1.27103	5.4606
769	1461.31	66	-6.67736e+06	52.6096	0.942864	898	1.27197	5.37241
770	1836.18	52	-6.67741e+06	53.0295	0.940967	907	1.27138	5.48734
771	2018.38	59	-6.6763e+06	52.8863	0.940198	894	1.27108	5.38086
772	2048.22	59	-6.67802e+06	52.3834	0.939893	919	1.27159	5.32723
773	1481.4	67	-6.67502e+06	53.6335	0.937625	902	1.27149	5.41476
774	1421.04	65	-6.67359e+06	53.0083	0.938245	909	1.27138	5.48693
775	1432.6	65	-6.6754e+06	54.4005	0.938772	923	1.27152	5.3783
776	1803.53	54	-6.67592e+06	54.1295	0.936799	892	1.27235	5.38275
777	1974.43	57	-6.6777e+06	53.8824	0.935689	919	1.27255	5.46048
778	2052.31	58	-6.67755e+06	51.3885	0.93548	911	1.27276	5.44176
779	1516.09	66	-6.67679e+06	50.1904	0.938109	896	1.27278	5.39106
780	1500.45	66	-6.67624e+06	50.9619	0.937298	904	1.27192	5.52615
781	1461.64	66	-6.67517e+06	50.7162	0.938209	922	1.27187	5.40742
782	1883.75	54	-6.67466e+06	49.8162	0.938687	890	1.26962	5.38977
783	2112.5	59	-6.67576e+06	50.5466	0.938399	915	1.27099	5.34732
784	1971.35	59	-6.67444e+06	50.8736	0.937437	898	1.2717	5.39186
785	1547.69	68	-6.67556e+06	50.9242	0.938234	898	1.27152	5.41285
786	1494.14	67	-6.67237e+06	51.7529	0.93917	884	1.26948	5.3993
787	1558.13	66	-6.67405e+06	51.6291	0.939101	889	1.2696	5.39217
788	1935.72	56	-6.67354e+06	51.5405	0.940081	883	1.27039	5.31424
789	2100.86	59	-6.67253e+06	53.8643	0.939974	914	1.26898	5.38515
790	1863.47	65	-6.67463e+06	56.477	0.941971	904	1.27076	5.36229
791	1546.77	67	-6.67448e+06	50.7614	0.941643	905	1.27128	5.41512
792	1468.93	65	-6.67544e+06	49.723	0.941234	901	1.27143	5.50613
793	1469.88	65	-6.67686e+06	52.536	0.942878	882	1.27047	5.34571
794	2028.63	57	-6.6746e+06	52.4819	0.942882	885	1.26959	5.6005
795	2025.71	58	-6.67526e+06	52.0996	0.944523	894	1.26993	5.45466
796	1765.4	67	-6.67594e+06	51.8938	0.945766	907	1.2708	5.38247
797	1480.98	64	-6.67394e+06	52.1235	0.946951	914	1.27007	5.46207
798	1497.02	66	-6.67492e+06	50.1759	0.945987	895	1.27118	5.55039
799	1558.18	66	-6.67398e+06	50.6083	0.94469	907	1.27056	5.55845
800	2119.64	58	-6.67337e+06	50.1978	0.942939	903	1.27077	5.45684
801	2123.04	58	-6.67402e+06	49.855	0.940866	913	1.27034	5.40578
802	1758.87	70	-6.67316e+06	52.2202	0.93785	907	1.27115	5.42709
803	1617.41	67	-6.67366e+06	53.0175	0.936419	893	1.27097	5.53513
804	1546.07	66	-6.67508e+06	49.5048	0.935921	919	1.27144	5.35568
805	1805.94	58	-6.67367e+06	50.1232	0.936311	887	1.26958	5.46397
806	2165.82	59	-6.67342e+06	50.539	0.937118	884	1.27074	5.43741
807	2153.55	59	-6.67531e+06	50.1581	0.939819	895	1.27184	5.43815
808	1575.82	67	-6.67472e+06	50.8975	0.938096	871	1.27227	5.43684
809	1659.66	68	-6.67415e+06	51.8901	0.939485	888	1.27022	5.44829
810	1580.3	66	-6.67481e+06	53.6335	0.939195	883	1.27078	5.40092
811	2059.82	56	-6.67533e+06	52.3764	0.940027	902	1.26972	5.51388
812	2169.83	59	-6.67607e+06	52.3311	0.940731	882	1.27211	5.4507
813	1908.15	69	-6.67431e+06	53.5092	0.938804	888	1.27146	5.43371
814	1646.64	68	-6.6733e+06	52.9726	0.93957	883	1.27256	5.39596
815	1545.4	66	-6.676e+06	53.3228	0.94049	874	1.27244	5.47158
816	1651.28	63	-6.67485e+06	52.6361	0.939997	866	1.2711	5.3726
817	2263.98	61	-6.67525e+06	52.0531	0.939801	886	1.27115	5.32883
818	2153.78	59	-6.67569e+06	54.1747	0.939446	887	1.27129	5.2843
819	1725.24	69	-6.67568e+06	56.2632	0.938763	893	1.27236	5.35054
820	1569.54	65	-6.67414e+06	55.4454	0.939306	843	1.27064	5.45521
821	1583.07	66	-6.67709e+06	53.7348	0.941171	880	1.27306	5.42528
822	1993.96	54	-6.67482e+06	51.557	0.941853	889	1.27101	5.30517
823	2239.33	59	-6.67731e+06	51.3585	0.941389	883	1.27272	5.36445
824	1993.96	66	-6.67754e+06	50.2214	0.94282	865	1.27096	5.37552
825	1571.65	67	-6.67464e+06	50.0381	0.943498	864	1.27031	5.31001
826	1646.18	68	-6.67665e+06	51.1997	0.943348	864	1.27115	5.34432
827	1836.38	65	-6.67526e+06	51.6724	0.943857	878	1.27005	5.57996
828	2222.77	60	-6.67381e+06	52.3081	0.942463	880	1.26939	5.39908
829	2298.71	61	-6.67506e+06	52.3088	0.942687	872	1.27102	5.49629
830	1697.78	68	-6.67267e+06	52.22	0.942875	853	1.27101	5.35955
831	1647.74	67	-6.67438e+06	52.113	0.94447	852	1.26856	5.3794
832	1645.42	68	-6.67429e+06	52.4694	0.943504	863	1.26858	5.3509
833	2110.42	57	-6.67709e+06	51.9099	0.94008	863	1.27209	5.43562
834	2275.95	61	-6.67417e+06	52.6138	0.941244	876	1.26924	5.45661
835	1893.88	70	-6.67663e+06	51.2369	0.940917	878	1.27166	5.44741
836	1616.59	66	-6.67537e+06	52.6935	0.941388	859	1.2702	5.35357
837	1681.49	68	-6.67506e+06	54.742	0.939463	859	1.27042	5.48135
838	2006.75	55	-6.67718e+06	54.0324	0.941441	869	1.27219	5.28277
839	2258.14	61	-6.67567e+06	54.9645	0.941781	861	1.27252	5.2164
840	2126.16	64	-6.67467e+06	50.2409	0.940786	852	1.27045	5.34339
841	1788.04	70	-6.67265e+06	50.8287	0.940401	855	1.26793	5.39977
842	1603.77	66	-6.6722e+06	50.0832	0.94262	868	1.27066	5.48038
843	1739.2	65	-6.67434e+06	50.7738	0.941617	874	1.27076	5.23148
844	2299.62	60	-6.67698e+06	51.7157	0.942372	884	1.27099	5.42235
845	2316.24	60	-6.67488e+06	53.4065	0.941626	875	1.26913	5.40108
846	1832.24	69	-6.67708e+06	52.9251	0.940534	894	1.27161	5.39208
847	1632.8	66	-6.67572e+06	53.1131	0.941614	869	1.27043	5.31438
848	1623.49	67	-6.67637e+06	50.2516	0.940437	871	1.27064	5.34564
849	2222.37	60	-6.67656e+06	51.8453	0.940437	836	1.27131	5.31908
850	2195.49	59	-6.67656e+06	50.4529	0.941389	824	1.27156	5.39749
851	1860.37	70	-6.67842e+06	50.1739	0.941914	854	1.27333	5.30637
852	1686.2	68	-6.67489e+06	49.6664	0.942516	849	1.27069	5.3828
853	1781.78	69	-6.6786e+06	49.6293	0.943454	853	1.27411	5.3886
854	2050.71	56	-6.67795e+06	55.038	0.942899	833	1.27239	5.29766
855	2289.65	61	-6.67733e+06	54.9574	0.94107	847	1.2715	5.34093
856	2014.29	69	-6.6781e+06	48.9583	0.940672	857	1.27174	5.44041
857	1739.09	68	-6.67669e+06	50.4565	0.943554	845	1.27204	5.29338
858	1663.03	67	-6.67631e+06	51.856	0.9445	841	1.27217	5.25499
859	2080.78	59	-6.67483e+06	51.8961	0.943625	869	1.27142	5.28226
860	2202.27	59	-6.67394e+06	53.3404	0.942531	876	1.2721	5.39068
861	2248.44	62	-6.67517e+06	54.4645	0.941248	872	1.27078	5.4702
862	1656.02	67	-6.67645e+06	53.0409	0.942371	863	1.26997	5.27343
863	1785.55	69	-6.67697e+06	52.5812	0.943938	864	1.27239	5.33026
864	1672.74	66	-6.67733e+06	51.9285	0.945317	881	1.27154	5.47624
865	2270.31	60	-6.67611e+06	51.2022	0.946799	876	1.27082	5.32923
866	2210.25	59	-6.67617e+06	52.6048	0.943166	858	1.2715	5.32251
867	1765.07	69	-6.67775e+06	53.1265	0.942918	850	1.27107	5.25628
868	1755.02	68	-6.67749e+06	52.6376	0.943517	863	1.27169	5.26423
869	1733.02	67	-6.67569e+06	52.1787	0.943689	869	1.27008	5.18959
870	2273.83	59	-6.67824e+06	51.6335	0.94336	887	1.27114	5.20201
871	2271.31	60	-6.67513e+06	50.8127	0.943593	874	1.27143	5.16964
872	1853.64	70	-6.67329e+06	50.4853	0.944529	898	1.27073	5.27713
873	1836.65	68	-6.67602e+06	49.2106	0.943786	876	1.2705	5.29787
874	1842.75	68	-6.67702e+06	49.7506	0.943588	904	1.27294	5.30137
875	2392.73	60	-6.67823e+06	50.1141	0.945524	906	1.27291	5.24013
876	2326.78	60	-6.67468e+06	50.2619	0.946834	894	1.27197	5.2259
877	1942.09	70	-6.67488e+06	49.6672	0.949036	913	1.27144	5.2536
878	1751.7	68	-6.67581e+06	49.8019	0.94907	905	1.27154	5.30167
879	1800.03	68	-6.67396e+06	53.1814	0.945112	884	1.27095	5.30238
880	2340.43	60	-6.67517e+06	52.6601	0.945454	906	1.26916	5.39584
881	2335.8	59	-6.67483e+06	53.2912	0.946044	927	1.2713	5.40878
882	1936.72	70	-6.6758e+06	53.5263	0.942812	893	1.27289	5.35669
883	1720.92	67	-6.67755e+06	52.1422	0.942113	906	1.27151	5.27367
884	1849.84	69	-6.67572e+06	55.814	0.942113	882	1.27211	5.3732
885	2193.53	56	-6.67477e+06	54.3281	0.940628	870	1.27072	5.4391
886	2382.54	60	-6.67233e+06	53.8693	0.940524	910	1.27087	5.35534
887	1899.18	70	-6.67466e+06	53.5666	0.941104	899	1.27024	5.46024
888	1676.24	67	-6.67676e+06	50.2334	0.942842	898	1.27293	5.29166
889	1690.56	66	-6.6766e+06	49.9228	0.942537	896	1.27224	5.36159
890	2088.12	54	-6.67415e+06	51.0978	0.940842	903	1.27069	5.35272
891	2395.99	59	-6.67268e+06	51.7936	0.942138	915	1.27131	5.4308
892	2133.24	69	-6.67351e+06	53.2256	0.942402	906	1.27056	5.49607
893	1798.13	69	-6.67467e+06	53.2414	0.9442	899	1.27196	5.44941
894	1756.08	68	-6.67395e+06	50.1635	0.944186	908	1.27005	5.4181
895	2146.94	56	-6.67228e+06	51.0675	0.941352	902	1.26966	5.4725
896	2391.79	60	-6.67231e+06	50.9345	0.942335	909	1.26889	5.47612
897	2195.67	71	-6.67112e+06	54.3658	0.940752	907	1.26985	5.45652
898	1806.48	68	-6.67214e+06	53.4894	0.941215	900	1.26968	5.47696
899	1682.21	65	-6.67441e+06	53.4424	0.94132	910	1.27138	5.4646
900	2124.07	54	-6.67387e+06	50.5858	0.940999	915	1.27121	5.49599
901	2416.01	59	-6.67386e+06	50.104	0.94477	915	1.27022	5.5603
902	2148.49	67	-6.67288e+06	50.8515	0.941456	930	1.27097	5.43356
903	1754.13	67	-6.67504e+06	50.8325	0.942578	895	1.2701	5.41404
904	1815.26	70	-6.67381e+06	47.7602	0.94175	888	1.27189	5.47328
905	2116.1	57	-6.67474e+06	49.5529	0.943712	885	1.2726	5.43164
906	2394.23	61	-6.67307e+06	53.9959	0.946337	898	1.27017	5.38607
907	2103.14	66	-6.67202e+06	54.019	0.947036	896	1.26983	5.34874
908	1685.76	66	-6.67275e+06	53.9897	0.947121	937	1.27046	5.47488
909	1751.16	68	-6.67359e+06	52.5958	0.949959	912	1.27108	5.404
910	2152.39	58	-6.67266e+06	55.484	0.948551	910	1.27107	5.51281
911	2389.25	60	-6.67367e+06	55.4572	0.9504	901	1.26836	5.40718
912	2189.13	65	-6.67056e+06	51.0461	0.951376	912	1.26705	5.36498
913	1714.23	66	-6.67335e+06	53.3755	0.947449	896	1.27011	5.34553
914	1703.79	67	-6.67116e+06	54.099	0.946676	920	1.26988	5.24952
915	1900.74	59	-6.67192e+06	56.1882	0.947008	887	1.27004	5.39059
916	2351.02	61	-6.67125e+06	56.8577	0.946559	896	1.26927	5.31526
917	2475.44	65	-6.67252e+06	49.5916	0.94702	905	1.26843	5.41434
918	627.8	46	-6.6732e+06	53.4003	0.947591	898	1.26943	5.40966
919	656.287	48	-6.6743e+06	52.1695	0.947707	913	1.26948	5.28515
920	670.299	49	-6.67379e+06	51.8305	0.946553	922	1.27193	5.4494
921	679.792	49	-6.67488e+06	52.6054	0.944757	920	1.27178	5.45397
922	675.958	50	-6.67474e+06	52.2112	0.944783	903	1.27168	5.36381
923	692.389	51	-6.67453e+06	50.7545	0.945369	903	1.27049	5.40249
924	704.89	51	-6.67407e+06	53.3068	0.945369	904	1.27046	5.52362
925	1006.65	37	-6.67487e+06	52.5778	0.945147	920	1.26846	5.50444
926	1152.54	43	-6.67552e+06	53.676	0.943525	921	1.27175	5.56897
927	1110.39	43	-6.67499e+06	52.9122	0.943817	897	1.2696	5.45075
928	1121.66	44	-6.67755e+06	51.1131	0.94472	892	1.27261	5.43675
929	1126.41	44	-6.67457e+06	50.269	0.94472	912	1.2709	5.38776
930	733.858	51	-6.67578e+06	52.2242	0.944749	909	1.27329	5.4207
931	596.281	58	-6.675e+06	51.7338	0.945295	918	1.26909	5.45309
932	725.42	52	-6.67186e+06	51.8687	0.945182	928	1.2692	5.36847
933	749.066	53	-6.67304e+06	50.2492	0.945667	904	1.2694	5.40943
934	730.087	52	-6.6753e+06	51.6214	0.944708	928	1.27057	5.3631
935	759.907	53	-6.67634e+06	53.6767	0.945942	928	1.27296	5.31237
936	711.294	51	-6.67501e+06	53.6879	0.945287	903	1.26923	5.4398
937	1141.02	45	-6.67306e+06	55.0274	0.945991	896	1.26882	5.35336
938	940.618	52	-6.67624e+06	53.2529	0.946684	906	1.27141	5.23029
939	1178.26	45	-6.67272e+06	52.2717	0.94802	918	1.27064	5.39674
940	1189.26	46	-6.6712e+06	53.2012	0.946339	897	1.26937	5.29172
941	976.871	52	-6.67389e+06	53.3136	0.944914	906	1.27074	5.23101
942	768.62	54	-6.67399e+06	51.9717	0.942043	915	1.27102	5.36005
943	764.495	53	-6.67475e+06	52.0007	0.942226	918	1.2715	5.29569
944	747.802	53	-6.67385e+06	50.8698	0.942734	910	1.27066	5.24977
945	770.189	53	-6.67537e+06	50.7914	0.942191	895	1.27105	5.28343
946	761.219	53	-6.6762e+06	51.4005	0.942648	905	1.27112	5.31521
947	779.4	54	-6.67449e+06	50.5989	0.944662	923	1.27104	5.38888
948	1085.14	41	-6.67402e+06	52.2399	0.946859	904	1.26927	5.30835
949	1197.69	45	-6.67589e+06	53.2066	0.943165	902	1.27086	5.13966
950	1195.47	47	-6.67547e+06	52.1583	0.943598	881	1.27166	5.24708
951	1453.8	38	-6.67355e+06	49.7933	0.945762	884	1.2716	5.39085
952	861.46	60	-6.67675e+06	50.5271	0.945965	875	1.27193	5.21173
953	775.262	55	-6.67501e+06	51.1276	0.944528	903	1.27167	5.27216
954	758.082	54	-6.67468e+06	50.6917	0.943657	889	1.27073	5.37923
955	795.595	55	-6.67516e+06	51.3107	0.944537	905	1.27275	5.43679
956	791.51	55	-6.67428e+06	50.0936	0.945582	908	1.27199	5.43875
957	795.345	54	-6.67445e+06	51.5281	0.944372	872	1.26885	5.36032
958	784.776	55	-6.67635e+06	52.5811	0.945648	881	1.27216	5.40876
959	1171.21	47	-6.6742e+06	51.8111	0.94502	874	1.26996	5.37434
960	1174.89	48	-6.6747e+06	52.5661	0.944883	880	1.26905	5.2973
961	1174.33	45	-6.67208e+06	52.9436	0.943225	887	1.26833	5.33504
962	1079.46	39	-6.67281e+06	50.6606	0.943125	902	1.26838	5.3482
963	580.134	65	-6.67501e+06	49.5303	0.943064	900	1.27121	5.33371
964	695.69	49	-6.67441e+06	52.5849	0.942365	895	1.27107	5.24999
965	785.219	54	-6.67469e+06	53.4135	0.943351	881	1.27032	5.38695
966	797.102	55	-6.67628e+06	53.3571	0.943631	907	1.26934	5.44009
967	817.567	56	-6.67294e+06	54.1027	0.943217	908	1.26857	5.36417
968	784.621	54	-6.67539e+06	52.6106	0.94351	885	1.27082	5.26263
969	799.575	54	-6.67504e+06	52.3485	0.942146	918	1.26998	5.37537
970	1109.53	41	-6.67685e+06	53.3991	0.941658	915	1.27146	5.40865
971	1207.34	47	-6.6751e+06	53.7462	0.941698	903	1.27146	5.47626
972	1231.75	47	-6.67753e+06	53.5609	0.941795	903	1.27109	5.4818
973	1232.18	48	-6.67415e+06	53.7221	0.941473	913	1.27094	5.23695
974	1026.49	56	-6.67365e+06	53.0722	0.942273	908	1.27159	5.26869
975	795.919	55	-6.67419e+06	54.1631	0.942667	912	1.27122	5.33981
976	806.421	56	-6.67305e+06	53.1676	0.944457	901	1.26912	5.22712
977	806.047	55	-6.67401e+06	52.9658	0.942156	896	1.27116	5.35519
978	795.702	54	-6.67526e+06	50.249	0.941567	891	1.27023	5.3955
979	816.549	56	-6.67434e+06	49.6037	0.940456	878	1.27018	5.29115
980	347.864	21	-6.6745e+06	48.7078	0.93906	897	1.27162	5.28078
981	1044.88	43	-6.67678e+06	50.0645	0.941288	869	1.27243	5.46931
982	1197	47	-6.67686e+06	48.7	0.942053	871	1.27187	5.39275
983	1222.57	48	-6.67627e+06	48.8131	0.942056	862	1.27172	5.31956
984	1215.02	48	-6.67693e+06	48.8781	0.941208	871	1.27288	5.37424
985	1070.73	52	-6.67522e+06	49.2579	0.942394	865	1.27037	5.33724
986	801.877	56	-6.67314e+06	49.0629	0.940241	859	1.27002	5.196
987	801.868	56	-6.67548e+06	49.8169	0.938792	860	1.27084	5.25954
988	787.577	55	-6.67534e+06	48.994	0.938423	852	1.2696	5.15358
989	781.848	56	-6.67849e+06	48.6617	0.938934	851	1.27144	5.18003
990	802.516	56	-6.67722e+06	53.7975	0.939474	875	1.27218	5.27669
991	813.65	56	-6.67808e+06	53.5313	0.940164	841	1.27346	5.12627
992	1106.05	43	-6.67622e+06	51.7085	0.940315	859	1.27124	5.26514
993	1212.77	47	-6.67564e+06	50.2621	0.938471	877	1.27248	5.26778
994	1188.74	47	-6.676e+06	50.0439	0.939121	859	1.27186	5.14831
995	1160.58	46	-6.67464e+06	53.4679	0.939198	880	1.27075	5.27528
996	971.11	61	-6.67277e+06	54.0871	0.938726	865	1.26854	5.24487
997	780.224	54	-6.67385e+06	52.649	0.939332	882	1.26977	5.26382
998	806.629	56	-6.67454e+06	51.5053	0.939361	885	1.27057	5.41039
999	827.016	56	-6.67416e+06	53.1672	0.939992	873	1.27039	5.41704
1000	816.417	56	-6.67624e+06	53.2086	0.940648	867	1.27139	5.43739
1001	829.14	56	-6.67863e+06	52.3224	0.941583	877	1.2721	5.3955
1002	861.796	53	-6.67638e+06	53.2912	0.942241	878	1.27216	5.24032
1003	738.031	12	-6.67461e+06	54.0323	0.943446	883	1.27002	5.35784
1004	1211.76	47	-6.67681e+06	49.5631	0.942826	897	1.27317	5.36455
1005	1216.33	47	-6.67742e+06	53.1192	0.942613	886	1.27274	5.33054
1006	1229.66	48	-6.67652e+06	52.4728	0.94399	871	1.27285	5.33027
1007	951.846	63	-6.67618e+06	50.4501	0.945856	859	1.26923	5.19601
1008	481.571	36	-6.67532e+06	52.3549	0.944622	880	1.2704	5.34968
1009	789.676	54	-6.67627e+06	53.3037	0.944872	897	1.27236	5.38407
1010	819.742	56	-6.67539e+06	53.0713	0.947314	898	1.27102	5.16092
1011	796.098	54	-6.67372e+06	54.7516	0.948049	895	1.2696	5.2205
1012	831.684	56	-6.67527e+06	53.7383	0.946199	879	1.27001	5.28099
1013	833.891	57	-6.6756e+06	50.313	0.94638	880	1.26955	5.34994
1014	1167.84	44	-6.67481e+06	50.9332	0.944845	899	1.26938	5.3652
1015	938.415	31	-6.67638e+06	51.0179	0.945152	909	1.27036	5.27539
1016	1234.53	47	-6.67446e+06	50.9331	0.946136	921	1.26992	5.28544
1017	1235.98	47	-6.67479e+06	51.2997	0.946534	920	1.26963	5.34527
1018	1024.1	59	-6.6747e+06	51.8143	0.946053	901	1.26892	5.30123
1019	809.526	55	-6.67211e+06	52.1554	0.944658	919	1.26906	5.32014
1020	855.424	57	-6.67694e+06	51.0335	0.945792	899	1.2697	5.28721
1021	827.872	56	-6.67327e+06	50.6105	0.944464	918	1.26904	5.23173
1022	819.792	56	-6.67401e+06	50.9937	0.943125	905	1.27008	5.18826
1023	842.284	56	-6.67413e+06	52.0096	0.942517	917	1.26954	5.27183
1024	957.695	49	-6.67412e+06	51.6096	0.94422	918	1.27079	5.39876
1025	1238.72	47	-6.67477e+06	52.4547	0.942385	912	1.27064	5.31673
1026	583.287	66	-6.67557e+06	55.0416	0.940435	911	1.27021	5.40758
1027	1250.17	47	-6.67336e+06	50.4615	0.942333	913	1.27114	5.34934
1028	1208.01	47	-6.67624e+06	50.0221	0.941667	912	1.27137	5.25655
1029	928.199	61	-6.67712e+06	51.6544	0.940761	919	1.27326	5.2726
1030	843.752	56	-6.67448e+06	52.691	0.942846	924	1.2722	5.2349
1031	835.43	57	-6.67296e+06	53.2912	0.943563	903	1.26945	5.38593
1032	857.106	57	-6.67366e+06	53.8162	0.943433	905	1.27015	5.32327
1033	850.13	57	-6.67496e+06	53.2949	0.943706	921	1.27198	5.21044
1034	842.78	56	-6.67445e+06	51.0714	0.943706	922	1.27305	5.22385
1035	1072.42	43	-6.67525e+06	51.3463	0.944086	936	1.27505	5.28864
1036	1246.66	46	-6.67718e+06	52.1976	0.942445	920	1.27236	5.23931
1037	1173.3	51	-6.6741e+06	50.5356	0.94152	919	1.27053	5.28198
1038	815.915	20	-6.67422e+06	51.2428	0.943477	911	1.27249	5.39222
1039	1294.98	46	-6.67298e+06	52.0543	0.943278	921	1.27104	5.32876
1040	918.147	63	-6.67348e+06	52.2989	0.941782	915	1.2695	5.35844
1041	979.148	58	-6.67411e+06	51.7259	0.941606	935	1.27101	5.43969
1042	1011.68	60	-6.67577e+06	50.3116	0.943088	929	1.27201	5.38263
1043	979.09	59	-6.67608e+06	51.5625	0.942118	928	1.27104	5.42638
1044	1008.93	60	-6.67622e+06	50.6759	0.94296	919	1.2717	5.40028
1045	829.72	51	-6.6756e+06	50.4037	0.941869	906	1.27142	5.37919
1046	1132.83	39	-6.67473e+06	52.7632	0.940303	917	1.26868	5.25236
1047	1397.94	52	-6.67563e+06	51.992	0.940576	902	1.27134	5.43046
1048	1446.51	50	-6.67315e+06	53.5054	0.939111	932	1.2689	5.33463
1049	1126.62	64	-6.67245e+06	53.9375	0.938086	941	1.27039	5.22091
1050	1025.94	60	-6.67327e+06	53.7896	0.939112	938	1.26996	5.28844
1051	998.277	59	-6.67275e+06	54.8421	0.938891	962	1.26939	5.3014
1052	961.065	61	-6.67517e+06	54.1203	0.938154	942	1.27082	5.31835
1053	865.686	56	-6.67482e+06	54.0706	0.939893	958	1.26946	5.38764
1054	993.607	50	-6.67422e+06	53.7342	0.941833	975	1.27148	5.13873
1055	1270.6	48	-6.67366e+06	54.3281	0.942853	949	1.27132	5.37283
1056	1266.82	48	-6.67327e+06	54.8337	0.942843	931	1.27228	5.38977
1057	1286.84	47	-6.67185e+06	54.3996	0.941848	929	1.26863	5.34712
1058	1169.07	51	-6.67517e+06	55.0495	0.943401	943	1.27158	5.31308
1059	868.755	56	-6.67046e+06	54.1007	0.942872	967	1.26867	5.33017
1060	853.963	56	-6.67177e+06	53.5769	0.943541	938	1.2706	5.39604
1061	837.134	55	-6.672e+06	53.0576	0.943321	930	1.27017	5.31006
1062	859.349	56	-6.67291e+06	52.6276	0.942641	950	1.26932	5.4516
1063	860.838	56	-6.67232e+06	53.5093	0.941088	945	1.2684	5.46841
1064	996.345	48	-6.67001e+06	53.7717	0.940501	966	1.26837	5.40433
1065	1272.14	47	-6.67031e+06	52.5837	0.94147	930	1.26656	5.25309
1066	428.306	52	-6.67098e+06	51.0855	0.943801	943	1.26851	5.28531
1067	505.408	37	-6.67177e+06	52.5452	0.94151	935	1.26748	5.31344
1068	1213.47	44	-6.67258e+06	52.6472	0.943437	948	1.26961	5.3357
1069	1283.92	47	-6.67296e+06	51.6619	0.941781	915	1.26946	5.28287
1070	878.188	57	-6.67512e+06	53.363	0.939982	906	1.27076	5.37675
1071	830.449	55	-6.67149e+06	52.251	0.940556	915	1.27119	5.26761
1072	853.311	57	-6.67309e+06	51.1115	0.940693	947	1.27187	5.37347
1073	858.373	57	-6.67467e+06	52.0421	0.938838	926	1.27246	5.34073
1074	862.067	55	-6.67682e+06	53.7966	0.939278	914	1.27301	5.16797
1075	867.944	57	-6.67311e+06	52.2395	0.939241	900	1.26985	5.2497
1076	1202.95	46	-6.67258e+06	52.052	0.938365	906	1.27002	5.35657
1077	1289.25	49	-6.67227e+06	50.526	0.939554	921	1.2706	5.39014
1078	1284.3	48	-6.67154e+06	51.2017	0.941041	912	1.26988	5.40034
1079	1253.91	48	-6.67099e+06	52.6646	0.941561	897	1.26946	5.3467
1080	886.296	58	-6.67375e+06	52.7538	0.940668	931	1.27122	5.39959
1081	839.655	55	-6.67281e+06	52.3241	0.939803	936	1.26897	5.35526
1082	839.363	55	-6.67465e+06	52.5436	0.942194	906	1.27112	5.32291
1083	677.949	69	-6.67179e+06	52.4423	0.942	931	1.26857	5.46411
1084	867.117	57	-6.67239e+06	49.3559	0.941904	916	1.27079	5.51537
1085	870.878	57	-6.67259e+06	50.4204	0.940765	884	1.26942	5.30183
1086	1197.74	45	-6.67162e+06	52.3647	0.940518	930	1.26885	5.46805
1087	1280.52	48	-6.67302e+06	51.6712	0.940964	942	1.27103	5.40996
1088	1276.2	48	-6.6722e+06	50.7594	0.942479	924	1.27083	5.36473
1089	999.093	61	-6.67259e+06	52.2833	0.94122	911	1.27311	5.44655
1090	276.64	28	-6.67193e+06	51.5672	0.938607	923	1.26954	5.46382
1091	276.53	27	-6.67244e+06	51.6152	0.937965	927	1.27041	5.54469
1092	278.761	27	-6.67161e+06	53.0132	0.93822	921	1.27029	5.36533
1093	762.732	51	-6.67309e+06	52.0227	0.937947	928	1.27198	5.47361
1094	874.396	57	-6.67401e+06	50.9183	0.936782	919	1.27131	5.28482
1095	885.737	57	-6.67259e+06	52.2127	0.936309	921	1.27003	5.29584
1096	873.619	57	-6.67021e+06	53.5813	0.936891	938	1.26856	5.11927
1097	873.945	56	-6.67049e+06	54.9729	0.936871	946	1.26875	5.22712
1098	1009.12	49	-6.67043e+06	54.9254	0.937646	961	1.26959	5.22125
1099	1323.82	48	-6.67006e+06	53.1081	0.939082	937	1.2692	5.26397
1100	1327.66	49	-6.66845e+06	52.1193	0.940354	945	1.2672	5.22051
1101	1310.51	49	-6.67273e+06	52.0541	0.941324	930	1.27161	5.31951
1102	1093.14	55	-6.67099e+06	53.8244	0.941571	927	1.27023	5.30938
1103	858.196	56	-6.67133e+06	52.9662	0.941632	932	1.26935	5.32511
1104	890.812	57	-6.67267e+06	52.7203	0.942263	944	1.27076	5.23605
1105	890.179	57	-6.67271e+06	53.5229	0.941602	929	1.27219	5.21868
1106	876.275	57	-6.67238e+06	52.9974	0.94031	966	1.27195	5.19538
1107	871.815	56	-6.67076e+06	52.2762	0.94031	927	1.27006	5.24249
1108	1154.85	42	-6.6713e+06	52.6798	0.939113	909	1.26819	5.24528
1109	1309.7	49	-6.67302e+06	51.7928	0.936565	918	1.27055	5.18098
1110	1292.55	48	-6.67423e+06	55.636	0.936688	916	1.27221	5.26998
1111	1304.29	47	-6.67377e+06	54.7967	0.93618	933	1.27117	5.2403
1112	992.183	62	-6.6712e+06	53.5264	0.937168	914	1.26999	5.3303
1113	876.773	58	-6.67284e+06	55.8684	0.937039	907	1.27154	5.24912
1114	874.793	57	-6.67265e+06	55.9881	0.935185	933	1.27273	5.17658
1115	878.315	57	-6.67309e+06	54.0264	0.935917	922	1.27158	5.33741
1116	873.961	57	-6.67114e+06	52.3409	0.937331	907	1.27136	5.25805
1117	891.438	58	-6.67259e+06	52.0434	0.938416	924	1.27096	5.39926
1118	1244.37	45	-6.67318e+06	52.0234	0.938416	928	1.2733	5.30136
1119	1302.95	48	-6.67402e+06	53.7872	0.939741	920	1.27264	5.28269
1120	1229.89	44	-6.67341e+06	54.1542	0.93978	906	1.2718	5.47405
1121	819.042	75	-6.67209e+06	53.4304	0.940999	907	1.27058	5.35347
1122	822.355	21	-6.67332e+06	53.0302	0.941783	915	1.27136	5.36596
1123	862.318	57	-6.67171e+06	52.1186	0.940952	900	1.26923	5.36942
1124	878.549	57	-6.67191e+06	51.0845	0.942565	938	1.26886	5.12996
1125	875.63	57	-6.67087e+06	50.4346	0.942565	926	1.27046	5.20172
1126	898.316	57	-6.6729e+06	50.5911	0.943408	947	1.27052	5.23391
1127	911.502	58	-6.67217e+06	52.2328	0.940352	916	1.26959	5.35691
1128	1078.78	46	-6.67234e+06	52.0097	0.939392	928	1.27015	5.26803
1129	1340.22	49	-6.67041e+06	51.1814	0.937939	902	1.26851	5.26815
1130	1338.9	49	-6.67045e+06	51.9057	0.936444	912	1.26953	5.21324
1131	390.73	46	-6.67148e+06	52.1652	0.936676	919	1.27075	5.20487
1132	483.257	16	-6.67156e+06	51.7401	0.93564	915	1.27057	5.22796
1133	1239.38	51	-6.67174e+06	53.3477	0.933556	925	1.27145	5.19246
1134	907.484	57	-6.67126e+06	53.2414	0.934347	930	1.27102	5.17768
1135	911.432	58	-6.67192e+06	51.5168	0.934783	915	1.26994	5.26338
1136	869.811	57	-6.67046e+06	52.4601	0.935802	902	1.26798	5.34354
1137	882.909	58	-6.67076e+06	52.6072	0.936922	907	1.26953	5.29821
1138	911.593	58	-6.66934e+06	52.8599	0.937466	915	1.26927	5.21157
1139	1191.6	43	-6.669e+06	51.0008	0.937474	922	1.26777	5.26238
1140	1349.51	49	-6.67203e+06	52.6835	0.937571	921	1.26837	5.17802
1141	1330.07	48	-6.66998e+06	49.6781	0.936717	920	1.27002	5.27939
1142	1335.92	49	-6.67011e+06	50.6922	0.937725	914	1.26887	5.29922
1143	990.096	62	-6.66972e+06	51.0416	0.936173	902	1.26967	5.27334
1144	897.387	58	-6.67355e+06	50.5625	0.941158	912	1.27011	5.34612
1145	881.189	57	-6.6733e+06	51.3963	0.942669	935	1.27124	5.31602
1146	874.616	57	-6.67265e+06	50.2342	0.942669	920	1.26933	5.20643
1147	913.764	58	-6.67427e+06	49.7842	0.944983	919	1.2715	5.31178
1148	883.316	57	-6.67261e+06	48.9522	0.944022	939	1.27059	5.24644
1149	1307.25	47	-6.67375e+06	53.6133	0.944587	938	1.27035	5.27739
1150	1327.24	49	-6.67178e+06	50.8739	0.944778	935	1.27008	5.29277
1151	1331.62	49	-6.67306e+06	51.4157	0.944195	914	1.26936	5.34868
1152	1292.34	49	-6.67115e+06	52.1793	0.943097	914	1.27032	5.37631
1153	874.6	57	-6.67202e+06	51.8401	0.943605	900	1.27032	5.36506
1154	891.633	58	-6.6745e+06	50.8592	0.941467	901	1.26967	5.25006
1155	903.738	58	-6.67171e+06	51.32	0.942756	926	1.26919	5.25178
1156	904.882	58	-6.67146e+06	52.2447	0.943253	900	1.2682	5.33129
1157	900.224	58	-6.67124e+06	52.416	0.943345	907	1.26861	5.41477
1158	1093.13	47	-6.67141e+06	50.6299	0.94165	922	1.26977	5.34738
1159	1321.69	49	-6.67233e+06	51.25	0.94234	938	1.27029	5.43027
1160	1344.4	49	-6.67325e+06	49.5881	0.940155	926	1.26956	5.34931
1161	1348.46	49	-6.67209e+06	50.9443	0.939727	913	1.26845	5.37143
1162	382.827	48	-6.66995e+06	50.9495	0.941019	892	1.26959	5.35897
1163	308.212	26	-6.67214e+06	50.3038	0.942374	897	1.27023	5.29418
1164	884.545	58	-6.67262e+06	51.5545	0.94437	896	1.26917	5.31297
1165	876.063	58	-6.67367e+06	52.1834	0.942714	893	1.27032	5.26193
1166	885.266	58	-6.67255e+06	53.2278	0.944783	904	1.27009	5.2215
1167	899.772	57	-6.6722e+06	51.2364	0.9431	923	1.26995	5.20476
1168	874.965	57	-6.67266e+06	51.1748	0.942071	928	1.27093	5.22154
1169	1081.13	47	-6.67261e+06	50.9082	0.940119	911	1.2717	5.26321
1170	1364.51	49	-6.67087e+06	51.8613	0.938334	940	1.27095	5.3632
1171	1346.3	49	-6.67169e+06	51.8597	0.938596	947	1.27058	5.17029
1172	1323	49	-6.66956e+06	51.0754	0.938089	942	1.2692	5.29546
1173	1054.61	63	-6.66887e+06	51.0653	0.936088	932	1.27019	5.12555
1174	890.825	56	-6.67105e+06	51.7406	0.936757	955	1.27022	5.10802
1175	887.018	57	-6.67122e+06	51.681	0.937496	950	1.2712	5.34111
1176	872.988	56	-6.67467e+06	51.9528	0.936204	937	1.27193	5.3635
1177	880.741	57	-6.67174e+06	59.1891	0.936378	943	1.27095	5.16782
1178	917.182	58	-6.67139e+06	54.6915	0.937489	949	1.26948	5.1229
1179	1254.67	45	-6.67243e+06	54.844	0.936773	919	1.26933	5.29365
1180	1319.73	49	-6.67124e+06	55.7829	0.93589	936	1.26792	5.30729
1181	1352.65	48	-6.67157e+06	55.8467	0.936104	951	1.26997	5.36896
1182	1324.3	46	-6.67149e+06	53.5526	0.937541	946	1.2706	5.21751
1183	948.704	59	-6.67346e+06	53.1894	0.938067	943	1.27169	5.28026
1184	912.753	58	-6.67033e+06	53.6059	0.939394	954	1.26921	5.19441
1185	907.627	56	-6.67139e+06	52.4336	0.940344	970	1.27091	5.17951
1186	887.628	56	-6.67141e+06	52.1675	0.940283	943	1.27127	5.26511
1187	841.358	61	-6.66882e+06	51.5404	0.942169	953	1.26734	5.14104
1188	977.955	50	-6.67207e+06	53.9424	0.941682	942	1.26873	5.26266
1189	1379.69	49	-6.67285e+06	54.4971	0.941149	938	1.27076	5.33139
1190	1352.4	48	-6.67068e+06	53.5097	0.940762	961	1.26825	5.4139
1191	1373.28	48	-6.67076e+06	52.4939	0.942036	936	1.26975	5.3368
1192	1117.38	60	-6.67293e+06	50.8147	0.943078	943	1.27046	5.24625
1193	918.119	57	-6.67028e+06	51.8875	0.944214	943	1.26806	5.25258
1194	927.236	58	-6.66933e+06	51.619	0.944985	950	1.26932	5.25009
1195	903.358	56	-6.66958e+06	51.4279	0.943526	965	1.26999	5.22421
1196	917.406	57	-6.67019e+06	51.4215	0.941903	970	1.26919	5.24547
1197	908.764	57	-6.67332e+06	50.5274	0.94177	946	1.2701	5.09979
1198	1300.63	46	-6.67095e+06	51.1259	0.943841	957	1.26981	5.15125
1199	1357.05	48	-6.67038e+06	49.6623	0.944253	1003	1.26897	5.23972
1200	522.27	58	-6.66916e+06	49.0889	0.945374	968	1.26857	5.13367
1201	1038.48	33	-6.6691e+06	54.3384	0.94557	976	1.26923	5.2159
1202	1250.61	52	-6.66951e+06	54.8201	0.942771	987	1.26829	5.13849
1203	484.272	57	-6.67331e+06	50.0315	0.943711	963	1.27066	5.2164
1204	656.294	39	-6.67199e+06	49.1013	0.944821	974	1.2703	5.18063
1205	914.429	57	-6.67233e+06	52.1875	0.943196	973	1.26988	5.15334
1206	905.877	56	-6.67167e+06	50.6571	0.942563	944	1.26789	5.25171
1207	910.357	57	-6.6728e+06	50.8281	0.943425	947	1.27062	5.22315
1208	930.298	58	-6.67203e+06	51.4024	0.944444	938	1.26985	5.22113
1209	1295.42	45	-6.67081e+06	49.9988	0.944311	920	1.26921	5.30744
1210	1375.89	50	-6.67172e+06	54.509	0.945283	919	1.26935	5.45732
1211	1381.13	49	-6.67227e+06	52.7479	0.943579	942	1.2708	5.29674
1212	1306.78	50	-6.67384e+06	50.4261	0.944189	937	1.27208	5.38721
1213	504.829	60	-6.6724e+06	52.3981	0.944026	966	1.26822	5.22093
1214	924.571	57	-6.67206e+06	51.5972	0.946283	948	1.27074	5.22768
1215	903.589	57	-6.67277e+06	51.119	0.946798	944	1.26978	5.26189
1216	917.194	57	-6.67444e+06	53.3487	0.947821	957	1.26988	5.45238
1217	952.768	58	-6.67164e+06	52.8199	0.946048	947	1.26864	5.3803
1218	994.347	54	-6.67404e+06	51.0724	0.944511	967	1.27144	5.17973
1219	1397.02	50	-6.67409e+06	50.764	0.942372	939	1.2703	5.24899
1220	1402.28	50	-6.6736e+06	52.1217	0.941475	948	1.27088	5.27262
1221	1394.19	50	-6.67458e+06	52.772	0.942577	923	1.27189	5.25794
1222	1064.25	57	-6.67186e+06	52.7948	0.941234	939	1.26892	5.27487
1223	934.042	58	-6.67043e+06	50.6988	0.94262	923	1.26892	5.07203
1224	947.066	59	-6.67153e+06	50.7538	0.942112	923	1.26981	5.1576
1225	954.351	60	-6.67243e+06	50.1898	0.941104	947	1.26842	5.23082
1226	934.028	59	-6.6716e+06	53.6309	0.941291	943	1.26857	5.25938
1227	923.763	58	-6.67021e+06	52.245	0.941793	931	1.26921	5.18034
1228	1340.92	49	-6.67324e+06	51.7795	0.943518	922	1.27278	5.27029
1229	1377.39	50	-6.6735e+06	51.6445	0.945643	908	1.27004	5.23736
1230	1369.29	49	-6.67124e+06	51.0264	0.945949	912	1.27024	5.29469
1231	1306.89	53	-6.66929e+06	51.4515	0.944142	932	1.26917	5.37445
1232	595.585	65	-6.673e+06	52.4001	0.944464	912	1.27166	5.21775
1233	283.774	27	-6.67081e+06	52.2755	0.945523	928	1.26958	5.3305
1234	635.273	39	-6.67181e+06	50.8662	0.948208	934	1.26879	5.21398
1235	940.561	58	-6.67254e+06	53.8251	0.946595	921	1.26975	5.28124
1236	974.453	60	-6.67158e+06	52.084	0.945947	927	1.26782	5.35115
1237	950.246	59	-6.67197e+06	54.4403	0.944399	894	1.26848	5.44318
1238	1182.2	47	-6.67005e+06	55.2058	0.942211	884	1.26866	5.43142
1239	1363.27	50	-6.67152e+06	54.7854	0.941698	914	1.26933	5.37954
1240	329.029	39	-6.67118e+06	52.8139	0.941283	906	1.27026	5.35938
1241	1234.71	44	-6.67203e+06	52.9756	0.941817	910	1.26981	5.39019
1242	1392.56	50	-6.67309e+06	52.5726	0.93943	911	1.26962	5.3283
1243	990.045	61	-6.67237e+06	52.1955	0.93829	886	1.27017	5.25702
1244	915.622	58	-6.67223e+06	52.1977	0.940715	906	1.27045	5.27271
1245	912.994	58	-6.67131e+06	52.5148	0.940156	891	1.26913	5.30999
1246	498.629	60	-6.67225e+06	51.9523	0.939322	908	1.27093	5.21849
1247	666.146	42	-6.6726e+06	54.093	0.939322	921	1.27005	5.23277
1248	937.109	59	-6.67029e+06	54.9634	0.939449	921	1.2686	5.37891
1249	1286.41	46	-6.67035e+06	55.1024	0.937504	926	1.26911	5.17122
1250	1380.06	50	-6.67223e+06	55.0206	0.942367	926	1.27222	5.25646
1251	1357.73	49	-6.67361e+06	57.0538	0.941153	931	1.27172	5.25306
1252	1343.87	49	-6.67187e+06	54.9247	0.941291	926	1.271	5.34111
1253	962.358	60	-6.67329e+06	52.2662	0.940206	909	1.27118	5.30548
1254	953.866	60	-6.67431e+06	52.417	0.941739	909	1.27118	5.25666
1255	974.977	60	-6.67133e+06	51.3723	0.939651	906	1.26983	5.40959
1256	980.969	60	-6.67116e+06	52.3089	0.941259	898	1.2699	5.23354
1257	951.401	59	-6.67046e+06	51.8023	0.942931	915	1.26961	5.44407
1258	1242.37	43	-6.67193e+06	53.4932	0.943381	915	1.27082	5.36355
1259	1391.08	51	-6.67125e+06	51.0157	0.94096	921	1.26987	5.34957
1260	1388.14	50	-6.67101e+06	50.5847	0.942902	916	1.2704	5.39253
1261	1405	51	-6.67168e+06	51.4846	0.94208	913	1.26925	5.36636
1262	995.697	61	-6.67466e+06	50.0056	0.942881	922	1.27068	5.35025
1263	928.776	58	-6.67183e+06	50.416	0.943504	910	1.26829	5.18944
1264	955.794	59	-6.67151e+06	52.1645	0.944655	936	1.26981	5.42782
1265	943.132	59	-6.67101e+06	52.0221	0.946529	937	1.27011	5.28248
1266	910.404	57	-6.67358e+06	50.0173	0.945301	923	1.27114	5.44929
1267	1227.14	45	-6.67359e+06	50.1729	0.94503	923	1.27118	5.39641
1268	1383.27	51	-6.67104e+06	53.1967	0.944935	925	1.26859	5.32441
1269	1413.42	51	-6.67473e+06	51.3787	0.943219	899	1.27218	5.33796
1270	321.741	37	-6.67301e+06	52.7079	0.944792	925	1.26883	5.33624
1271	485.005	17	-6.67476e+06	52.6883	0.943068	910	1.26944	5.20268
1272	1139.86	61	-6.67355e+06	54.3637	0.944172	900	1.27084	5.3287
1273	921.965	58	-6.67404e+06	55.7163	0.94321	922	1.27122	5.28783
1274	948.507	59	-6.67437e+06	50.1036	0.943079	894	1.26995	5.44662
1275	948.186	60	-6.67334e+06	49.2634	0.945638	905	1.26969	5.40441
1276	956.118	59	-6.6745e+06	50.3712	0.945103	910	1.2708	5.49793
1277	932.434	58	-6.67394e+06	51.2212	0.945387	922	1.26968	5.39946
1278	1343.25	49	-6.67389e+06	51.5537	0.947129	907	1.26962	5.41316
1279	1378.58	52	-6.67239e+06	51.0899	0.945816	912	1.26749	5.41794
1280	1389.78	50	-6.67156e+06	53.3965	0.948006	912	1.26897	5.42347
1281	1219.55	58	-6.67602e+06	52.4531	0.948011	926	1.27023	5.34844
1282	656.123	40	-6.67517e+06	51.4088	0.947847	903	1.27137	5.38737
1283	967.852	59	-6.67163e+06	50.2736	0.949321	894	1.26768	5.35674
1284	953.29	59	-6.67099e+06	51.9133	0.948955	919	1.26785	5.34328
1285	1216.73	46	-6.66982e+06	51.8898	0.948814	925	1.26751	5.21811
1286	2770.36	55	-6.67066e+06	51.5051	0.948814	911	1.26887	5.21969
1287	3081.56	59	-6.67231e+06	50.9216	0.947532	909	1.26948	5.31805
1288	2416.25	71	-6.67083e+06	51.4551	0.94788	901	1.26769	5.19694
1289	2270.36	69	-6.66981e+06	51.5005	0.947791	898	1.26844	5.27146
1290	2842.89	57	-6.6712e+06	50.8395	0.947423	913	1.26816	5.18713
1291	2643.93	73	-6.67163e+06	51.6568	0.948921	893	1.26793	5.19424
1292	1429.3	63	-6.67148e+06	52.3813	0.946691	906	1.26801	5.28826
1293	1577.55	66	-6.67163e+06	49.8452	0.946691	915	1.26847	5.32503
1294	1135.78	54	-6.67389e+06	50.6809	0.945883	897	1.27034	5.26429
1295	1614.56	66	-6.67289e+06	50.0884	0.944378	910	1.2699	5.3173
1296	2162.46	59	-6.67111e+06	50.4182	0.9444	925	1.27083	5.30318
1297	735.795	72	-6.67313e+06	50.7279	0.943973	898	1.2696	5.45607
1298	1307.82	32	-6.67452e+06	50.9528	0.943202	901	1.27081	5.32438
1299	1772.17	70	-6.67463e+06	49.4573	0.943857	881	1.2714	5.35372
1300	1610.58	67	-6.67232e+06	51.3816	0.944574	895	1.27058	5.4295
1301	1543.9	65	-6.6724e+06	50.7905	0.943722	897	1.27084	5.45965
1302	1824.88	54	-6.67377e+06	50.6605	0.941527	895	1.27127	5.26015
1303	2150.34	59	-6.67111e+06	50.291	0.94113	887	1.26969	5.25223
1304	1665.39	48	-6.67218e+06	51.5752	0.941327	912	1.27023	5.23451
1305	1699.35	68	-6.6743e+06	53.8839	0.94033	892	1.27132	5.29887
1306	1083.1	64	-6.67263e+06	54.7161	0.939749	888	1.2683	5.22186
1307	959.695	59	-6.67259e+06	55.4609	0.941846	911	1.27008	5.28927
1308	894.884	75	-6.6735e+06	48.5868	0.945241	897	1.26964	5.24031
1309	1157.96	57	-6.67213e+06	50.0641	0.9436	897	1.26942	5.34775
1310	1667.24	55	-6.67139e+06	49.6807	0.945518	909	1.27051	5.35306
1311	1419.44	64	-6.67046e+06	51.9525	0.945479	911	1.27019	5.28637
1312	929.201	19	-6.67221e+06	51.0566	0.94407	909	1.26978	5.24593
1313	1380.32	68	-6.67169e+06	52.6379	0.943343	909	1.27095	5.37232
1314	835.401	50	-6.67017e+06	52.1669	0.945525	904	1.2704	5.25244
1315	1144.46	62	-6.67207e+06	50.4397	0.944142	896	1.26958	5.26551
1316	1144.06	63	-6.67339e+06	55.5581	0.941011	908	1.27096	5.24147
1317	1123.17	62	-6.67678e+06	54.335	0.938907	887	1.27237	5.2412
1318	914.119	64	-6.67436e+06	55.3818	0.940361	927	1.27034	5.24479
1319	1641.73	54	-6.67212e+06	52.7901	0.942969	906	1.26824	5.25953
1320	1690.86	55	-6.671e+06	51.8286	0.945933	929	1.26938	5.22526
1321	1033.88	80	-6.67323e+06	50.7748	0.944465	908	1.26978	5.239
1322	305.26	36	-6.67146e+06	51.6952	0.944648	899	1.27096	5.35763
1323	565.365	23	-6.67091e+06	52.6615	0.943474	940	1.26817	5.24923
1324	625.25	31	-6.67187e+06	54.56	0.941712	948	1.26724	5.33675
1325	1132.27	62	-6.67175e+06	53.5588	0.942877	933	1.26956	5.39758
1326	1162.05	62	-6.67364e+06	51.6792	0.941478	924	1.27062	5.3993
1327	1121.46	62	-6.67272e+06	51.6724	0.941703	936	1.27067	5.27842
1328	1467.7	49	-6.67327e+06	51.8238	0.940376	907	1.27199	5.30148
1329	1023.9	44	-6.67307e+06	52.0369	0.94082	914	1.26993	5.36889
1330	1303.88	68	-6.67056e+06	51.6082	0.939734	917	1.26832	5.27105
1331	1289.82	42	-6.6723e+06	48.6646	0.94085	918	1.26823	5.3717
1332	1223.8	65	-6.67139e+06	49.6888	0.938293	909	1.26825	5.31947
1333	1078.44	63	-6.67277e+06	50.9108	0.938093	907	1.26983	5.20207
1334	455.189	18	-6.67407e+06	52.0973	0.938183	913	1.27143	5.13162
1335	1151.97	63	-6.67106e+06	51.5857	0.937438	903	1.26958	5.23642
1336	566.289	36	-6.67411e+06	52.8832	0.939179	898	1.27075	5.35475
1337	639.02	68	-6.67217e+06	51.8856	0.941035	905	1.27115	5.20789
1338	1403.3	46	-6.67507e+06	55.2418	0.940513	890	1.27211	5.36589
1339	1566.17	58	-6.67375e+06	53.9727	0.941098	924	1.27124	5.35455
1340	1087.82	31	-6.67127e+06	52.561	0.942918	891	1.26913	5.35795
1341	1633.91	56	-6.67285e+06	53.6231	0.943696	881	1.27107	5.33985
1342	1187.59	64	-6.6734e+06	50.0756	0.946106	887	1.27059	5.38088
1343	1138.1	62	-6.67041e+06	49.8148	0.942418	914	1.26901	5.28298
1344	1059.12	59	-6.672e+06	49.8386	0.944492	910	1.2702	5.22682
1345	1134.23	62	-6.6729e+06	48.9146	0.943526	907	1.27034	5.38026
1346	1387.24	45	-6.67322e+06	47.6954	0.943541	930	1.27108	5.338
1347	520.643	59	-6.67169e+06	48.0108	0.941878	925	1.26966	5.23852
1348	1605.2	52	-6.67419e+06	48.6238	0.942478	909	1.27238	5.30256
1349	1543.49	53	-6.67333e+06	52.1531	0.946043	907	1.27217	5.32736
1350	1092.86	63	-6.67164e+06	51.5939	0.945242	924	1.26895	5.33979
1351	956.595	59	-6.67238e+06	50.7274	0.946447	908	1.27174	5.26845
1352	971.527	60	-6.67191e+06	49.3817	0.946976	904	1.27099	5.18127
1353	970.128	60	-6.67109e+06	48.8667	0.946578	904	1.27022	5.21305
1354	992.622	60	-6.67182e+06	50.3753	0.948691	900	1.27011	5.28431
1355	1174.96	51	-6.67293e+06	50.6928	0.948291	901	1.2714	5.28306
1356	1454.42	53	-6.67488e+06	48.7513	0.947177	886	1.27105	5.35697
1357	1434.64	52	-6.6758e+06	48.7852	0.947351	897	1.26965	5.39895
1358	1404.96	51	-6.67204e+06	50.9279	0.948015	907	1.2689	5.44887
1359	1097.88	64	-6.67372e+06	51.2272	0.950449	905	1.27059	5.41159
1360	973.881	59	-6.6724e+06	51.487	0.951048	919	1.26849	5.29702
1361	998.094	60	-6.67167e+06	51.7945	0.950273	913	1.26997	5.40471
1362	1014.68	61	-6.67365e+06	54.7185	0.949667	911	1.2707	5.36084
1363	986.682	59	-6.67266e+06	55.9145	0.949575	931	1.26919	5.31654
1364	1324.41	46	-6.67221e+06	50.6092	0.949774	921	1.27017	5.31351
1365	1468.58	52	-6.67182e+06	51.4513	0.948206	910	1.26871	5.37105
1366	1438.98	52	-6.67306e+06	53.112	0.94763	899	1.27095	5.34593
1367	1402.15	55	-6.67023e+06	51.1735	0.947696	917	1.26777	5.31679
1368	1002.67	61	-6.67258e+06	51.1207	0.948949	899	1.26996	5.33807
1369	1005.47	61	-6.67339e+06	52.0888	0.94748	928	1.26984	5.40075
1370	1003.5	60	-6.67325e+06	51.6782	0.947461	897	1.26926	5.39585
1371	974.2	59	-6.67103e+06	51.8598	0.946795	893	1.2685	5.39425
1372	969.878	59	-6.67156e+06	51.5004	0.946456	896	1.26939	5.37644
1373	1407.9	50	-6.6695e+06	50.756	0.945871	923	1.26903	5.27281
1374	1432.53	51	-6.67197e+06	51.7531	0.945292	913	1.27073	5.31098
1375	1446.12	52	-6.67371e+06	51.6642	0.944241	892	1.27138	5.40856
1376	1218.79	62	-6.67342e+06	53.052	0.944344	904	1.27018	5.23208
1377	1013.15	61	-6.673e+06	50.6378	0.948984	909	1.27032	5.39403
1378	991.677	60	-6.67163e+06	50.315	0.950357	905	1.26937	5.4233
1379	975.113	59	-6.67086e+06	49.2623	0.949627	919	1.26945	5.34817
1380	958.085	58	-6.67078e+06	47.8574	0.949329	936	1.26942	5.40224
1381	1128.46	54	-6.66962e+06	48.1871	0.949325	936	1.26993	5.37765
1382	1459.02	51	-6.66873e+06	54.7273	0.950714	926	1.26667	5.37389
1383	1466.53	51	-6.67115e+06	54.4136	0.950717	929	1.27011	5.1533
1384	1477.05	52	-6.67311e+06	50.7557	0.950604	928	1.26851	5.36415
1385	1106.22	63	-6.67298e+06	50.6338	0.949554	939	1.26849	5.30136
1386	1005.94	59	-6.6728e+06	49.847	0.948189	942	1.27121	5.43753
1387	1033.05	61	-6.67289e+06	53.0277	0.947376	937	1.26956	5.34745
1388	1010.45	60	-6.66994e+06	56.015	0.94839	931	1.26878	5.42703
1389	994.966	60	-6.67014e+06	49.3415	0.947558	914	1.26819	5.41005
1390	1343.07	47	-6.67201e+06	51.5474	0.94911	909	1.26802	5.55991
1391	1482.81	52	-6.67212e+06	51.8845	0.948853	910	1.2692	5.37496
1392	1628.64	54	-6.67349e+06	51.9133	0.949186	905	1.26991	5.36766
1393	1395.24	63	-6.67233e+06	51.9439	0.948316	893	1.26982	5.43763
1394	1099.39	63	-6.67208e+06	52.3141	0.950214	914	1.26732	5.3726
1395	1117.45	62	-6.67419e+06	53.0639	0.947537	918	1.26992	5.35754
1396	1103.84	62	-6.67261e+06	53.1723	0.945382	895	1.2683	5.36723
1397	1103.38	62	-6.67353e+06	51.608	0.94392	902	1.26954	5.35496
1398	1494.81	49	-6.67459e+06	50.8606	0.9449	935	1.27168	5.40327
1399	1542.32	53	-6.67643e+06	50.7845	0.944663	927	1.27174	5.45181
1400	1605.82	54	-6.67549e+06	51.369	0.942776	934	1.27027	5.37607
1401	1328.37	68	-6.67593e+06	50.7159	0.944336	908	1.27169	5.34086
1402	1127.55	62	-6.67473e+06	51.1593	0.944336	926	1.27084	5.40099
1403	1116.17	61	-6.67418e+06	51.0861	0.945734	927	1.2698	5.39297
1404	1113.06	61	-6.67323e+06	52.6775	0.946339	913	1.268	5.45247
1405	1114.54	62	-6.67269e+06	51.3775	0.947659	899	1.26895	5.51318
